#
# A fatal error has been detected by the Java Runtime Environment:
#
#  SIGBUS (0xa) at pc=0x000000010b601ade, pid=60764, tid=14339
#
# JRE version: Java(TM) SE Runtime Environment (16.0.2+7) (build 16.0.2+7-67)
# Java VM: Java HotSpot(TM) 64-Bit Server VM (16.0.2+7-67, mixed mode, sharing, tiered, compressed oops, compressed class ptrs, g1 gc, bsd-amd64)
# Problematic frame:
# V  [libjvm.dylib+0x33fade]  _ZN12ConstantPool21impl_signature_ref_atEib+0x1e
#
# No core dump will be written. Core dumps have been disabled. To enable core dumping, try "ulimit -c unlimited" before starting Java again
#
# If you would like to submit a bug report, please visit:
#   https://bugreport.java.com/bugreport/crash.jsp
#

---------------  S U M M A R Y ------------

Command Line: -XX:+ShowCodeDetailsInExceptionMessages -agentlib:jdwp=transport=dt_socket,suspend=y,address=localhost:56313 -ea -javaagent:/Users/claudiagusti/eclipse/java-2021-06/Eclipse.app/Contents/Eclipse/configuration/org.eclipse.osgi/213/0/.cp/lib/javaagent-shaded.jar -Dfile.encoding=UTF-8 org.eclipse.jdt.internal.junit.runner.RemoteTestRunner -version 3 -port 56312 -testLoaderClass org.eclipse.jdt.internal.junit5.runner.JUnit5TestLoader -loaderpluginname org.eclipse.jdt.junit5.runtime -classNames test.csp.CSPTests

Host: MacBookPro16,1 x86_64 2300 MHz, 16 cores, 32G, Darwin 21.3.0, macOS 10.16 (21D62)
Time: Thu May  5 17:42:48 2022 PDT elapsed time: 723.432401 seconds (0d 0h 12m 3s)

---------------  T H R E A D  ---------------

Current thread (0x00007f99eef1b350):  VMThread "VM Thread" [stack: 0x0000700002918000,0x0000700002a18000] [id=14339]

Stack: [0x0000700002918000,0x0000700002a18000],  sp=0x0000700002a160f0,  free space=1016k
Native frames: (J=compiled Java code, A=aot compiled Java code, j=interpreted, Vv=VM code, C=native code)
V  [libjvm.dylib+0x33fade]  _ZN12ConstantPool21impl_signature_ref_atEib+0x1e
V  [libjvm.dylib+0x489ee0]  _ZN14GenerateOopMap9do_methodEiiii+0x40
V  [libjvm.dylib+0x484a9f]  _ZN14GenerateOopMap9interp_bbEP10BasicBlock+0xdf
V  [libjvm.dylib+0x484259]  _ZN14GenerateOopMap17do_interpretationEv+0x99
V  [libjvm.dylib+0x48ad76]  _ZN14GenerateOopMap11compute_mapEP6Thread+0x1f6
V  [libjvm.dylib+0x88436a]  _ZN19OopMapForCacheEntry11compute_mapEP6Thread+0x5a
V  [libjvm.dylib+0x88518f]  _ZN16OopMapCacheEntry4fillERK12methodHandlei+0xcf
V  [libjvm.dylib+0x8863db]  _ZN11OopMapCache19compute_one_oop_mapERK12methodHandleiP17InterpreterOopMap+0x6b
V  [libjvm.dylib+0x833436]  _ZN6Method8mask_forEiP17InterpreterOopMap+0x96
V  [libjvm.dylib+0xa6d40d]  _ZNK17interpretedVFrame10stack_dataEb+0x4d
V  [libjvm.dylib+0x6daba3]  _ZN16VM_GetOrSetLocal4doitEv+0x173
V  [libjvm.dylib+0xa80c16]  _ZN12VM_Operation8evaluateEv+0xd6
V  [libjvm.dylib+0xa85ed6]  _ZN8VMThread18evaluate_operationEP12VM_Operation+0x136
V  [libjvm.dylib+0xa866a4]  _ZN8VMThread13inner_executeEP12VM_Operation+0x194
V  [libjvm.dylib+0xa85b3c]  _ZN8VMThread3runEv+0xbc
V  [libjvm.dylib+0xa01d11]  _ZN6Thread8call_runEv+0x71
V  [libjvm.dylib+0x890937]  _ZL19thread_native_entryP6Thread+0x157
C  [libsystem_pthread.dylib+0x64f4]  _pthread_start+0x7d
C  [libsystem_pthread.dylib+0x200f]  thread_start+0xf


siginfo: si_signo: 10 (SIGBUS), si_code: 2 (BUS_ADRERR), si_addr: 0x00000001373b5eb0

Register to memory mapping:

RAX=0x00000001372219c8 is pointing into metadata
RBX=0x0000700002a16598 points into unknown readable memory: 0x00007f99ef2602d0 | d0 02 26 ef 99 7f 00 00
RCX=0x00000000001944c0 is an unknown value
RDX=0x0 is NULL
RSP=0x0000700002a160f0 points into unknown readable memory: 0x0000700002a16580 | 80 65 a1 02 00 70 00 00
RBP=0x0000700002a160f0 points into unknown readable memory: 0x0000700002a16580 | 80 65 a1 02 00 70 00 00
RSI=0x000000000000ca26 is an unknown value
RDI=0x0000000137220000 is pointing into metadata
R8 =0x0000000000000097 is an unknown value
R9 =0x00007f99ef260340 points into unknown readable memory: 0x0000000003034700 | 00 47 03 03 00 00 00 00
R10=0x0000000000000008 is an unknown value
R11=0xfffffffffffffeac is an unknown value
R12=0x0000700002a16720 points into unknown readable memory: 0x000000010bf07068 | 68 70 f0 0b 01 00 00 00
R13=0x0 is NULL
R14=0x0 is NULL
R15=0x0000000000000097 is an unknown value


Registers:
RAX=0x00000001372219c8, RBX=0x0000700002a16598, RCX=0x00000000001944c0, RDX=0x0000000000000000
RSP=0x0000700002a160f0, RBP=0x0000700002a160f0, RSI=0x000000000000ca26, RDI=0x0000000137220000
R8 =0x0000000000000097, R9 =0x00007f99ef260340, R10=0x0000000000000008, R11=0xfffffffffffffeac
R12=0x0000700002a16720, R13=0x0000000000000000, R14=0x0000000000000000, R15=0x0000000000000097
RIP=0x000000010b601ade, EFLAGS=0x0000000000010206, ERR=0x0000000000000004
  TRAPNO=0x000000000000000e

Top of Stack: (sp=0x0000700002a160f0)
0x0000700002a160f0:   0000700002a16580 000000010b74bee0
0x0000700002a16100:   000000061e5f8b90 0000000800417208
0x0000700002a16110:   0000000600000004 0000000000000000
0x0000700002a16120:   0000700002a16130 0000000100000001
0x0000700002a16130:   000070004fffffff 000000010bc090d3
0x0000700002a16140:   0000700002a161d8 0000700002a161d8
0x0000700002a16150:   0000700002a161c0 000000010b74dba1
0x0000700002a16160:   0000700002a161c0 00000008004171f8
0x0000700002a16170:   0000000300000002 0000000000000003
0x0000700002a16180:   000000030000000e 0000000800411068
0x0000700002a16190:   000000000000000b 0000000009fffff7
0x0000700002a161a0:   0000700002a16720 0000000000000000
0x0000700002a161b0:   000000010bddc4ca 000000010be36e20
0x0000700002a161c0:   0000700002a16650 000000010b74c0cd
0x0000700002a161d0:   000000060000000e 00000008004171f8
0x0000700002a161e0:   000070000000000e 0000000000000000
0x0000700002a161f0:   0000700002a16200 0000000100000001
0x0000700002a16200:   000070004fffffff 0000700002a16298
0x0000700002a16210:   0000700002a16280 000000010b74dba1
0x0000700002a16220:   0000700002a16280 00000008004171f8
0x0000700002a16230:   0000000300000002 0000000000000003
0x0000700002a16240:   000000030000000e 0000000800411068
0x0000700002a16250:   000000000000000b 0000000009fffff7
0x0000700002a16260:   0000700002a167e0 0000000000000000
0x0000700002a16270:   000000010bddc4ca 000000010be36e20
0x0000700002a16280:   0000700002a16710 000000010b74c0cd
0x0000700002a16290:   000000061e60c550 00000008004171f8
0x0000700002a162a0:   000000060000000e 0000000000000000
0x0000700002a162b0:   0000700002a162c0 0000000600000001
0x0000700002a162c0:   000000064fffffff 000000061e607098
0x0000700002a162d0:   000000061e60c040 000000061e60bf80
0x0000700002a162e0:   000000061e60bdb8 000000061e60bd48 

Instructions: (pc=0x000000010b601ade)
0x000000010b6019de:   48 8b 54 08 30 48 85 d2 74 15 48 83 c0 28 48 8b
0x000000010b6019ee:   44 08 18 c1 e8 19 83 e0 01 5d c3 31 c0 5d c3 31
0x000000010b6019fe:   c0 5d c3 66 2e 0f 1f 84 00 00 00 00 00 0f 1f 44
0x000000010b601a0e:   00 00 55 48 89 e5 85 d2 75 20 48 8b 47 10 48 85
0x000000010b601a1e:   c0 74 17 85 f6 79 02 f7 d6 48 63 ce 48 c1 e1 05
0x000000010b601a2e:   48 8b 44 08 28 0f b7 c0 eb 16 48 8b 4f 08 48 63
0x000000010b601a3e:   c6 8a 4c 01 04 8d 51 ef 80 fa 02 72 03 80 f9 6a
0x000000010b601a4e:   48 8d 44 c7 48 48 83 c7 48 8b 00 48 c1 e8 0d 25
0x000000010b601a5e:   f8 ff 07 00 0f b7 04 07 48 8b 04 c7 5d c3 0f 1f
0x000000010b601a6e:   40 00 55 48 89 e5 48 63 c6 0f b7 44 c7 48 5d c3
0x000000010b601a7e:   66 90 55 48 89 e5 85 d2 75 25 48 8b 47 10 48 85
0x000000010b601a8e:   c0 74 1c 85 f6 79 02 f7 d6 48 63 ce 48 c1 e1 05
0x000000010b601a9e:   48 8b 44 08 28 0f b7 c0 0f b7 44 c7 4a 5d c3 48
0x000000010b601aae:   8b 4f 08 48 63 c6 8a 4c 01 04 0f b7 44 c7 4a 5d
0x000000010b601abe:   c3 90 55 48 89 e5 85 d2 75 20 48 8b 47 10 48 85
0x000000010b601ace:   c0 74 17 85 f6 79 02 f7 d6 48 63 ce 48 c1 e1 05
0x000000010b601ade:   48 8b 44 08 28 0f b7 c0 eb 16 48 8b 4f 08 48 63
0x000000010b601aee:   c6 8a 4c 01 04 8d 51 ef 80 fa 02 72 03 80 f9 6a
0x000000010b601afe:   48 8d 44 c7 48 48 83 c7 48 8b 00 48 c1 e8 0d 25
0x000000010b601b0e:   f8 ff 07 00 8b 04 07 48 c1 e8 0d 25 f8 ff 07 00
0x000000010b601b1e:   48 8b 04 07 5d c3 66 2e 0f 1f 84 00 00 00 00 00
0x000000010b601b2e:   66 90 55 48 89 e5 48 63 c6 0f b7 44 c7 4a 5d c3
0x000000010b601b3e:   66 90 55 48 89 e5 48 8b 47 10 48 63 ce 48 c1 e1
0x000000010b601b4e:   05 48 8b 44 08 28 0f b7 c0 5d c3 0f 1f 80 00 00
0x000000010b601b5e:   00 00 55 48 89 e5 85 d2 75 1e 48 8b 47 10 48 85
0x000000010b601b6e:   c0 74 15 85 f6 79 02 f7 d6 48 63 ce 48 c1 e1 05
0x000000010b601b7e:   48 8b 44 08 28 0f b7 f0 48 8b 47 08 48 63 ce 8a
0x000000010b601b8e:   44 08 04 5d c3 66 2e 0f 1f 84 00 00 00 00 00 0f
0x000000010b601b9e:   1f 00 55 48 89 e5 41 57 41 56 53 50 41 89 d7 89
0x000000010b601bae:   f3 49 89 fe 85 f6 78 1f 45 84 ff 75 45 49 8b 46
0x000000010b601bbe:   10 48 85 c0 74 3c 48 63 cb 48 c1 e1 05 48 8b 44
0x000000010b601bce:   08 28 0f b7 d8 eb 2b 48 8d 3d e6 95 7c 00 48 8d 


Stack slot to memory mapping:
stack at sp + 0 slots: 0x0000700002a16580 points into unknown readable memory: 0x0000700002a165f0 | f0 65 a1 02 00 70 00 00
stack at sp + 1 slots: 0x000000010b74bee0: _ZN14GenerateOopMap9do_methodEiiii+0x40 in /Library/Java/JavaVirtualMachines/jdk-16.0.2.jdk/Contents/Home/lib/server/libjvm.dylib at 0x000000010b2c2000
stack at sp + 2 slots: 0x000000061e5f8b90 is an oop: java.lang.Class 
{0x000000061e5f8b90} - klass: 'java/lang/Class'
stack at sp + 3 slots: 0x0000000800417208 is pointing into metadata
stack at sp + 4 slots: 0x0000000600000004 points into unknown readable memory: 00 00 00 00
stack at sp + 5 slots: 0x0 is NULL
stack at sp + 6 slots: 0x0000700002a16130 points into unknown readable memory: 0x000070004fffffff | ff ff ff 4f 00 70 00 00
stack at sp + 7 slots: 0x0000000100000001 is an unknown value

VM_Operation (0x000070000353baa8): get/set locals, mode: safepoint, requested by thread 0x00007f99ef127800


---------------  P R O C E S S  ---------------

Threads class SMR info:
_java_thread_list=0x0000600000f4dd40, length=16, elements={
0x00007f99ef00d800, 0x00007f99ef124400, 0x00007f99ef126c00, 0x00007f99ef809400,
0x00007f99ef80fc00, 0x00007f99bf00f200, 0x00007f99bf80a400, 0x00007f99bf00f800,
0x00007f99bf009c00, 0x00007f99bf014a00, 0x00007f99ef127800, 0x00007f99ef810200,
0x00007f99ef127e00, 0x00007f99ef812000, 0x00007f999f824200, 0x00007f99bf118800
}

Java Threads: ( => current thread )
  0x00007f99ef00d800 JavaThread "main" [_thread_blocked, id=6659, stack(0x0000700002306000,0x0000700002406000)]
  0x00007f99ef124400 JavaThread "Reference Handler" daemon [_thread_blocked, id=14851, stack(0x0000700002a1b000,0x0000700002b1b000)]
  0x00007f99ef126c00 JavaThread "Finalizer" daemon [_thread_blocked, id=16643, stack(0x0000700002b1e000,0x0000700002c1e000)]
  0x00007f99ef809400 JavaThread "Signal Dispatcher" daemon [_thread_blocked, id=42755, stack(0x0000700002d27000,0x0000700002e27000)]
  0x00007f99ef80fc00 JavaThread "Service Thread" daemon [_thread_blocked, id=42243, stack(0x0000700002e2a000,0x0000700002f2a000)]
  0x00007f99bf00f200 JavaThread "Monitor Deflation Thread" daemon [_thread_blocked, id=22787, stack(0x0000700002f2d000,0x000070000302d000)]
  0x00007f99bf80a400 JavaThread "C2 CompilerThread0" daemon [_thread_blocked, id=23043, stack(0x0000700003030000,0x0000700003130000)]
  0x00007f99bf00f800 JavaThread "C1 CompilerThread0" daemon [_thread_blocked, id=41731, stack(0x0000700003133000,0x0000700003233000)]
  0x00007f99bf009c00 JavaThread "Sweeper thread" daemon [_thread_blocked, id=23555, stack(0x0000700003236000,0x0000700003336000)]
  0x00007f99bf014a00 JavaThread "Common-Cleaner" daemon [_thread_blocked, id=24067, stack(0x0000700003339000,0x0000700003439000)]
  0x00007f99ef127800 JavaThread "JDWP Transport Listener: dt_socket" daemon [_thread_blocked, id=24583, stack(0x000070000343c000,0x000070000353c000)]
  0x00007f99ef810200 JavaThread "JDWP Event Helper Thread" daemon [_thread_blocked, id=40963, stack(0x000070000353f000,0x000070000363f000)]
  0x00007f99ef127e00 JavaThread "JDWP Command Reader" daemon [_thread_in_native, id=40707, stack(0x0000700003642000,0x0000700003742000)]
  0x00007f99ef812000 JavaThread "Notification Thread" daemon [_thread_blocked, id=39939, stack(0x0000700003848000,0x0000700003948000)]
  0x00007f999f824200 JavaThread "ReaderThread" [_thread_in_native, id=38403, stack(0x0000700003c54000,0x0000700003d54000)]
  0x00007f99bf118800 JavaThread "Time-limited test" daemon [_thread_blocked, id=29443, stack(0x0000700004878000,0x0000700004978000)]

Other Threads:
=>0x00007f99eef1b350 VMThread "VM Thread" [stack: 0x0000700002918000,0x0000700002a18000] [id=14339]
  0x00007f99f000cf90 WatcherThread [stack: 0x000070000394b000,0x0000700003a4b000] [id=25347]
  0x00007f99eef09460 GCTaskThread "GC Thread#0" [stack: 0x0000700002409000,0x0000700002509000] [id=19715]
  0x00007f99c8008c10 GCTaskThread "GC Thread#1" [stack: 0x0000700003d57000,0x0000700003e57000] [id=25859]
  0x00007f99c8008f10 GCTaskThread "GC Thread#2" [stack: 0x0000700003e5a000,0x0000700003f5a000] [id=26115]
  0x00007f99c80093e0 GCTaskThread "GC Thread#3" [stack: 0x0000700003f5d000,0x000070000405d000] [id=26627]
  0x00007f99c80098b0 GCTaskThread "GC Thread#4" [stack: 0x0000700004060000,0x0000700004160000] [id=37635]
  0x00007f99f0012850 GCTaskThread "GC Thread#5" [stack: 0x0000700004163000,0x0000700004263000] [id=37379]
  0x00007f99bef1e970 GCTaskThread "GC Thread#6" [stack: 0x0000700004266000,0x0000700004366000] [id=37123]
  0x00007f99bef1ec70 GCTaskThread "GC Thread#7" [stack: 0x0000700004369000,0x0000700004469000] [id=27907]
  0x00007f99bef1f140 GCTaskThread "GC Thread#8" [stack: 0x000070000446c000,0x000070000456c000] [id=28419]
  0x00007f99f0012b50 GCTaskThread "GC Thread#9" [stack: 0x000070000456f000,0x000070000466f000] [id=36611]
  0x00007f99f0013020 GCTaskThread "GC Thread#10" [stack: 0x0000700004672000,0x0000700004772000] [id=28675]
  0x00007f99f00134f0 GCTaskThread "GC Thread#11" [stack: 0x0000700004775000,0x0000700004875000] [id=28931]
  0x00007f99eef09b60 ConcurrentGCThread "G1 Main Marker" [stack: 0x000070000250c000,0x000070000260c000] [id=19459]
  0x00007f99eef0a440 ConcurrentGCThread "G1 Conc#0" [stack: 0x000070000260f000,0x000070000270f000] [id=18691]
  0x00007f99eef17240 ConcurrentGCThread "G1 Refine#0" [stack: 0x0000700002712000,0x0000700002812000] [id=18179]
  0x00007f99eef17b30 ConcurrentGCThread "G1 Service" [stack: 0x0000700002815000,0x0000700002915000] [id=17667]

Threads with active compile tasks:

VM state: at safepoint (normal execution)

VM Mutex/Monitor currently owned by a thread:  ([mutex/lock_event])
[0x000060000212d700] Threads_lock - owner thread: 0x00007f99eef1b350

Heap address: 0x0000000600000000, size: 8192 MB, Compressed Oops mode: Zero based, Oop shift amount: 3

CDS archive(s) mapped at: [0x0000000800000000-0x0000000800bbb000-0x0000000800bbb000), size 12300288, SharedBaseAddress: 0x0000000800000000, ArchiveRelocationMode: 0.
Compressed class space mapped at: 0x0000000800c00000-0x0000000840c00000, reserved size: 1073741824
Narrow klass base: 0x0000000800000000, Narrow klass shift: 3, Narrow klass range: 0x100000000

GC Precious Log:
 CPUs: 16 total, 16 available
 Memory: 32768M
 Large Page Support: Disabled
 NUMA Support: Disabled
 Compressed Oops: Enabled (Zero based)
 Heap Region Size: 4M
 Heap Min Capacity: 8M
 Heap Initial Capacity: 512M
 Heap Max Capacity: 8G
 Pre-touch: Disabled
 Parallel Workers: 13
 Concurrent Workers: 3
 Concurrent Refinement Workers: 13
 Periodic GC: Disabled

Heap:
 garbage-first heap   total 532480K, used 18538K [0x0000000600000000, 0x0000000800000000)
  region size 4096K, 5 young (20480K), 1 survivors (4096K)
 Metaspace       used 7100K, committed 7296K, reserved 1056768K
  class space    used 787K, committed 896K, reserved 1048576K

Heap Regions: E=young(eden), S=young(survivor), O=old, HS=humongous(starts), HC=humongous(continues), CS=collection set, F=free, OA=open archive, CA=closed archive, TAMS=top-at-mark-start (previous, next)
|   0|0x0000000600000000, 0x0000000600000000, 0x0000000600400000|  0%| F|  |TAMS 0x0000000600000000, 0x0000000600000000| Untracked 
|   1|0x0000000600400000, 0x0000000600400000, 0x0000000600800000|  0%| F|  |TAMS 0x0000000600400000, 0x0000000600400000| Untracked 
|   2|0x0000000600800000, 0x0000000600800000, 0x0000000600c00000|  0%| F|  |TAMS 0x0000000600800000, 0x0000000600800000| Untracked 
|   3|0x0000000600c00000, 0x0000000600c00000, 0x0000000601000000|  0%| F|  |TAMS 0x0000000600c00000, 0x0000000600c00000| Untracked 
|   4|0x0000000601000000, 0x0000000601000000, 0x0000000601400000|  0%| F|  |TAMS 0x0000000601000000, 0x0000000601000000| Untracked 
|   5|0x0000000601400000, 0x0000000601400000, 0x0000000601800000|  0%| F|  |TAMS 0x0000000601400000, 0x0000000601400000| Untracked 
|   6|0x0000000601800000, 0x0000000601800000, 0x0000000601c00000|  0%| F|  |TAMS 0x0000000601800000, 0x0000000601800000| Untracked 
|   7|0x0000000601c00000, 0x0000000601c00000, 0x0000000602000000|  0%| F|  |TAMS 0x0000000601c00000, 0x0000000601c00000| Untracked 
|   8|0x0000000602000000, 0x0000000602000000, 0x0000000602400000|  0%| F|  |TAMS 0x0000000602000000, 0x0000000602000000| Untracked 
|   9|0x0000000602400000, 0x0000000602400000, 0x0000000602800000|  0%| F|  |TAMS 0x0000000602400000, 0x0000000602400000| Untracked 
|  10|0x0000000602800000, 0x0000000602800000, 0x0000000602c00000|  0%| F|  |TAMS 0x0000000602800000, 0x0000000602800000| Untracked 
|  11|0x0000000602c00000, 0x0000000602c00000, 0x0000000603000000|  0%| F|  |TAMS 0x0000000602c00000, 0x0000000602c00000| Untracked 
|  12|0x0000000603000000, 0x0000000603000000, 0x0000000603400000|  0%| F|  |TAMS 0x0000000603000000, 0x0000000603000000| Untracked 
|  13|0x0000000603400000, 0x0000000603400000, 0x0000000603800000|  0%| F|  |TAMS 0x0000000603400000, 0x0000000603400000| Untracked 
|  14|0x0000000603800000, 0x0000000603800000, 0x0000000603c00000|  0%| F|  |TAMS 0x0000000603800000, 0x0000000603800000| Untracked 
|  15|0x0000000603c00000, 0x0000000603c00000, 0x0000000604000000|  0%| F|  |TAMS 0x0000000603c00000, 0x0000000603c00000| Untracked 
|  16|0x0000000604000000, 0x0000000604000000, 0x0000000604400000|  0%| F|  |TAMS 0x0000000604000000, 0x0000000604000000| Untracked 
|  17|0x0000000604400000, 0x0000000604400000, 0x0000000604800000|  0%| F|  |TAMS 0x0000000604400000, 0x0000000604400000| Untracked 
|  18|0x0000000604800000, 0x0000000604800000, 0x0000000604c00000|  0%| F|  |TAMS 0x0000000604800000, 0x0000000604800000| Untracked 
|  19|0x0000000604c00000, 0x0000000604c00000, 0x0000000605000000|  0%| F|  |TAMS 0x0000000604c00000, 0x0000000604c00000| Untracked 
|  20|0x0000000605000000, 0x0000000605000000, 0x0000000605400000|  0%| F|  |TAMS 0x0000000605000000, 0x0000000605000000| Untracked 
|  21|0x0000000605400000, 0x0000000605400000, 0x0000000605800000|  0%| F|  |TAMS 0x0000000605400000, 0x0000000605400000| Untracked 
|  22|0x0000000605800000, 0x0000000605800000, 0x0000000605c00000|  0%| F|  |TAMS 0x0000000605800000, 0x0000000605800000| Untracked 
|  23|0x0000000605c00000, 0x0000000605c00000, 0x0000000606000000|  0%| F|  |TAMS 0x0000000605c00000, 0x0000000605c00000| Untracked 
|  24|0x0000000606000000, 0x0000000606000000, 0x0000000606400000|  0%| F|  |TAMS 0x0000000606000000, 0x0000000606000000| Untracked 
|  25|0x0000000606400000, 0x0000000606400000, 0x0000000606800000|  0%| F|  |TAMS 0x0000000606400000, 0x0000000606400000| Untracked 
|  26|0x0000000606800000, 0x0000000606800000, 0x0000000606c00000|  0%| F|  |TAMS 0x0000000606800000, 0x0000000606800000| Untracked 
|  27|0x0000000606c00000, 0x0000000606c00000, 0x0000000607000000|  0%| F|  |TAMS 0x0000000606c00000, 0x0000000606c00000| Untracked 
|  28|0x0000000607000000, 0x0000000607000000, 0x0000000607400000|  0%| F|  |TAMS 0x0000000607000000, 0x0000000607000000| Untracked 
|  29|0x0000000607400000, 0x0000000607400000, 0x0000000607800000|  0%| F|  |TAMS 0x0000000607400000, 0x0000000607400000| Untracked 
|  30|0x0000000607800000, 0x0000000607800000, 0x0000000607c00000|  0%| F|  |TAMS 0x0000000607800000, 0x0000000607800000| Untracked 
|  31|0x0000000607c00000, 0x0000000607c00000, 0x0000000608000000|  0%| F|  |TAMS 0x0000000607c00000, 0x0000000607c00000| Untracked 
|  32|0x0000000608000000, 0x0000000608000000, 0x0000000608400000|  0%| F|  |TAMS 0x0000000608000000, 0x0000000608000000| Untracked 
|  33|0x0000000608400000, 0x0000000608400000, 0x0000000608800000|  0%| F|  |TAMS 0x0000000608400000, 0x0000000608400000| Untracked 
|  34|0x0000000608800000, 0x0000000608800000, 0x0000000608c00000|  0%| F|  |TAMS 0x0000000608800000, 0x0000000608800000| Untracked 
|  35|0x0000000608c00000, 0x0000000608c00000, 0x0000000609000000|  0%| F|  |TAMS 0x0000000608c00000, 0x0000000608c00000| Untracked 
|  36|0x0000000609000000, 0x0000000609000000, 0x0000000609400000|  0%| F|  |TAMS 0x0000000609000000, 0x0000000609000000| Untracked 
|  37|0x0000000609400000, 0x0000000609400000, 0x0000000609800000|  0%| F|  |TAMS 0x0000000609400000, 0x0000000609400000| Untracked 
|  38|0x0000000609800000, 0x0000000609800000, 0x0000000609c00000|  0%| F|  |TAMS 0x0000000609800000, 0x0000000609800000| Untracked 
|  39|0x0000000609c00000, 0x0000000609c00000, 0x000000060a000000|  0%| F|  |TAMS 0x0000000609c00000, 0x0000000609c00000| Untracked 
|  40|0x000000060a000000, 0x000000060a000000, 0x000000060a400000|  0%| F|  |TAMS 0x000000060a000000, 0x000000060a000000| Untracked 
|  41|0x000000060a400000, 0x000000060a400000, 0x000000060a800000|  0%| F|  |TAMS 0x000000060a400000, 0x000000060a400000| Untracked 
|  42|0x000000060a800000, 0x000000060a800000, 0x000000060ac00000|  0%| F|  |TAMS 0x000000060a800000, 0x000000060a800000| Untracked 
|  43|0x000000060ac00000, 0x000000060ac00000, 0x000000060b000000|  0%| F|  |TAMS 0x000000060ac00000, 0x000000060ac00000| Untracked 
|  44|0x000000060b000000, 0x000000060b000000, 0x000000060b400000|  0%| F|  |TAMS 0x000000060b000000, 0x000000060b000000| Untracked 
|  45|0x000000060b400000, 0x000000060b400000, 0x000000060b800000|  0%| F|  |TAMS 0x000000060b400000, 0x000000060b400000| Untracked 
|  46|0x000000060b800000, 0x000000060b800000, 0x000000060bc00000|  0%| F|  |TAMS 0x000000060b800000, 0x000000060b800000| Untracked 
|  47|0x000000060bc00000, 0x000000060bc00000, 0x000000060c000000|  0%| F|  |TAMS 0x000000060bc00000, 0x000000060bc00000| Untracked 
|  48|0x000000060c000000, 0x000000060c000000, 0x000000060c400000|  0%| F|  |TAMS 0x000000060c000000, 0x000000060c000000| Untracked 
|  49|0x000000060c400000, 0x000000060c400000, 0x000000060c800000|  0%| F|  |TAMS 0x000000060c400000, 0x000000060c400000| Untracked 
|  50|0x000000060c800000, 0x000000060c800000, 0x000000060cc00000|  0%| F|  |TAMS 0x000000060c800000, 0x000000060c800000| Untracked 
|  51|0x000000060cc00000, 0x000000060cc00000, 0x000000060d000000|  0%| F|  |TAMS 0x000000060cc00000, 0x000000060cc00000| Untracked 
|  52|0x000000060d000000, 0x000000060d000000, 0x000000060d400000|  0%| F|  |TAMS 0x000000060d000000, 0x000000060d000000| Untracked 
|  53|0x000000060d400000, 0x000000060d400000, 0x000000060d800000|  0%| F|  |TAMS 0x000000060d400000, 0x000000060d400000| Untracked 
|  54|0x000000060d800000, 0x000000060d800000, 0x000000060dc00000|  0%| F|  |TAMS 0x000000060d800000, 0x000000060d800000| Untracked 
|  55|0x000000060dc00000, 0x000000060dc00000, 0x000000060e000000|  0%| F|  |TAMS 0x000000060dc00000, 0x000000060dc00000| Untracked 
|  56|0x000000060e000000, 0x000000060e000000, 0x000000060e400000|  0%| F|  |TAMS 0x000000060e000000, 0x000000060e000000| Untracked 
|  57|0x000000060e400000, 0x000000060e400000, 0x000000060e800000|  0%| F|  |TAMS 0x000000060e400000, 0x000000060e400000| Untracked 
|  58|0x000000060e800000, 0x000000060e800000, 0x000000060ec00000|  0%| F|  |TAMS 0x000000060e800000, 0x000000060e800000| Untracked 
|  59|0x000000060ec00000, 0x000000060ec00000, 0x000000060f000000|  0%| F|  |TAMS 0x000000060ec00000, 0x000000060ec00000| Untracked 
|  60|0x000000060f000000, 0x000000060f000000, 0x000000060f400000|  0%| F|  |TAMS 0x000000060f000000, 0x000000060f000000| Untracked 
|  61|0x000000060f400000, 0x000000060f400000, 0x000000060f800000|  0%| F|  |TAMS 0x000000060f400000, 0x000000060f400000| Untracked 
|  62|0x000000060f800000, 0x000000060f800000, 0x000000060fc00000|  0%| F|  |TAMS 0x000000060f800000, 0x000000060f800000| Untracked 
|  63|0x000000060fc00000, 0x000000060fc00000, 0x0000000610000000|  0%| F|  |TAMS 0x000000060fc00000, 0x000000060fc00000| Untracked 
|  64|0x0000000610000000, 0x0000000610000000, 0x0000000610400000|  0%| F|  |TAMS 0x0000000610000000, 0x0000000610000000| Untracked 
|  65|0x0000000610400000, 0x0000000610400000, 0x0000000610800000|  0%| F|  |TAMS 0x0000000610400000, 0x0000000610400000| Untracked 
|  66|0x0000000610800000, 0x0000000610800000, 0x0000000610c00000|  0%| F|  |TAMS 0x0000000610800000, 0x0000000610800000| Untracked 
|  67|0x0000000610c00000, 0x0000000610c00000, 0x0000000611000000|  0%| F|  |TAMS 0x0000000610c00000, 0x0000000610c00000| Untracked 
|  68|0x0000000611000000, 0x0000000611000000, 0x0000000611400000|  0%| F|  |TAMS 0x0000000611000000, 0x0000000611000000| Untracked 
|  69|0x0000000611400000, 0x0000000611400000, 0x0000000611800000|  0%| F|  |TAMS 0x0000000611400000, 0x0000000611400000| Untracked 
|  70|0x0000000611800000, 0x0000000611800000, 0x0000000611c00000|  0%| F|  |TAMS 0x0000000611800000, 0x0000000611800000| Untracked 
|  71|0x0000000611c00000, 0x0000000611c00000, 0x0000000612000000|  0%| F|  |TAMS 0x0000000611c00000, 0x0000000611c00000| Untracked 
|  72|0x0000000612000000, 0x0000000612000000, 0x0000000612400000|  0%| F|  |TAMS 0x0000000612000000, 0x0000000612000000| Untracked 
|  73|0x0000000612400000, 0x0000000612400000, 0x0000000612800000|  0%| F|  |TAMS 0x0000000612400000, 0x0000000612400000| Untracked 
|  74|0x0000000612800000, 0x0000000612800000, 0x0000000612c00000|  0%| F|  |TAMS 0x0000000612800000, 0x0000000612800000| Untracked 
|  75|0x0000000612c00000, 0x0000000612c00000, 0x0000000613000000|  0%| F|  |TAMS 0x0000000612c00000, 0x0000000612c00000| Untracked 
|  76|0x0000000613000000, 0x0000000613000000, 0x0000000613400000|  0%| F|  |TAMS 0x0000000613000000, 0x0000000613000000| Untracked 
|  77|0x0000000613400000, 0x0000000613400000, 0x0000000613800000|  0%| F|  |TAMS 0x0000000613400000, 0x0000000613400000| Untracked 
|  78|0x0000000613800000, 0x0000000613800000, 0x0000000613c00000|  0%| F|  |TAMS 0x0000000613800000, 0x0000000613800000| Untracked 
|  79|0x0000000613c00000, 0x0000000613c00000, 0x0000000614000000|  0%| F|  |TAMS 0x0000000613c00000, 0x0000000613c00000| Untracked 
|  80|0x0000000614000000, 0x0000000614000000, 0x0000000614400000|  0%| F|  |TAMS 0x0000000614000000, 0x0000000614000000| Untracked 
|  81|0x0000000614400000, 0x0000000614400000, 0x0000000614800000|  0%| F|  |TAMS 0x0000000614400000, 0x0000000614400000| Untracked 
|  82|0x0000000614800000, 0x0000000614800000, 0x0000000614c00000|  0%| F|  |TAMS 0x0000000614800000, 0x0000000614800000| Untracked 
|  83|0x0000000614c00000, 0x0000000614c00000, 0x0000000615000000|  0%| F|  |TAMS 0x0000000614c00000, 0x0000000614c00000| Untracked 
|  84|0x0000000615000000, 0x0000000615000000, 0x0000000615400000|  0%| F|  |TAMS 0x0000000615000000, 0x0000000615000000| Untracked 
|  85|0x0000000615400000, 0x0000000615400000, 0x0000000615800000|  0%| F|  |TAMS 0x0000000615400000, 0x0000000615400000| Untracked 
|  86|0x0000000615800000, 0x0000000615800000, 0x0000000615c00000|  0%| F|  |TAMS 0x0000000615800000, 0x0000000615800000| Untracked 
|  87|0x0000000615c00000, 0x0000000615c00000, 0x0000000616000000|  0%| F|  |TAMS 0x0000000615c00000, 0x0000000615c00000| Untracked 
|  88|0x0000000616000000, 0x0000000616000000, 0x0000000616400000|  0%| F|  |TAMS 0x0000000616000000, 0x0000000616000000| Untracked 
|  89|0x0000000616400000, 0x0000000616400000, 0x0000000616800000|  0%| F|  |TAMS 0x0000000616400000, 0x0000000616400000| Untracked 
|  90|0x0000000616800000, 0x0000000616800000, 0x0000000616c00000|  0%| F|  |TAMS 0x0000000616800000, 0x0000000616800000| Untracked 
|  91|0x0000000616c00000, 0x0000000616c00000, 0x0000000617000000|  0%| F|  |TAMS 0x0000000616c00000, 0x0000000616c00000| Untracked 
|  92|0x0000000617000000, 0x0000000617000000, 0x0000000617400000|  0%| F|  |TAMS 0x0000000617000000, 0x0000000617000000| Untracked 
|  93|0x0000000617400000, 0x0000000617400000, 0x0000000617800000|  0%| F|  |TAMS 0x0000000617400000, 0x0000000617400000| Untracked 
|  94|0x0000000617800000, 0x0000000617800000, 0x0000000617c00000|  0%| F|  |TAMS 0x0000000617800000, 0x0000000617800000| Untracked 
|  95|0x0000000617c00000, 0x0000000617c00000, 0x0000000618000000|  0%| F|  |TAMS 0x0000000617c00000, 0x0000000617c00000| Untracked 
|  96|0x0000000618000000, 0x0000000618000000, 0x0000000618400000|  0%| F|  |TAMS 0x0000000618000000, 0x0000000618000000| Untracked 
|  97|0x0000000618400000, 0x0000000618400000, 0x0000000618800000|  0%| F|  |TAMS 0x0000000618400000, 0x0000000618400000| Untracked 
|  98|0x0000000618800000, 0x0000000618800000, 0x0000000618c00000|  0%| F|  |TAMS 0x0000000618800000, 0x0000000618800000| Untracked 
|  99|0x0000000618c00000, 0x0000000618c00000, 0x0000000619000000|  0%| F|  |TAMS 0x0000000618c00000, 0x0000000618c00000| Untracked 
| 100|0x0000000619000000, 0x0000000619000000, 0x0000000619400000|  0%| F|  |TAMS 0x0000000619000000, 0x0000000619000000| Untracked 
| 101|0x0000000619400000, 0x0000000619400000, 0x0000000619800000|  0%| F|  |TAMS 0x0000000619400000, 0x0000000619400000| Untracked 
| 102|0x0000000619800000, 0x0000000619800000, 0x0000000619c00000|  0%| F|  |TAMS 0x0000000619800000, 0x0000000619800000| Untracked 
| 103|0x0000000619c00000, 0x0000000619c00000, 0x000000061a000000|  0%| F|  |TAMS 0x0000000619c00000, 0x0000000619c00000| Untracked 
| 104|0x000000061a000000, 0x000000061a000000, 0x000000061a400000|  0%| F|  |TAMS 0x000000061a000000, 0x000000061a000000| Untracked 
| 105|0x000000061a400000, 0x000000061a400000, 0x000000061a800000|  0%| F|  |TAMS 0x000000061a400000, 0x000000061a400000| Untracked 
| 106|0x000000061a800000, 0x000000061a800000, 0x000000061ac00000|  0%| F|  |TAMS 0x000000061a800000, 0x000000061a800000| Untracked 
| 107|0x000000061ac00000, 0x000000061ac00000, 0x000000061b000000|  0%| F|  |TAMS 0x000000061ac00000, 0x000000061ac00000| Untracked 
| 108|0x000000061b000000, 0x000000061b000000, 0x000000061b400000|  0%| F|  |TAMS 0x000000061b000000, 0x000000061b000000| Untracked 
| 109|0x000000061b400000, 0x000000061b400000, 0x000000061b800000|  0%| F|  |TAMS 0x000000061b400000, 0x000000061b400000| Untracked 
| 110|0x000000061b800000, 0x000000061b800000, 0x000000061bc00000|  0%| F|  |TAMS 0x000000061b800000, 0x000000061b800000| Untracked 
| 111|0x000000061bc00000, 0x000000061bc00000, 0x000000061c000000|  0%| F|  |TAMS 0x000000061bc00000, 0x000000061bc00000| Untracked 
| 112|0x000000061c000000, 0x000000061c000000, 0x000000061c400000|  0%| F|  |TAMS 0x000000061c000000, 0x000000061c000000| Untracked 
| 113|0x000000061c400000, 0x000000061c400000, 0x000000061c800000|  0%| F|  |TAMS 0x000000061c400000, 0x000000061c400000| Untracked 
| 114|0x000000061c800000, 0x000000061c800000, 0x000000061cc00000|  0%| F|  |TAMS 0x000000061c800000, 0x000000061c800000| Untracked 
| 115|0x000000061cc00000, 0x000000061cc00000, 0x000000061d000000|  0%| F|  |TAMS 0x000000061cc00000, 0x000000061cc00000| Untracked 
| 116|0x000000061d000000, 0x000000061d000000, 0x000000061d400000|  0%| F|  |TAMS 0x000000061d000000, 0x000000061d000000| Untracked 
| 117|0x000000061d400000, 0x000000061d400000, 0x000000061d800000|  0%| F|  |TAMS 0x000000061d400000, 0x000000061d400000| Untracked 
| 118|0x000000061d800000, 0x000000061d800000, 0x000000061dc00000|  0%| F|  |TAMS 0x000000061d800000, 0x000000061d800000| Untracked 
| 119|0x000000061dc00000, 0x000000061dc00000, 0x000000061e000000|  0%| F|  |TAMS 0x000000061dc00000, 0x000000061dc00000| Untracked 
| 120|0x000000061e000000, 0x000000061e000000, 0x000000061e400000|  0%| F|  |TAMS 0x000000061e000000, 0x000000061e000000| Untracked 
| 121|0x000000061e400000, 0x000000061e628830, 0x000000061e800000| 53%| S|CS|TAMS 0x000000061e400000, 0x000000061e400000| Complete 
| 122|0x000000061e800000, 0x000000061e800000, 0x000000061ec00000|  0%| F|  |TAMS 0x000000061e800000, 0x000000061e800000| Untracked 
| 123|0x000000061ec00000, 0x000000061ec00000, 0x000000061f000000|  0%| F|  |TAMS 0x000000061ec00000, 0x000000061ec00000| Untracked 
| 124|0x000000061f000000, 0x000000061f400000, 0x000000061f400000|100%| E|  |TAMS 0x000000061f000000, 0x000000061f000000| Complete 
| 125|0x000000061f400000, 0x000000061f800000, 0x000000061f800000|100%| E|CS|TAMS 0x000000061f400000, 0x000000061f400000| Complete 
| 126|0x000000061f800000, 0x000000061fc00000, 0x000000061fc00000|100%| E|CS|TAMS 0x000000061f800000, 0x000000061f800000| Complete 
| 127|0x000000061fc00000, 0x0000000620000000, 0x0000000620000000|100%| E|CS|TAMS 0x000000061fc00000, 0x000000061fc00000| Complete 
|1790|0x00000007bf800000, 0x00000007bfb75000, 0x00000007bfc00000| 86%|OA|  |TAMS 0x00000007bf800000, 0x00000007bf800000| Untracked 
|1791|0x00000007bfc00000, 0x00000007bfc7d000, 0x00000007c0000000| 12%|CA|  |TAMS 0x00000007bfc00000, 0x00000007bfc00000| Untracked 

Card table byte_map: [0x0000000122970000,0x0000000123970000] _byte_map_base: 0x000000011f970000

Marking Bits (Prev, Next): (CMBitMap*) 0x00007f99ef035c10, (CMBitMap*) 0x00007f99ef035c50
 Prev Bits: [0x0000000124970000, 0x000000012c970000)
 Next Bits: [0x000000012c970000, 0x0000000134970000)

Polling page: 0x0000000109ea5000

Metaspace:

Usage:
  Non-class:      6.17 MB used.
      Class:    787.00 KB used.
       Both:      6.93 MB used.

Virtual space:
  Non-class space:        8.00 MB reserved,       6.25 MB ( 78%) committed,  1 nodes.
      Class space:        1.00 GB reserved,     896.00 KB ( <1%) committed,  1 nodes.
              Both:        1.01 GB reserved,       7.12 MB ( <1%) committed. 

Chunk freelists:
   Non-Class:  848.00 KB
       Class:  3.10 MB
        Both:  3.93 MB

MaxMetaspaceSize: 17179869184.00 GB
CompressedClassSpaceSize: 1.00 GB
 - commit_granule_bytes: 65536.
 - commit_granule_words: 8192.
 - virtual_space_node_default_size: 1048576.
 - enlarge_chunks_in_place: 1.
 - new_chunks_are_fully_committed: 0.
 - uncommit_free_chunks: 1.
 - use_allocation_guard: 0.
 - handle_deallocations: 1.


Internal statistics:

num_allocs_failed_limit: 0.
num_arena_births: 74.
num_arena_deaths: 0.
num_vsnodes_births: 2.
num_vsnodes_deaths: 0.
num_space_committed: 114.
num_space_uncommitted: 0.
num_chunks_returned_to_freelist: 0.
num_chunks_taken_from_freelist: 249.
num_chunk_merges: 0.
num_chunk_splits: 132.
num_chunks_enlarged: 81.
num_purges: 0.

CodeHeap 'non-profiled nmethods': size=119168Kb used=519Kb max_used=519Kb free=118648Kb
 bounds [0x000000011b510000, 0x000000011b780000, 0x0000000122970000]
CodeHeap 'profiled nmethods': size=119164Kb used=3103Kb max_used=3103Kb free=116060Kb
 bounds [0x00000001140b1000, 0x00000001143c1000, 0x000000011b510000]
CodeHeap 'non-nmethods': size=7428Kb used=1222Kb max_used=1846Kb free=6205Kb
 bounds [0x0000000113970000, 0x0000000113be0000, 0x00000001140b1000]
 total_blobs=1942 nmethods=1485 adapters=371
 compilation: enabled
              stopped_count=0, restarted_count=0
 full_count=0

Compilation events (20 events):
Event: 0.967 Thread 0x00007f99bf00f800 nmethod 1477 0x00000001143af390 code [0x00000001143af540, 0x00000001143af7a0]
Event: 0.967 Thread 0x00007f999f03f600 nmethod 1476 0x000000011b58ed10 code [0x000000011b58ee80, 0x000000011b58f178]
Event: 0.967 Thread 0x00007f99af00be00 1480       3       jdk.internal.org.objectweb.asm.ClassWriter::toByteArray (1515 bytes)
Event: 0.967 Thread 0x00007f99bf00f800 1478       3       jdk.internal.org.objectweb.asm.ClassWriter::visit (160 bytes)
Event: 0.968 Thread 0x00007f99bf00f800 nmethod 1478 0x00000001143af890 code [0x00000001143afac0, 0x00000001143b0350]
Event: 0.968 Thread 0x00007f99bf00f800 1479       3       jdk.internal.org.objectweb.asm.SymbolTable::setMajorVersionAndClassName (19 bytes)
Event: 0.968 Thread 0x00007f99bf00f800 nmethod 1479 0x00000001143b0810 code [0x00000001143b09c0, 0x00000001143b0be0]
Event: 0.968 Thread 0x00007f99bf00f800 1481       3       jdk.internal.org.objectweb.asm.SymbolTable::computeBootstrapMethodsSize (27 bytes)
Event: 0.968 Thread 0x00007f99bf00f800 nmethod 1481 0x00000001143b0d10 code [0x00000001143b0ec0, 0x00000001143b1080]
Event: 0.968 Thread 0x00007f99bf00f800 1482       3       jdk.internal.org.objectweb.asm.SymbolTable::getConstantPoolLength (8 bytes)
Event: 0.968 Thread 0x00007f99bf00f800 nmethod 1482 0x00000001143b1190 code [0x00000001143b1320, 0x00000001143b1430]
Event: 0.968 Thread 0x00007f99bf00f800 1483       3       jdk.internal.org.objectweb.asm.ByteVector::<init> (12 bytes)
Event: 0.968 Thread 0x00007f99bf00f800 nmethod 1483 0x00000001143b1510 code [0x00000001143b16c0, 0x00000001143b1930]
Event: 0.968 Thread 0x00007f99bf00f800 1484       3       jdk.internal.org.objectweb.asm.SymbolTable::putConstantPool (28 bytes)
Event: 0.968 Thread 0x00007f99bf00f800 nmethod 1484 0x00000001143b1a10 code [0x00000001143b1bc0, 0x00000001143b1d70]
Event: 0.971 Thread 0x00007f99af00be00 nmethod 1480 0x00000001143b1e90 code [0x00000001143b27c0, 0x00000001143b66d0]
Event: 0.973 Thread 0x00007f99bf00f800 1485       3       java.lang.invoke.MethodHandleNatives::refKindHasReceiver (33 bytes)
Event: 0.974 Thread 0x00007f99bf00f800 nmethod 1485 0x00000001143b8a10 code [0x00000001143b8ba0, 0x00000001143b8cf0]
Event: 0.982 Thread 0x00007f99bf043a00 nmethod 1475 0x000000011b58f210 code [0x000000011b58f3c0, 0x000000011b58ff38]
Event: 0.986 Thread 0x00007f99bf80a400 nmethod 1474 0x000000011b590410 code [0x000000011b5905e0, 0x000000011b591558]

GC Heap History (2 events):
Event: 0.841 GC heap before
{Heap before GC invocations=0 (full 0):
 garbage-first heap   total 532480K, used 28616K [0x0000000600000000, 0x0000000800000000)
  region size 4096K, 6 young (24576K), 0 survivors (0K)
 Metaspace       used 5014K, committed 5184K, reserved 1056768K
  class space    used 484K, committed 576K, reserved 1048576K
}
Event: 0.843 GC heap after
{Heap after GC invocations=1 (full 0):
 garbage-first heap   total 532480K, used 6250K [0x0000000600000000, 0x0000000800000000)
  region size 4096K, 1 young (4096K), 1 survivors (4096K)
 Metaspace       used 5014K, committed 5184K, reserved 1056768K
  class space    used 484K, committed 576K, reserved 1048576K
}

Deoptimization events (20 events):
Event: 0.702 Thread 0x00007f99ef00d800 Uncommon trap: trap_request=0xffffff45 fr.pc=0x000000011b53d210 relative=0x0000000000000170
Event: 0.702 Thread 0x00007f99ef00d800 Uncommon trap: reason=unstable_if action=reinterpret pc=0x000000011b53d210 method=java.math.BigInteger.addOne([IIII)I @ 55 c2
Event: 0.702 Thread 0x00007f99ef00d800 DEOPT PACKING pc=0x000000011b53d210 sp=0x0000700002403ee0
Event: 0.702 Thread 0x00007f99ef00d800 DEOPT UNPACKING pc=0x00000001139bd424 sp=0x0000700002403e90 mode 2
Event: 0.808 Thread 0x00007f99ef00d800 DEOPT PACKING pc=0x0000000114123a43 sp=0x0000700002400300
Event: 0.808 Thread 0x00007f99ef00d800 DEOPT UNPACKING pc=0x00000001139bdbba sp=0x00007000023ff7a0 mode 0
Event: 0.829 Thread 0x00007f99ef00d800 Uncommon trap: trap_request=0xffffffde fr.pc=0x000000011b548e58 relative=0x0000000000001a18
Event: 0.829 Thread 0x00007f99ef00d800 Uncommon trap: reason=class_check action=maybe_recompile pc=0x000000011b548e58 method=java.util.HashMap.putVal(ILjava/lang/Object;Ljava/lang/Object;ZZ)Ljava/lang/Object; @ 253 c2
Event: 0.829 Thread 0x00007f99ef00d800 DEOPT PACKING pc=0x000000011b548e58 sp=0x00007000024041c0
Event: 0.829 Thread 0x00007f99ef00d800 DEOPT UNPACKING pc=0x00000001139bd424 sp=0x0000700002404168 mode 2
Event: 0.834 Thread 0x00007f99ef00d800 Uncommon trap: trap_request=0xffffffde fr.pc=0x000000011b548e58 relative=0x0000000000001a18
Event: 0.834 Thread 0x00007f99ef00d800 Uncommon trap: reason=class_check action=maybe_recompile pc=0x000000011b548e58 method=java.util.HashMap.putVal(ILjava/lang/Object;Ljava/lang/Object;ZZ)Ljava/lang/Object; @ 253 c2
Event: 0.834 Thread 0x00007f99ef00d800 DEOPT PACKING pc=0x000000011b548e58 sp=0x00007000024042a0
Event: 0.834 Thread 0x00007f99ef00d800 DEOPT UNPACKING pc=0x00000001139bd424 sp=0x0000700002404248 mode 2
Event: 0.838 Thread 0x00007f99ef00d800 Uncommon trap: trap_request=0xffffff45 fr.pc=0x000000011b560ed0 relative=0x0000000000000130
Event: 0.838 Thread 0x00007f99ef00d800 Uncommon trap: reason=unstable_if action=reinterpret pc=0x000000011b560ed0 method=org.eclipse.jdt.launching.internal.org.objectweb.asm.ByteVector.putShort(I)Lorg/eclipse/jdt/launching/internal/org/objectweb/asm/ByteVector; @ 13 c2
Event: 0.838 Thread 0x00007f99ef00d800 DEOPT PACKING pc=0x000000011b560ed0 sp=0x0000700002402c10
Event: 0.838 Thread 0x00007f99ef00d800 DEOPT UNPACKING pc=0x00000001139bd424 sp=0x0000700002402bb8 mode 2
Event: 0.924 Thread 0x00007f99ef00d800 DEOPT PACKING pc=0x00000001142466df sp=0x00007000023ff460
Event: 0.924 Thread 0x00007f99ef00d800 DEOPT UNPACKING pc=0x00000001139bdbba sp=0x00007000023fe9c8 mode 0

Classes unloaded (0 events):
No events

Classes redefined (4 events):
Event: 146.588 Thread 0x00007f99eef1b350 redefined class name=main.csp.CSPSolver, count=1
Event: 146.588 Thread 0x00007f99eef1b350 redefined class name=main.csp.CSPSolver$Arc, count=1
Event: 178.791 Thread 0x00007f99eef1b350 redefined class name=main.csp.CSPSolver, count=2
Event: 178.791 Thread 0x00007f99eef1b350 redefined class name=main.csp.CSPSolver$Arc, count=2

Internal exceptions (20 events):
Event: 0.794 Thread 0x00007f99ef00d800 Exception <a 'java/lang/NoSuchMethodError'{0x000000061ef00470}: 'void java.lang.invoke.DirectMethodHandle$Holder.invokeInterface(java.lang.Object, java.lang.Object)'> (0x000000061ef00470) 
thrown [./open/src/hotspot/share/interpreter/linkResolver.cpp, line 790]
Event: 0.794 Thread 0x00007f99ef00d800 Exception <a 'java/lang/IncompatibleClassChangeError'{0x000000061ef03bd0}: Found class java.lang.Object, but interface was expected> (0x000000061ef03bd0) 
thrown [./open/src/hotspot/share/interpreter/linkResolver.cpp, line 857]
Event: 0.805 Thread 0x00007f99ef00d800 Exception <a 'java/lang/NoSuchMethodError'{0x000000061e88af68}: 'java.lang.Object java.lang.invoke.DirectMethodHandle$Holder.invokeStaticInit(java.lang.Object, java.lang.Object, java.lang.Object)'> (0x000000061e88af68) 
thrown [./open/src/hotspot/share/interpreter/linkResolver.cpp, line 790]
Event: 0.806 Thread 0x00007f99ef00d800 Exception <a 'java/lang/NoSuchMethodError'{0x000000061e892a10}: 'void java.lang.invoke.DirectMethodHandle$Holder.invokeStaticInit(java.lang.Object, java.lang.Object, java.lang.Object)'> (0x000000061e892a10) 
thrown [./open/src/hotspot/share/interpreter/linkResolver.cpp, line 790]
Event: 0.823 Thread 0x00007f99ef00d800 Exception <a 'java/lang/NoSuchMethodError'{0x000000061ea66a90}: 'java.lang.Object java.lang.invoke.DirectMethodHandle$Holder.newInvokeSpecial(java.lang.Object, java.lang.Object, java.lang.Object, java.lang.Object, java.lang.Object)'> (0x000000061ea66a90) 
thrown [./open/src/hotspot/share/interpreter/linkResolver.cpp, line 790]
Event: 0.836 Thread 0x00007f99ef00d800 Exception <a 'java/lang/NoSuchMethodError'{0x000000061eb3a8c8}: 'void java.lang.invoke.DirectMethodHandle$Holder.invokeInterface(java.lang.Object, java.lang.Object, java.lang.Object)'> (0x000000061eb3a8c8) 
thrown [./open/src/hotspot/share/interpreter/linkResolver.cpp, line 790]
Event: 0.837 Thread 0x00007f99ef00d800 Exception <a 'java/lang/IncompatibleClassChangeError'{0x000000061eb3de60}: Found class java.lang.Object, but interface was expected> (0x000000061eb3de60) 
thrown [./open/src/hotspot/share/interpreter/linkResolver.cpp, line 857]
Event: 0.879 Thread 0x00007f99ef00d800 Exception <a 'java/lang/NoSuchMethodError'{0x000000061f862ca8}: 'java.lang.Object java.lang.invoke.DirectMethodHandle$Holder.invokeInterface(java.lang.Object, java.lang.Object)'> (0x000000061f862ca8) 
thrown [./open/src/hotspot/share/interpreter/linkResolver.cpp, line 790]
Event: 0.879 Thread 0x00007f99ef00d800 Exception <a 'java/lang/IncompatibleClassChangeError'{0x000000061f866948}: Found class java.lang.Object, but interface was expected> (0x000000061f866948) 
thrown [./open/src/hotspot/share/interpreter/linkResolver.cpp, line 857]
Event: 0.897 Thread 0x00007f99ef00d800 Exception <a 'java/lang/NoSuchMethodError'{0x000000061fa3eb40}: 'java.lang.Object java.lang.invoke.DirectMethodHandle$Holder.invokeSpecialIFC(java.lang.Object, java.lang.Object, java.lang.Object, java.lang.Object)'> (0x000000061fa3eb40) 
thrown [./open/src/hotspot/share/interpreter/linkResolver.cpp, line 790]
Event: 0.902 Thread 0x00007f99ef00d800 Exception <a 'java/lang/NoSuchMethodError'{0x000000061faa40a0}: 'java.lang.Object java.lang.invoke.DirectMethodHandle$Holder.invokeStatic(java.lang.Object, java.lang.Object, int)'> (0x000000061faa40a0) 
thrown [./open/src/hotspot/share/interpreter/linkResolver.cpp, line 790]
Event: 0.906 Thread 0x00007f99ef00d800 Exception <a 'java/lang/NoSuchMethodError'{0x000000061fadf230}: 'int java.lang.invoke.DirectMethodHandle$Holder.invokeStatic(java.lang.Object, java.lang.Object, java.lang.Object, java.lang.Object)'> (0x000000061fadf230) 
thrown [./open/src/hotspot/share/interpreter/linkResolver.cpp, line 790]
Event: 0.908 Thread 0x00007f99ef00d800 Exception <a 'java/lang/NoSuchMethodError'{0x000000061fb25228}: 'void java.lang.invoke.DirectMethodHandle$Holder.invokeSpecial(java.lang.Object, java.lang.Object, java.lang.Object, java.lang.Object, java.lang.Object)'> (0x000000061fb25228) 
thrown [./open/src/hotspot/share/interpreter/linkResolver.cpp, line 790]
Event: 0.915 Thread 0x00007f99ef00d800 Exception <a 'java/lang/NoSuchMethodError'{0x000000061fb93d00}: 'java.lang.Object java.lang.invoke.DirectMethodHandle$Holder.invokeVirtual(java.lang.Object, java.lang.Object, java.lang.Object)'> (0x000000061fb93d00) 
thrown [./open/src/hotspot/share/interpreter/linkResolver.cpp, line 790]
Event: 0.919 Thread 0x00007f99ef00d800 Exception <a 'java/lang/NoSuchMethodError'{0x000000061f411830}: 'void java.lang.invoke.DirectMethodHandle$Holder.invokeInterface(java.lang.Object, java.lang.Object, java.lang.Object, java.lang.Object)'> (0x000000061f411830) 
thrown [./open/src/hotspot/share/interpreter/linkResolver.cpp, line 790]
Event: 0.919 Thread 0x00007f99ef00d800 Exception <a 'java/lang/IncompatibleClassChangeError'{0x000000061f415358}: Found class java.lang.Object, but interface was expected> (0x000000061f415358) 
thrown [./open/src/hotspot/share/interpreter/linkResolver.cpp, line 857]
Event: 0.921 Thread 0x00007f99ef00d800 Exception <a 'java/lang/NoSuchMethodError'{0x000000061f43bdf0}: 'void java.lang.invoke.DirectMethodHandle$Holder.invokeStatic(java.lang.Object, java.lang.Object, java.lang.Object, java.lang.Object)'> (0x000000061f43bdf0) 
thrown [./open/src/hotspot/share/interpreter/linkResolver.cpp, line 790]
Event: 0.927 Thread 0x00007f99ef00d800 Exception <a 'java/lang/NoSuchMethodError'{0x000000061f57e538}: 'java.lang.Object java.lang.invoke.Invokers$Holder.invokeExact_MT(java.lang.Object, java.lang.Object, java.lang.Object, java.lang.Object, java.lang.Object, java.lang.Object)'> (0x000000061f57e538) 
thrown [./open/src/hotspot/share/interpreter/linkResolver.cpp, line 790]
Event: 0.928 Thread 0x00007f99ef00d800 Exception <a 'java/lang/NoSuchMethodError'{0x000000061f58f360}: 'int java.lang.invoke.DirectMethodHandle$Holder.invokeStatic(java.lang.Object, java.lang.Object, java.lang.Object, java.lang.Object, java.lang.Object)'> (0x000000061f58f360) 
thrown [./open/src/hotspot/share/interpreter/linkResolver.cpp, line 790]
Event: 0.968 Thread 0x00007f99ef00d800 Exception <a 'java/lang/NoSuchMethodError'{0x000000061f286b88}: 'int java.lang.invoke.DirectMethodHandle$Holder.invokeSpecial(java.lang.Object, java.lang.Object, java.lang.Object, java.lang.Object)'> (0x000000061f286b88) 
thrown [./open/src/hotspot/share/interpreter/linkResolver.cpp, line 790]

Events (20 events):
Event: 720.264 Executing  VM operation: get/set locals done
Event: 720.264 Executing  VM operation: get/set locals
Event: 720.264 Executing  VM operation: get/set locals done
Event: 720.265 Executing  VM operation: get/set locals
Event: 720.265 Executing  VM operation: get/set locals done
Event: 720.265 Executing  VM operation: get/set locals
Event: 720.265 Executing  VM operation: get/set locals done
Event: 720.265 Executing  VM operation: get/set locals
Event: 720.265 Executing  VM operation: get/set locals done
Event: 720.265 Executing  VM operation: get/set locals
Event: 720.266 Executing  VM operation: get/set locals done
Event: 720.266 Executing  VM operation: get/set locals
Event: 720.266 Executing  VM operation: get/set locals done
Event: 720.266 Executing  VM operation: get/set locals
Event: 720.266 Executing  VM operation: get/set locals done
Event: 720.266 Executing  VM operation: get/set locals
Event: 720.266 Executing  VM operation: get/set locals done
Event: 720.267 Executing  VM operation: get/set locals
Event: 720.267 Executing  VM operation: get/set locals done
Event: 723.429 Executing  VM operation: get/set locals


Dynamic libraries:
0x0000000109e6c000 	/Library/Java/JavaVirtualMachines/jdk-16.0.2.jdk/Contents/Home/lib/libjli.dylib
0x00007ff80f222000 	/usr/lib/libz.1.dylib
0x00007ff80f302000 	/usr/lib/libSystem.B.dylib
0x00007ff80f2fd000 	/usr/lib/system/libcache.dylib
0x00007ff80f2b9000 	/usr/lib/system/libcommonCrypto.dylib
0x00007ff80f2e2000 	/usr/lib/system/libcompiler_rt.dylib
0x00007ff80f2d8000 	/usr/lib/system/libcopyfile.dylib
0x00007ff804310000 	/usr/lib/system/libcorecrypto.dylib
0x00007ff8043cf000 	/usr/lib/system/libdispatch.dylib
0x00007ff80458e000 	/usr/lib/system/libdyld.dylib
0x00007ff80f2f4000 	/usr/lib/system/libkeymgr.dylib
0x00007ff80f297000 	/usr/lib/system/libmacho.dylib
0x00007ff80e923000 	/usr/lib/system/libquarantine.dylib
0x00007ff80f2f2000 	/usr/lib/system/libremovefile.dylib
0x00007ff8094f5000 	/usr/lib/system/libsystem_asl.dylib
0x00007ff8042be000 	/usr/lib/system/libsystem_blocks.dylib
0x00007ff804453000 	/usr/lib/system/libsystem_c.dylib
0x00007ff80f2ea000 	/usr/lib/system/libsystem_collections.dylib
0x00007ff80dbcb000 	/usr/lib/system/libsystem_configuration.dylib
0x00007ff80ce88000 	/usr/lib/system/libsystem_containermanager.dylib
0x00007ff80efd4000 	/usr/lib/system/libsystem_coreservices.dylib
0x00007ff806bb8000 	/usr/lib/system/libsystem_darwin.dylib
0x00007ff80f2f5000 	/usr/lib/system/libsystem_dnssd.dylib
0x00007ff804450000 	/usr/lib/system/libsystem_featureflags.dylib
0x00007ff8045a4000 	/usr/lib/system/libsystem_info.dylib
0x00007ff80f235000 	/usr/lib/system/libsystem_m.dylib
0x00007ff8043a3000 	/usr/lib/system/libsystem_malloc.dylib
0x00007ff809492000 	/usr/lib/system/libsystem_networkextension.dylib
0x00007ff806fe0000 	/usr/lib/system/libsystem_notify.dylib
0x00007ff815472000 	/usr/lib/system/libsystem_product_info_filter.dylib
0x00007ff80dbcf000 	/usr/lib/system/libsystem_sandbox.dylib
0x00007ff80f2ef000 	/usr/lib/system/libsystem_secinit.dylib
0x00007ff80454b000 	/usr/lib/system/libsystem_kernel.dylib
0x00007ff80459a000 	/usr/lib/system/libsystem_platform.dylib
0x00007ff804582000 	/usr/lib/system/libsystem_pthread.dylib
0x00007ff80ad4d000 	/usr/lib/system/libsystem_symptoms.dylib
0x00007ff8042f7000 	/usr/lib/system/libsystem_trace.dylib
0x00007ff80f2c5000 	/usr/lib/system/libunwind.dylib
0x00007ff8042c0000 	/usr/lib/system/libxpc.dylib
0x00007ff804535000 	/usr/lib/libc++abi.dylib
0x00007ff804416000 	/usr/lib/libobjc.A.dylib
0x00007ff80f2d0000 	/usr/lib/liboah.dylib
0x00007ff8044dc000 	/usr/lib/libc++.1.dylib
0x00007ff81b1cd000 	/System/Library/Frameworks/Cocoa.framework/Versions/A/Cocoa
0x00007ff80703e000 	/System/Library/Frameworks/AppKit.framework/Versions/C/AppKit
0x00007ff80a53a000 	/System/Library/Frameworks/CoreData.framework/Versions/A/CoreData
0x00007ff805455000 	/System/Library/Frameworks/Foundation.framework/Versions/C/Foundation
0x00007ff807ed0000 	/System/Library/PrivateFrameworks/UIFoundation.framework/Versions/A/UIFoundation
0x00007ff815179000 	/System/Library/PrivateFrameworks/RemoteViewServices.framework/Versions/A/RemoteViewServices
0x00007ff80d564000 	/System/Library/PrivateFrameworks/XCTTargetBootstrap.framework/Versions/A/XCTTargetBootstrap
0x00007ff811112000 	/System/Library/PrivateFrameworks/InternationalSupport.framework/Versions/A/InternationalSupport
0x00007ff81119c000 	/System/Library/PrivateFrameworks/UserActivity.framework/Versions/A/UserActivity
0x00007ff8104f2000 	/usr/lib/libspindump.dylib
0x00007ff80815e000 	/System/Library/Frameworks/UniformTypeIdentifiers.framework/Versions/A/UniformTypeIdentifiers
0x00007ff80bc9d000 	/usr/lib/libapp_launch_measurement.dylib
0x00007ff80af06000 	/System/Library/PrivateFrameworks/CoreAnalytics.framework/Versions/A/CoreAnalytics
0x00007ff80bca0000 	/System/Library/PrivateFrameworks/CoreAutoLayout.framework/Versions/A/CoreAutoLayout
0x00007ff80cec0000 	/System/Library/Frameworks/Metal.framework/Versions/A/Metal
0x00007ff80dbda000 	/usr/lib/liblangid.dylib
0x00007ff80d568000 	/System/Library/PrivateFrameworks/CoreSVG.framework/Versions/A/CoreSVG
0x00007ff809525000 	/System/Library/PrivateFrameworks/SkyLight.framework/Versions/A/SkyLight
0x00007ff8098bb000 	/System/Library/Frameworks/CoreGraphics.framework/Versions/A/CoreGraphics
0x00007ff8157e8000 	/System/Library/Frameworks/Accelerate.framework/Versions/A/Accelerate
0x00007ff80ff6d000 	/System/Library/PrivateFrameworks/IconServices.framework/Versions/A/IconServices
0x00007ff80cea5000 	/System/Library/Frameworks/IOSurface.framework/Versions/A/IOSurface
0x00007ff80af34000 	/usr/lib/libDiagnosticMessagesClient.dylib
0x00007ff818e59000 	/System/Library/Frameworks/ApplicationServices.framework/Versions/A/ApplicationServices
0x00007ff80d550000 	/System/Library/PrivateFrameworks/DFRFoundation.framework/Versions/A/DFRFoundation
0x00007ff80692f000 	/usr/lib/libicucore.A.dylib
0x00007ff811e37000 	/System/Library/Frameworks/AudioToolbox.framework/Versions/A/AudioToolbox
0x00007ff81111e000 	/System/Library/PrivateFrameworks/DataDetectorsCore.framework/Versions/A/DataDetectorsCore
0x00007ff90ca76000 	/System/Library/PrivateFrameworks/TextInput.framework/Versions/A/TextInput
0x00007ff8094a9000 	/usr/lib/libMobileGestalt.dylib
0x00007ff80d258000 	/System/Library/Frameworks/Carbon.framework/Versions/A/Frameworks/HIToolbox.framework/Versions/A/HIToolbox
0x00007ff80b6ca000 	/System/Library/Frameworks/QuartzCore.framework/Versions/A/QuartzCore
0x00007ff8065cf000 	/System/Library/Frameworks/Security.framework/Versions/A/Security
0x00007ff8151b1000 	/System/Library/Frameworks/Carbon.framework/Versions/A/Frameworks/SpeechRecognition.framework/Versions/A/SpeechRecognition
0x00007ff80b9fd000 	/System/Library/PrivateFrameworks/CoreUI.framework/Versions/A/CoreUI
0x00007ff805ea7000 	/System/Library/Frameworks/CoreAudio.framework/Versions/A/CoreAudio
0x00007ff80b022000 	/System/Library/Frameworks/DiskArbitration.framework/Versions/A/DiskArbitration
0x00007ff8108d9000 	/System/Library/PrivateFrameworks/MultitouchSupport.framework/Versions/A/MultitouchSupport
0x00007ff8094a8000 	/usr/lib/libenergytrace.dylib
0x00007ff806f2a000 	/System/Library/Frameworks/IOKit.framework/Versions/A/IOKit
0x00007ff81559d000 	/System/Library/Frameworks/CoreServices.framework/Versions/A/CoreServices
0x00007ff80bc37000 	/System/Library/PrivateFrameworks/PerformanceAnalysis.framework/Versions/A/PerformanceAnalysis
0x00007ffa1c246000 	/System/Library/Frameworks/OpenGL.framework/Versions/A/OpenGL
0x00007ff80e84f000 	/System/Library/PrivateFrameworks/MobileKeyBag.framework/Versions/A/MobileKeyBag
0x00007ff809f87000 	/System/Library/Frameworks/ColorSync.framework/Versions/A/ColorSync
0x00007ff8045cf000 	/System/Library/Frameworks/CoreFoundation.framework/Versions/A/CoreFoundation
0x00007ff80d7e1000 	/System/Library/Frameworks/CoreImage.framework/Versions/A/CoreImage
0x00007ff805cbd000 	/System/Library/Frameworks/CoreText.framework/Versions/A/CoreText
0x00007ff80d597000 	/System/Library/Frameworks/ImageIO.framework/Versions/A/ImageIO
0x00007ff80f308000 	/System/Library/PrivateFrameworks/SoftLinking.framework/Versions/A/SoftLinking
0x00007ff80bce8000 	/usr/lib/libxml2.2.dylib
0x00007ff80f58c000 	/usr/lib/libcompression.dylib
0x00007ff811048000 	/System/Library/PrivateFrameworks/TextureIO.framework/Versions/A/TextureIO
0x00007ff80fc7f000 	/usr/lib/libate.dylib
0x00007ff80fa5d000 	/usr/lib/liblzma.5.dylib
0x00007ff805166000 	/System/Library/Frameworks/SystemConfiguration.framework/Versions/A/SystemConfiguration
0x00007ff80f304000 	/usr/lib/libfakelink.dylib
0x00007ff808ffb000 	/System/Library/Frameworks/CFNetwork.framework/Versions/A/CFNetwork
0x00007ff80f443000 	/usr/lib/libarchive.2.dylib
0x00007ff80dbd6000 	/System/Library/PrivateFrameworks/AppleSystemInfo.framework/Versions/A/AppleSystemInfo
0x00007ff80e94a000 	/usr/lib/libbsm.0.dylib
0x00007ff808631000 	/usr/lib/libnetwork.dylib
0x00007ff80f29d000 	/usr/lib/system/libkxld.dylib
0x00007ff80e578000 	/System/Library/PrivateFrameworks/IOMobileFramebuffer.framework/Versions/A/IOMobileFramebuffer
0x00007ffb1a06b000 	/usr/lib/libCoreEntitlements.dylib
0x00007ff80efb6000 	/System/Library/PrivateFrameworks/AppleFSCompression.framework/Versions/A/AppleFSCompression
0x00007ff80e932000 	/usr/lib/libcoretls.dylib
0x00007ff80fa77000 	/usr/lib/libcoretls_cfhelpers.dylib
0x00007ff80f587000 	/usr/lib/libpam.2.dylib
0x00007ff80a96f000 	/usr/lib/libsqlite3.dylib
0x00007ff80fae6000 	/usr/lib/libxar.1.dylib
0x00007ff80efc6000 	/usr/lib/libbz2.1.0.dylib
0x00007ff80f309000 	/usr/lib/libpcap.A.dylib
0x00007ff80ad44000 	/usr/lib/libdns_services.dylib
0x00007ff80f556000 	/usr/lib/libapple_nghttp2.dylib
0x00007ff80f340000 	/usr/lib/libiconv.2.dylib
0x00007ff80f296000 	/usr/lib/libcharset.1.dylib
0x00007ff80bc6b000 	/System/Library/Frameworks/CoreServices.framework/Versions/A/Frameworks/FSEvents.framework/Versions/A/FSEvents
0x00007ff806bc2000 	/System/Library/Frameworks/CoreServices.framework/Versions/A/Frameworks/CarbonCore.framework/Versions/A/CarbonCore
0x00007ff80af87000 	/System/Library/Frameworks/CoreServices.framework/Versions/A/Frameworks/Metadata.framework/Versions/A/Metadata
0x00007ff80efd9000 	/System/Library/Frameworks/CoreServices.framework/Versions/A/Frameworks/OSServices.framework/Versions/A/OSServices
0x00007ff80f4ca000 	/System/Library/Frameworks/CoreServices.framework/Versions/A/Frameworks/SearchKit.framework/Versions/A/SearchKit
0x00007ff80acd6000 	/System/Library/Frameworks/CoreServices.framework/Versions/A/Frameworks/AE.framework/Versions/A/AE
0x00007ff804ad2000 	/System/Library/Frameworks/CoreServices.framework/Versions/A/Frameworks/LaunchServices.framework/Versions/A/LaunchServices
0x00007ff80fa0e000 	/System/Library/Frameworks/CoreServices.framework/Versions/A/Frameworks/DictionaryServices.framework/Versions/A/DictionaryServices
0x00007ff80bc78000 	/System/Library/Frameworks/CoreServices.framework/Versions/A/Frameworks/SharedFileList.framework/Versions/A/SharedFileList
0x00007ff80e926000 	/usr/lib/libCheckFix.dylib
0x00007ff80950c000 	/System/Library/PrivateFrameworks/TCC.framework/Versions/A/TCC
0x00007ff80dbdc000 	/System/Library/PrivateFrameworks/CoreNLP.framework/Versions/A/CoreNLP
0x00007ff80af37000 	/System/Library/PrivateFrameworks/MetadataUtilities.framework/Versions/A/MetadataUtilities
0x00007ff805216000 	/usr/lib/libmecabra.dylib
0x00007ff80e95a000 	/usr/lib/libmecab.dylib
0x00007ff8051e1000 	/usr/lib/libCRFSuite.dylib
0x00007ff80e9b7000 	/usr/lib/libgermantok.dylib
0x00007ff80f531000 	/usr/lib/libThaiTokenizer.dylib
0x00007ff80b029000 	/System/Library/Frameworks/Accelerate.framework/Versions/A/Frameworks/vImage.framework/Versions/A/vImage
0x00007ff815574000 	/System/Library/Frameworks/Accelerate.framework/Versions/A/Frameworks/vecLib.framework/Versions/A/vecLib
0x00007ff80fb27000 	/System/Library/Frameworks/Accelerate.framework/Versions/A/Frameworks/vecLib.framework/Versions/A/libvMisc.dylib
0x00007ff80e396000 	/System/Library/Frameworks/Accelerate.framework/Versions/A/Frameworks/vecLib.framework/Versions/A/libvDSP.dylib
0x00007ff804e4a000 	/System/Library/Frameworks/Accelerate.framework/Versions/A/Frameworks/vecLib.framework/Versions/A/libBLAS.dylib
0x00007ff80f668000 	/System/Library/Frameworks/Accelerate.framework/Versions/A/Frameworks/vecLib.framework/Versions/A/libLAPACK.dylib
0x00007ff80e9ba000 	/System/Library/Frameworks/Accelerate.framework/Versions/A/Frameworks/vecLib.framework/Versions/A/libLinearAlgebra.dylib
0x00007ff80f56f000 	/System/Library/Frameworks/Accelerate.framework/Versions/A/Frameworks/vecLib.framework/Versions/A/libSparseBLAS.dylib
0x00007ff80f662000 	/System/Library/Frameworks/Accelerate.framework/Versions/A/Frameworks/vecLib.framework/Versions/A/libQuadrature.dylib
0x00007ff80dcc6000 	/System/Library/Frameworks/Accelerate.framework/Versions/A/Frameworks/vecLib.framework/Versions/A/libBNNS.dylib
0x00007ff8050f7000 	/System/Library/Frameworks/Accelerate.framework/Versions/A/Frameworks/vecLib.framework/Versions/A/libSparse.dylib
0x00007ff80dcbf000 	/System/Library/PrivateFrameworks/LinguisticData.framework/Versions/A/LinguisticData
0x00007ff8050ac000 	/System/Library/PrivateFrameworks/Lexicon.framework/Versions/A/Lexicon
0x00007ff80fb20000 	/usr/lib/libChineseTokenizer.dylib
0x00007ff805810000 	/System/Library/PrivateFrameworks/LanguageModeling.framework/Versions/A/LanguageModeling
0x00007ff80f533000 	/System/Library/PrivateFrameworks/AppleSauce.framework/Versions/A/AppleSauce
0x00007ff80e566000 	/System/Library/PrivateFrameworks/CoreEmoji.framework/Versions/A/CoreEmoji
0x00007ff80f432000 	/usr/lib/libcmph.dylib
0x00007ff80bc4f000 	/System/Library/Frameworks/OpenDirectory.framework/Versions/A/Frameworks/CFOpenDirectory.framework/Versions/A/CFOpenDirectory
0x00007ff80bc43000 	/System/Library/Frameworks/OpenDirectory.framework/Versions/A/OpenDirectory
0x00007ff80fa79000 	/System/Library/PrivateFrameworks/APFS.framework/Versions/A/APFS
0x00007ff80e887000 	/System/Library/Frameworks/SecurityFoundation.framework/Versions/A/SecurityFoundation
0x00007ff80faf4000 	/usr/lib/libutil.dylib
0x00007ff806eed000 	/System/Library/PrivateFrameworks/CoreServicesStore.framework/Versions/A/CoreServicesStore
0x00007ff80faf8000 	/usr/lib/libxslt.1.dylib
0x00007ff80e914000 	/System/Library/PrivateFrameworks/BackgroundTaskManagement.framework/Versions/A/BackgroundTaskManagement
0x00007ff810f68000 	/System/Library/Frameworks/ImageIO.framework/Versions/A/Resources/libRadiance.dylib
0x00007ff810f71000 	/System/Library/Frameworks/ImageIO.framework/Versions/A/Resources/libJPEG.dylib
0x00007ff810ec1000 	/System/Library/Frameworks/ImageIO.framework/Versions/A/Resources/libPng.dylib
0x00007ff810ee2000 	/System/Library/Frameworks/ImageIO.framework/Versions/A/Resources/libTIFF.dylib
0x00007ff810fd1000 	/System/Library/Frameworks/ImageIO.framework/Versions/A/Resources/libGIF.dylib
0x00007ff8107f2000 	/System/Library/Frameworks/ImageIO.framework/Versions/A/Resources/libJP2.dylib
0x00007ff80ff34000 	/usr/lib/libexpat.1.dylib
0x00007ff8107a7000 	/System/Library/PrivateFrameworks/AppleJPEG.framework/Versions/A/AppleJPEG
0x00007ff80d11b000 	/System/Library/PrivateFrameworks/FontServices.framework/libFontParser.dylib
0x00007ff80ac80000 	/System/Library/PrivateFrameworks/RunningBoardServices.framework/Versions/A/RunningBoardServices
0x00007ff81b749000 	/System/Library/PrivateFrameworks/IOSurfaceAccelerator.framework/Versions/A/IOSurfaceAccelerator
0x00007ff8108d5000 	/System/Library/PrivateFrameworks/WatchdogClient.framework/Versions/A/WatchdogClient
0x00007ff8058ff000 	/System/Library/Frameworks/CoreDisplay.framework/Versions/A/CoreDisplay
0x00007ff80d01a000 	/System/Library/Frameworks/CoreMedia.framework/Versions/A/CoreMedia
0x00007ff80ceb7000 	/System/Library/PrivateFrameworks/IOAccelerator.framework/Versions/A/IOAccelerator
0x00007ff80bdcb000 	/System/Library/Frameworks/CoreVideo.framework/Versions/A/CoreVideo
0x00007ff80f585000 	/System/Library/Frameworks/MetalPerformanceShaders.framework/Versions/A/MetalPerformanceShaders
0x00007ff810910000 	/System/Library/Frameworks/VideoToolbox.framework/Versions/A/VideoToolbox
0x00007ff80abc8000 	/System/Library/PrivateFrameworks/BaseBoard.framework/Versions/A/BaseBoard
0x00007ff80a955000 	/System/Library/PrivateFrameworks/ProtocolBuffer.framework/Versions/A/ProtocolBuffer
0x00007ff810f61000 	/System/Library/PrivateFrameworks/GPUWrangler.framework/Versions/A/GPUWrangler
0x00007ff810f44000 	/System/Library/PrivateFrameworks/IOPresentment.framework/Versions/A/IOPresentment
0x00007ff810f6b000 	/System/Library/PrivateFrameworks/DSExternalDisplay.framework/Versions/A/DSExternalDisplay
0x00007ffa1c23a000 	/System/Library/Frameworks/OpenGL.framework/Versions/A/Libraries/libCoreFSCache.dylib
0x00007ffb082db000 	/System/Library/PrivateFrameworks/GPUCompiler.framework/Versions/31001/Libraries/libGPUCompilerUtils.dylib
0x00007ff810fd6000 	/System/Library/PrivateFrameworks/CMCaptureCore.framework/Versions/A/CMCaptureCore
0x00007ff8104e0000 	/System/Library/PrivateFrameworks/AppServerSupport.framework/Versions/A/AppServerSupport
0x00007ff8126bd000 	/System/Library/PrivateFrameworks/perfdata.framework/Versions/A/perfdata
0x00007ff805a2b000 	/System/Library/PrivateFrameworks/AudioToolboxCore.framework/Versions/A/AudioToolboxCore
0x00007ff80cff7000 	/System/Library/PrivateFrameworks/caulk.framework/Versions/A/caulk
0x00007ff811fe1000 	/usr/lib/libAudioStatistics.dylib
0x00007ff909304000 	/System/Library/PrivateFrameworks/SystemPolicy.framework/Versions/A/SystemPolicy
0x00007ff812236000 	/usr/lib/libSMC.dylib
0x00007ff81b080000 	/System/Library/Frameworks/CoreMIDI.framework/Versions/A/CoreMIDI
0x00007ff810e91000 	/usr/lib/libAudioToolboxUtility.dylib
0x00007ff905716000 	/System/Library/PrivateFrameworks/OSAServicesClient.framework/Versions/A/OSAServicesClient
0x00007ff8126ca000 	/usr/lib/libperfcheck.dylib
0x00007ff909d96000 	/usr/lib/libmis.dylib
0x00007ffa1c296000 	/System/Library/Frameworks/OpenGL.framework/Versions/A/Libraries/libGLU.dylib
0x00007ffa1c259000 	/System/Library/Frameworks/OpenGL.framework/Versions/A/Libraries/libGFXShared.dylib
0x00007ffa1c467000 	/System/Library/Frameworks/OpenGL.framework/Versions/A/Libraries/libGL.dylib
0x00007ffa1c262000 	/System/Library/Frameworks/OpenGL.framework/Versions/A/Libraries/libGLImage.dylib
0x00007ffa1c256000 	/System/Library/Frameworks/OpenGL.framework/Versions/A/Libraries/libCVMSPluginSupport.dylib
0x00007ffa1c241000 	/System/Library/Frameworks/OpenGL.framework/Versions/A/Libraries/libCoreVMClient.dylib
0x00007ff80db5a000 	/System/Library/Frameworks/MetalPerformanceShaders.framework/Versions/A/Frameworks/MPSCore.framework/Versions/A/MPSCore
0x00007ff80ef21000 	/System/Library/Frameworks/MetalPerformanceShaders.framework/Versions/A/Frameworks/MPSImage.framework/Versions/A/MPSImage
0x00007ff80e9d0000 	/System/Library/Frameworks/MetalPerformanceShaders.framework/Versions/A/Frameworks/MPSNeuralNetwork.framework/Versions/A/MPSNeuralNetwork
0x00007ff80ee45000 	/System/Library/Frameworks/MetalPerformanceShaders.framework/Versions/A/Frameworks/MPSMatrix.framework/Versions/A/MPSMatrix
0x00007ff80ec01000 	/System/Library/Frameworks/MetalPerformanceShaders.framework/Versions/A/Frameworks/MPSRayIntersector.framework/Versions/A/MPSRayIntersector
0x00007ff80ee7e000 	/System/Library/Frameworks/MetalPerformanceShaders.framework/Versions/A/Frameworks/MPSNDArray.framework/Versions/A/MPSNDArray
0x00007ffa20e5b000 	/System/Library/Frameworks/MetalPerformanceShaders.framework/Versions/A/Frameworks/MPSFunctions.framework/Versions/A/MPSFunctions
0x00007ff804d2d000 	/System/Library/PrivateFrameworks/MetalTools.framework/Versions/A/MetalTools
0x00007ff80dbd4000 	/System/Library/PrivateFrameworks/AggregateDictionary.framework/Versions/A/AggregateDictionary
0x00007ff80fd16000 	/usr/lib/libIOReport.dylib
0x00007ffa1d876000 	/System/Library/Frameworks/OpenCL.framework/Versions/A/OpenCL
0x00007ff81007a000 	/System/Library/PrivateFrameworks/FaceCore.framework/Versions/A/FaceCore
0x00007ff81006b000 	/System/Library/PrivateFrameworks/GraphVisualizer.framework/Versions/A/GraphVisualizer
0x00007ffb081e6000 	/System/Library/PrivateFrameworks/FontServices.framework/Versions/A/FontServices
0x00007ff810497000 	/System/Library/PrivateFrameworks/OTSVG.framework/Versions/A/OTSVG
0x00007ff80b9b3000 	/System/Library/Frameworks/ApplicationServices.framework/Versions/A/Frameworks/ATS.framework/Versions/A/Resources/libFontRegistry.dylib
0x00007ff8104e8000 	/System/Library/PrivateFrameworks/FontServices.framework/libhvf.dylib
0x00007ffb081e7000 	/System/Library/PrivateFrameworks/FontServices.framework/libXTFontStaticRegistryData.dylib
0x00007ff80fee4000 	/System/Library/PrivateFrameworks/AppleVA.framework/Versions/A/AppleVA
0x00007ff812005000 	/System/Library/Frameworks/ApplicationServices.framework/Versions/A/Frameworks/ATS.framework/Versions/A/ATS
0x00007ff80a083000 	/System/Library/Frameworks/ApplicationServices.framework/Versions/A/Frameworks/HIServices.framework/Versions/A/HIServices
0x00007ff810fe0000 	/System/Library/Frameworks/ApplicationServices.framework/Versions/A/Frameworks/PrintCore.framework/Versions/A/PrintCore
0x00007ff812389000 	/System/Library/Frameworks/ApplicationServices.framework/Versions/A/Frameworks/QD.framework/Versions/A/QD
0x00007ff812381000 	/System/Library/Frameworks/ApplicationServices.framework/Versions/A/Frameworks/ColorSyncLegacy.framework/Versions/A/ColorSyncLegacy
0x00007ff811ff5000 	/System/Library/Frameworks/ApplicationServices.framework/Versions/A/Frameworks/SpeechSynthesis.framework/Versions/A/SpeechSynthesis
0x00007ff810fa1000 	/System/Library/Frameworks/ApplicationServices.framework/Versions/A/Frameworks/ATSUI.framework/Versions/A/ATSUI
0x00007ff812316000 	/usr/lib/libcups.2.dylib
0x00007ff8126d9000 	/System/Library/Frameworks/Kerberos.framework/Versions/A/Kerberos
0x00007ff8126e8000 	/System/Library/Frameworks/GSS.framework/Versions/A/GSS
0x00007ff812071000 	/usr/lib/libresolv.9.dylib
0x00007ff8104f7000 	/System/Library/PrivateFrameworks/Heimdal.framework/Versions/A/Heimdal
0x00007ff8191d6000 	/System/Library/Frameworks/Kerberos.framework/Versions/A/Libraries/libHeimdalProxy.dylib
0x00007ff80ad55000 	/System/Library/Frameworks/Network.framework/Versions/A/Network
0x00007ff80ff4e000 	/usr/lib/libheimdal-asn1.dylib
0x00007ff812734000 	/System/Library/PrivateFrameworks/CommonAuth.framework/Versions/A/CommonAuth
0x00007ff811f72000 	/System/Library/PrivateFrameworks/AudioSession.framework/Versions/A/AudioSession
0x00007ff80ffde000 	/System/Library/PrivateFrameworks/MediaExperience.framework/Versions/A/MediaExperience
0x00007ff811e06000 	/System/Library/PrivateFrameworks/AudioSession.framework/libSessionUtility.dylib
0x00007ff812395000 	/System/Library/PrivateFrameworks/AudioResourceArbitration.framework/Versions/A/AudioResourceArbitration
0x00007ff816387000 	/System/Library/PrivateFrameworks/PowerLog.framework/Versions/A/PowerLog
0x00007ff80ff57000 	/System/Library/PrivateFrameworks/IconFoundation.framework/Versions/A/IconFoundation
0x00007ff8151a1000 	/System/Library/PrivateFrameworks/SpeechRecognitionCore.framework/Versions/A/SpeechRecognitionCore
0x000000010b2c2000 	/Library/Java/JavaVirtualMachines/jdk-16.0.2.jdk/Contents/Home/lib/server/libjvm.dylib
0x0000000109eb1000 	/Library/Java/JavaVirtualMachines/jdk-16.0.2.jdk/Contents/Home/lib/libjimage.dylib
0x0000000109efe000 	/Library/Java/JavaVirtualMachines/jdk-16.0.2.jdk/Contents/Home/lib/libjdwp.dylib
0x0000000109f40000 	/Library/Java/JavaVirtualMachines/jdk-16.0.2.jdk/Contents/Home/lib/libjava.dylib
0x0000000109ecd000 	/Library/Java/JavaVirtualMachines/jdk-16.0.2.jdk/Contents/Home/lib/libinstrument.dylib
0x000000010b17d000 	/Library/Java/JavaVirtualMachines/jdk-16.0.2.jdk/Contents/Home/lib/libdt_socket.dylib
0x000000010b197000 	/Library/Java/JavaVirtualMachines/jdk-16.0.2.jdk/Contents/Home/lib/libzip.dylib
0x000000010b1b9000 	/Library/Java/JavaVirtualMachines/jdk-16.0.2.jdk/Contents/Home/lib/libnio.dylib
0x000000010b1e7000 	/Library/Java/JavaVirtualMachines/jdk-16.0.2.jdk/Contents/Home/lib/libnet.dylib
0x000000010b1cd000 	/Library/Java/JavaVirtualMachines/jdk-16.0.2.jdk/Contents/Home/lib/libverify.dylib
0x000000010b189000 	/Library/Java/JavaVirtualMachines/jdk-16.0.2.jdk/Contents/Home/lib/libextnet.dylib


VM Arguments:
jvm_args: -XX:+ShowCodeDetailsInExceptionMessages -agentlib:jdwp=transport=dt_socket,suspend=y,address=localhost:56313 -ea -javaagent:/Users/claudiagusti/eclipse/java-2021-06/Eclipse.app/Contents/Eclipse/configuration/org.eclipse.osgi/213/0/.cp/lib/javaagent-shaded.jar -Dfile.encoding=UTF-8 
java_command: org.eclipse.jdt.internal.junit.runner.RemoteTestRunner -version 3 -port 56312 -testLoaderClass org.eclipse.jdt.internal.junit5.runner.JUnit5TestLoader -loaderpluginname org.eclipse.jdt.junit5.runtime -classNames test.csp.CSPTests
java_class_path (initial): /Users/claudiagusti/lmu-cmsi2130-spring2022-homework5-cgusti/bin:/Users/claudiagusti/.p2/pool/plugins/org.junit.jupiter.api_5.7.1.v20210222-1948.jar:/Users/claudiagusti/.p2/pool/plugins/org.junit.jupiter.engine_5.7.1.v20210222-1948.jar:/Users/claudiagusti/.p2/pool/plugins/org.junit.jupiter.migrationsupport_5.7.1.v20210222-1948.jar:/Users/claudiagusti/.p2/pool/plugins/org.junit.jupiter.params_5.7.1.v20210222-1948.jar:/Users/claudiagusti/.p2/pool/plugins/org.junit.platform.commons_1.7.1.v20210222-1948.jar:/Users/claudiagusti/.p2/pool/plugins/org.junit.platform.engine_1.7.1.v20210222-1948.jar:/Users/claudiagusti/.p2/pool/plugins/org.junit.platform.launcher_1.7.1.v20210222-1948.jar:/Users/claudiagusti/.p2/pool/plugins/org.junit.platform.runner_1.7.1.v20210222-1948.jar:/Users/claudiagusti/.p2/pool/plugins/org.junit.platform.suite.api_1.7.1.v20210222-1948.jar:/Users/claudiagusti/.p2/pool/plugins/org.junit.vintage.engine_5.7.1.v20210222-1948.jar:/Users/claudiagusti/.p2/pool/plugins/org.opentest4j_1.2.0.v20190826-0900.jar:/Users/claudiagusti/.p2/pool/plugins/org.apiguardian_1.1.0.v20190826-0900.jar:/Users/claudiagusti/.p2/pool/plugins/org.junit_4.13.0.v20200204-1500.jar:/Users/claudiagusti/.p2/pool/plugins/org.hamcrest.core_1.3.0.v20180420-1519.jar:/Users/claudiagusti/eclipse/java-2021-06/Eclipse.app/Contents/Eclipse/configuration/org.eclipse.osgi/212/0/.cp:/Users/claudiagusti/eclipse/java-2021-06/Eclipse.app/Contents/Eclipse/configuration/org.eclipse.osgi/210/0/.cp
Launcher Type: SUN_STANDARD

[Global flags]
     intx CICompilerCount                          = 12                                        {product} {ergonomic}
     uint ConcGCThreads                            = 3                                         {product} {ergonomic}
     uint G1ConcRefinementThreads                  = 13                                        {product} {ergonomic}
   size_t G1HeapRegionSize                         = 4194304                                   {product} {ergonomic}
    uintx GCDrainStackTargetSize                   = 64                                        {product} {ergonomic}
   size_t InitialHeapSize                          = 536870912                                 {product} {ergonomic}
   size_t MarkStackSize                            = 4194304                                   {product} {ergonomic}
   size_t MaxHeapSize                              = 8589934592                                {product} {ergonomic}
   size_t MaxNewSize                               = 5150605312                                {product} {ergonomic}
   size_t MinHeapDeltaBytes                        = 4194304                                   {product} {ergonomic}
   size_t MinHeapSize                              = 8388608                                   {product} {ergonomic}
    uintx NonNMethodCodeHeapSize                   = 7602480                                {pd product} {ergonomic}
    uintx NonProfiledCodeHeapSize                  = 122027880                              {pd product} {ergonomic}
    uintx ProfiledCodeHeapSize                     = 122027880                              {pd product} {ergonomic}
    uintx ReservedCodeCacheSize                    = 251658240                              {pd product} {ergonomic}
     bool SegmentedCodeCache                       = true                                      {product} {ergonomic}
     bool ShowCodeDetailsInExceptionMessages       = true                                   {manageable} {command line}
   size_t SoftMaxHeapSize                          = 8589934592                             {manageable} {ergonomic}
     bool UseCompressedClassPointers               = true                           {product lp64_product} {ergonomic}
     bool UseCompressedOops                        = true                           {product lp64_product} {ergonomic}
     bool UseG1GC                                  = true                                      {product} {ergonomic}
     bool UseNUMA                                  = false                                     {product} {ergonomic}
     bool UseNUMAInterleaving                      = false                                     {product} {ergonomic}

Logging:
Log output configuration:
 #0: stdout all=warning uptime,level,tags
 #1: stderr all=off uptime,level,tags

Environment Variables:
PATH=/usr/bin:/bin:/usr/sbin:/sbin
SHELL=/bin/zsh

Signal Handlers:
SIGSEGV: [libjvm.dylib+0xa7bdc0], sa_mask[0]=11100110000111110111111111111111, sa_flags=SA_ONSTACK|SA_RESTART|SA_SIGINFO
SIGBUS: [libjvm.dylib+0xa7bdc0], sa_mask[0]=11100110000111110111111111111111, sa_flags=SA_RESTART|SA_SIGINFO
SIGFPE: [libjvm.dylib+0xa7bdc0], sa_mask[0]=11100110000111110111111111111111, sa_flags=SA_RESTART|SA_SIGINFO
SIGPIPE: [libjvm.dylib+0x945be0], sa_mask[0]=11100110000111110111111111111111, sa_flags=SA_RESTART|SA_SIGINFO
SIGXFSZ: [libjvm.dylib+0x945be0], sa_mask[0]=11100110000111110111111111111111, sa_flags=SA_RESTART|SA_SIGINFO
SIGILL: [libjvm.dylib+0xa7bdc0], sa_mask[0]=11100110000111110111111111111111, sa_flags=SA_RESTART|SA_SIGINFO
SIGUSR2: [libjvm.dylib+0x946690], sa_mask[0]=00100000000000000000000000000000, sa_flags=SA_RESTART|SA_SIGINFO
SIGHUP: [libjvm.dylib+0x944c50], sa_mask[0]=11100110000111110111111111111111, sa_flags=SA_RESTART|SA_SIGINFO
SIGINT: [libjvm.dylib+0x944c50], sa_mask[0]=11100110000111110111111111111111, sa_flags=SA_RESTART|SA_SIGINFO
SIGTERM: [libjvm.dylib+0x944c50], sa_mask[0]=11100110000111110111111111111111, sa_flags=SA_RESTART|SA_SIGINFO
SIGQUIT: [libjvm.dylib+0x944c50], sa_mask[0]=11100110000111110111111111111111, sa_flags=SA_RESTART|SA_SIGINFO
SIGTRAP: [libjvm.dylib+0xa7bdc0], sa_mask[0]=11100110000111110111111111111111, sa_flags=SA_RESTART|SA_SIGINFO


---------------  S Y S T E M  ---------------

OS:uname: Darwin 21.3.0 Darwin Kernel Version 21.3.0: Wed Jan  5 21:37:58 PST 2022; root:xnu-8019.80.24~20/RELEASE_X86_64 x86_64
OS uptime: 9 days 7:54 hours
rlimit (soft/hard): STACK 8192k/65532k , CORE 0k/infinity , NPROC 5568/8352 , NOFILE 10240/infinity , AS infinity/infinity , CPU infinity/infinity , DATA infinity/infinity , FSIZE infinity/infinity , MEMLOCK infinity/infinity , RSS infinity/infinity
load average: 1.39 1.82 1.95

CPU: total 16 (initial active 16) (8 cores per cpu, 2 threads per core) family 6 model 158 stepping 13 microcode 0xec, cx8, cmov, fxsr, ht, mmx, 3dnowpref, sse, sse2, sse3, ssse3, sse4.1, sse4.2, popcnt, lzcnt, tsc, tscinvbit, avx, avx2, aes, erms, clmul, bmi1, bmi2, adx, fma, vzeroupper, clflush, clflushopt

Memory: 4k page, physical 33554432k(3414344k free), swap 3145728k(1587456k free)

vm_info: Java HotSpot(TM) 64-Bit Server VM (16.0.2+7-67) for bsd-amd64 JRE (16.0.2+7-67), built on Jun  8 2021 22:22:46 by "mach5one" with clang 4.2.1 Compatible Apple LLVM 11.0.0 (clang-1100.0.33.17)

END.
