#
# A fatal error has been detected by the Java Runtime Environment:
#
#  SIGSEGV (0xb) at pc=0x0000000101767f7e, pid=59798, tid=17155
#
# JRE version: Java(TM) SE Runtime Environment (16.0.2+7) (build 16.0.2+7-67)
# Java VM: Java HotSpot(TM) 64-Bit Server VM (16.0.2+7-67, mixed mode, sharing, tiered, compressed oops, compressed class ptrs, g1 gc, bsd-amd64)
# Problematic frame:
# V  [libjvm.dylib+0x481f7e]  _ZN14GenerateOopMap11bb_mark_fctEPS_iPi+0xe
#
# No core dump will be written. Core dumps have been disabled. To enable core dumping, try "ulimit -c unlimited" before starting Java again
#
# If you would like to submit a bug report, please visit:
#   https://bugreport.java.com/bugreport/crash.jsp
#

---------------  S U M M A R Y ------------

Command Line: -XX:+ShowCodeDetailsInExceptionMessages -agentlib:jdwp=transport=dt_socket,suspend=y,address=localhost:55197 -ea -javaagent:/Users/claudiagusti/eclipse/java-2021-06/Eclipse.app/Contents/Eclipse/configuration/org.eclipse.osgi/213/0/.cp/lib/javaagent-shaded.jar -Dfile.encoding=UTF-8 org.eclipse.jdt.internal.junit.runner.RemoteTestRunner -version 3 -port 55196 -testLoaderClass org.eclipse.jdt.internal.junit5.runner.JUnit5TestLoader -loaderpluginname org.eclipse.jdt.junit5.runtime -classNames test.csp.CSPTests

Host: MacBookPro16,1 x86_64 2300 MHz, 16 cores, 32G, Darwin 21.3.0, macOS 10.16 (21D62)
Time: Thu May  5 14:00:59 2022 PDT elapsed time: 1017.705158 seconds (0d 0h 16m 57s)

---------------  T H R E A D  ---------------

Current thread (0x00007fe863315ac0):  VMThread "VM Thread" [stack: 0x000070000ea11000,0x000070000eb11000] [id=17155]

Stack: [0x000070000ea11000,0x000070000eb11000],  sp=0x000070000eb0f548,  free space=1017k
Native frames: (J=compiled Java code, A=aot compiled Java code, j=interpreted, Vv=VM code, C=native code)
V  [libjvm.dylib+0x481f7e]  _ZN14GenerateOopMap11bb_mark_fctEPS_iPi+0xe
V  [libjvm.dylib+0x482124]  _ZN14GenerateOopMap34mark_bbheaders_and_count_gc_pointsEv+0x154
V  [libjvm.dylib+0x48ad63]  _ZN14GenerateOopMap11compute_mapEP6Thread+0x1e3
V  [libjvm.dylib+0x88436a]  _ZN19OopMapForCacheEntry11compute_mapEP6Thread+0x5a
V  [libjvm.dylib+0x88518f]  _ZN16OopMapCacheEntry4fillERK12methodHandlei+0xcf
V  [libjvm.dylib+0x8863db]  _ZN11OopMapCache19compute_one_oop_mapERK12methodHandleiP17InterpreterOopMap+0x6b
V  [libjvm.dylib+0x833436]  _ZN6Method8mask_forEiP17InterpreterOopMap+0x96
V  [libjvm.dylib+0xa6d40d]  _ZNK17interpretedVFrame10stack_dataEb+0x4d
V  [libjvm.dylib+0x6daba3]  _ZN16VM_GetOrSetLocal4doitEv+0x173
V  [libjvm.dylib+0xa80c16]  _ZN12VM_Operation8evaluateEv+0xd6
V  [libjvm.dylib+0xa85ed6]  _ZN8VMThread18evaluate_operationEP12VM_Operation+0x136
V  [libjvm.dylib+0xa866a4]  _ZN8VMThread13inner_executeEP12VM_Operation+0x194
V  [libjvm.dylib+0xa85b3c]  _ZN8VMThread3runEv+0xbc
V  [libjvm.dylib+0xa01d11]  _ZN6Thread8call_runEv+0x71
V  [libjvm.dylib+0x890937]  _ZL19thread_native_entryP6Thread+0x157
C  [libsystem_pthread.dylib+0x64f4]  _pthread_start+0x7d
C  [libsystem_pthread.dylib+0x200f]  thread_start+0xf


siginfo: si_signo: 11 (SIGSEGV), si_code: 0 (unknown), si_addr: 0x0000000000000000

Register to memory mapping:

RAX=0x00007fe8520be920 points into unknown readable memory: 0x8000400000000001 | 01 00 00 00 00 40 00 80
RBX=0x0000000101767f70: _ZN14GenerateOopMap11bb_mark_fctEPS_iPi+0 in /Library/Java/JavaVirtualMachines/jdk-16.0.2.jdk/Contents/Home/lib/server/libjvm.dylib at 0x00000001012e6000
RCX=0x03fffffffffffffd is an unknown value
RDX=0x0 is NULL
RSP=0x000070000eb0f548 points into unknown readable memory: 0x000000010176826e | 6e 82 76 01 01 00 00 00
RBP=0x000070000eb0f5a0 points into unknown readable memory: 0x000070000eb0f620 | 20 f6 b0 0e 00 70 00 00
RSI=0xffffffffffffff7b is an unknown value
RDI=0x000070000eb0f720 points into unknown readable memory: 0x0000000101f2b068 | 68 b0 f2 01 01 00 00 00
R8 =0x0 is NULL
R9 =0xffffffff00000000 is an unknown value
R10=0x0000000101f55140: _ZL8tc_mutex+0x18 in /Library/Java/JavaVirtualMachines/jdk-16.0.2.jdk/Contents/Home/lib/server/libjvm.dylib at 0x00000001012e6000
R11=0x0000000000000200 is an unknown value
R12=0x0000000000000062 is an unknown value
R13=0x000070000eb0f720 points into unknown readable memory: 0x0000000101f2b068 | 68 b0 f2 01 01 00 00 00
R14=0x0 is NULL
R15=0x000000000000009a is an unknown value


Registers:
RAX=0x00007fe8520be920, RBX=0x0000000101767f70, RCX=0x03fffffffffffffd, RDX=0x0000000000000000
RSP=0x000070000eb0f548, RBP=0x000070000eb0f5a0, RSI=0xffffffffffffff7b, RDI=0x000070000eb0f720
R8 =0x0000000000000000, R9 =0xffffffff00000000, R10=0x0000000101f55140, R11=0x0000000000000200
R12=0x0000000000000062, R13=0x000070000eb0f720, R14=0x0000000000000000, R15=0x000000000000009a
RIP=0x0000000101767f7e, EFLAGS=0x0000000000010a03, ERR=0x0000000000000000
  TRAPNO=0x000000000000000d

Top of Stack: (sp=0x000070000eb0f548)
0x000070000eb0f548:   000000010176826e 00000000ffffffff
0x000070000eb0f558:   0000000100e21367 000070000eb0f5a0
0x000070000eb0f568:   0000000101767f70 0000000000000000
0x000070000eb0f578:   000070000eb0f5c0 000070000eb0f720
0x000070000eb0f588:   000000000eb0f501 0000000000000062
0x000070000eb0f598:   000000000000009a 000070000eb0f620
0x000070000eb0f5a8:   0000000101768124 000070000eb0f620
0x000070000eb0f5b8:   000070000eb0f790 bda8b8f2ac8a00ec
0x000070000eb0f5c8:   0000000100e213e8 00007fe863315ac0
0x000070000eb0f5d8:   0000006500000062 0000009a0000007c
0x000070000eb0f5e8:   0000009a01760000 bda8b8f2ac8a00ec
0x000070000eb0f5f8:   00007fe8520be8d0 00007fe8520be8d0
0x000070000eb0f608:   0000000000000000 00007fe863315ac0
0x000070000eb0f618:   000070000eb0f720 000070000eb0f6c0
0x000070000eb0f628:   0000000101770d63 000070000eb00100
0x000070000eb0f638:   0000000000000000 00007fe86389cda0
0x000070000eb0f648:   000070000eb0f700 000070000eb0f6c0
0x000070000eb0f658:   0000000101e004ae 0000000000000000
0x000070000eb0f668:   00007fe863310000 0000000000000000
0x000070000eb0f678:   00006000031f4000 00000001002bb000
0x000070000eb0f688:   00006000031f48c0 0000000000000000
0x000070000eb0f698:   0000000000000000 000070000eb0f720
0x000070000eb0f6a8:   00007fe863315ac0 0000600002a81ad0
0x000070000eb0f6b8:   00007fe8520c55e8 000070000eb0f710
0x000070000eb0f6c8:   0000000101b6a36a 00007fe8520bd600
0x000070000eb0f6d8:   00007fe8520be880 00000000000083b0
0x000070000eb0f6e8:   00006000031f48c0 000070000eb0f720
0x000070000eb0f6f8:   0000000000000000 000000000000004f
0x000070000eb0f708:   000070000eb0f850 000070000eb0f810
0x000070000eb0f718:   0000000101b6b18f 0000000101f2b068
0x000070000eb0f728:   0000000100e213e8 00007fe863315ac0
0x000070000eb0f738:   0000000000000000 0000000500000006 

Instructions: (pc=0x0000000101767f7e)
0x0000000101767e7e:   35 8a 82 69 00 4c 89 f7 31 c0 e8 73 73 41 00 83
0x0000000101767e8e:   3b 00 78 09 48 8d 35 79 82 69 00 eb 07 48 8d 35
0x0000000101767e9e:   6d 82 69 00 4c 89 f7 31 c0 e8 54 73 41 00 8b 13
0x0000000101767eae:   f7 c2 00 00 00 08 75 11 f7 c2 00 00 00 04 75 1e
0x0000000101767ebe:   48 8d 35 55 82 69 00 eb 07 48 8d 35 47 82 69 00
0x0000000101767ece:   4c 89 f7 31 c0 5b 41 5e 5d e9 24 73 41 00 89 d0
0x0000000101767ede:   25 00 00 00 f0 3d 00 00 00 40 75 18 89 d0 25 ff
0x0000000101767eee:   ff ff 00 f7 c2 00 00 00 02 75 1b 48 8d 35 2f 82
0x0000000101767efe:   69 00 eb 2a 81 e2 ff ff ff 03 48 8d 35 28 82 69
0x0000000101767f0e:   00 4c 89 f7 eb 1d f7 c2 00 00 00 01 75 09 48 8d
0x0000000101767f1e:   35 04 82 69 00 eb 07 48 8d 35 f3 81 69 00 4c 89
0x0000000101767f2e:   f7 89 c2 31 c0 5b 41 5e 5d e9 c4 72 41 00 0f 1f
0x0000000101767f3e:   40 00 55 48 89 e5 48 c7 47 68 00 00 00 00 48 8b
0x0000000101767f4e:   47 08 48 83 c7 70 48 8b 40 08 0f b7 70 28 5d e9
0x0000000101767f5e:   5e 5f d3 ff 66 2e 0f 1f 84 00 00 00 00 00 0f 1f
0x0000000101767f6e:   40 00 48 63 f6 48 8b 47 70 48 89 f1 48 c1 e9 06
0x0000000101767f7e:   48 8b 04 c8 48 0f a3 f0 73 01 c3 55 48 89 e5 53
0x0000000101767f8e:   50 48 89 fb 48 8d 7f 70 ba 01 00 00 00 e8 e0 68
0x0000000101767f9e:   d3 ff ff 43 6c 48 83 c4 08 5b 5d c3 66 0f 1f 44
0x0000000101767fae:   00 00 55 48 89 e5 48 83 c7 70 48 63 f6 ba 01 00
0x0000000101767fbe:   00 00 5d e9 ba 68 d3 ff 66 2e 0f 1f 84 00 00 00
0x0000000101767fce:   00 00 55 48 89 e5 41 57 41 56 41 55 41 54 53 48
0x0000000101767fde:   83 ec 48 49 89 fc 48 8b 05 a5 51 71 00 48 8b 00
0x0000000101767fee:   48 89 45 d0 48 c7 47 68 00 00 00 00 48 8d 7f 70
0x0000000101767ffe:   49 8b 44 24 08 48 8b 40 08 0f b7 70 28 48 89 7d
0x000000010176800e:   98 e8 ac 5e d3 ff 49 8b 5c 24 08 48 8b 7b 08 f6
0x000000010176801e:   47 24 08 74 79 e8 18 a4 eb ff 49 89 c6 48 8b 7b
0x000000010176802e:   08 e8 2c a7 eb ff 25 ff ff 00 00 74 61 41 89 c7
0x000000010176803e:   49 c1 e7 03 31 db 66 2e 0f 1f 84 00 00 00 00 00
0x000000010176804e:   66 90 41 0f b7 74 1e 04 49 8b 44 24 70 48 89 f1
0x000000010176805e:   48 c1 e9 06 48 8b 04 c8 48 0f a3 f0 73 14 48 83
0x000000010176806e:   c3 08 49 39 df 75 db eb 25 66 0f 1f 84 00 00 00 


Stack slot to memory mapping:
stack at sp + 0 slots: 0x000000010176826e: _ZN14GenerateOopMap15jump_targets_doEP14BytecodeStreamPFvPS_iPiES3_+0x7e in /Library/Java/JavaVirtualMachines/jdk-16.0.2.jdk/Contents/Home/lib/server/libjvm.dylib at 0x00000001012e6000
stack at sp + 1 slots: 0x00000000ffffffff is an unknown value
stack at sp + 2 slots: 0x0000000100e21367 is pointing into metadata
stack at sp + 3 slots: 0x000070000eb0f5a0 points into unknown readable memory: 0x000070000eb0f620 | 20 f6 b0 0e 00 70 00 00
stack at sp + 4 slots: 0x0000000101767f70: _ZN14GenerateOopMap11bb_mark_fctEPS_iPi+0 in /Library/Java/JavaVirtualMachines/jdk-16.0.2.jdk/Contents/Home/lib/server/libjvm.dylib at 0x00000001012e6000
stack at sp + 5 slots: 0x0 is NULL
stack at sp + 6 slots: 0x000070000eb0f5c0 points into unknown readable memory: 0xbda8b8f2ac8a00ec | ec 00 8a ac f2 b8 a8 bd
stack at sp + 7 slots: 0x000070000eb0f720 points into unknown readable memory: 0x0000000101f2b068 | 68 b0 f2 01 01 00 00 00

VM_Operation (0x000070000fa40aa8): get/set locals, mode: safepoint, requested by thread 0x00007fe85300ca00


---------------  P R O C E S S  ---------------

Threads class SMR info:
_java_thread_list=0x00006000024b5700, length=16, elements={
0x00007fe86280fc00, 0x00007fe86380a800, 0x00007fe863809800, 0x00007fe8640f9a00,
0x00007fe8640f8e00, 0x00007fe85200a400, 0x00007fe85200aa00, 0x00007fe8640f9400,
0x00007fe86380ae00, 0x00007fe86200fa00, 0x00007fe85300ca00, 0x00007fe85300d000,
0x00007fe85300d600, 0x00007fe862014a00, 0x00007fe84200e200, 0x00007fe864147200
}

Java Threads: ( => current thread )
  0x00007fe86280fc00 JavaThread "main" [_thread_blocked, id=9731, stack(0x000070000e3ff000,0x000070000e4ff000)]
  0x00007fe86380a800 JavaThread "Reference Handler" daemon [_thread_blocked, id=16899, stack(0x000070000eb14000,0x000070000ec14000)]
  0x00007fe863809800 JavaThread "Finalizer" daemon [_thread_blocked, id=16643, stack(0x000070000ec17000,0x000070000ed17000)]
  0x00007fe8640f9a00 JavaThread "Signal Dispatcher" daemon [_thread_blocked, id=43011, stack(0x000070000ee20000,0x000070000ef20000)]
  0x00007fe8640f8e00 JavaThread "Service Thread" daemon [_thread_blocked, id=42499, stack(0x000070000ef23000,0x000070000f023000)]
  0x00007fe85200a400 JavaThread "Monitor Deflation Thread" daemon [_thread_blocked, id=42243, stack(0x000070000f026000,0x000070000f126000)]
  0x00007fe85200aa00 JavaThread "C2 CompilerThread0" daemon [_thread_blocked, id=41987, stack(0x000070000f129000,0x000070000f229000)]
  0x00007fe8640f9400 JavaThread "C1 CompilerThread0" daemon [_thread_blocked, id=41731, stack(0x000070000f22c000,0x000070000f32c000)]
  0x00007fe86380ae00 JavaThread "Sweeper thread" daemon [_thread_blocked, id=41475, stack(0x000070000f32f000,0x000070000f42f000)]
  0x00007fe86200fa00 JavaThread "Common-Cleaner" daemon [_thread_blocked, id=40963, stack(0x000070000f432000,0x000070000f532000)]
  0x00007fe85300ca00 JavaThread "JDWP Transport Listener: dt_socket" daemon [_thread_blocked, id=39687, stack(0x000070000f941000,0x000070000fa41000)]
  0x00007fe85300d000 JavaThread "JDWP Event Helper Thread" daemon [_thread_blocked, id=25091, stack(0x000070000fa44000,0x000070000fb44000)]
  0x00007fe85300d600 JavaThread "JDWP Command Reader" daemon [_thread_in_native, id=39171, stack(0x000070000fb47000,0x000070000fc47000)]
  0x00007fe862014a00 JavaThread "Notification Thread" daemon [_thread_blocked, id=25859, stack(0x000070000fc4a000,0x000070000fd4a000)]
  0x00007fe84200e200 JavaThread "ReaderThread" [_thread_in_native, id=26371, stack(0x000070000ff53000,0x0000700010053000)]
  0x00007fe864147200 JavaThread "Time-limited test" daemon [_thread_blocked, id=35331, stack(0x0000700010b77000,0x0000700010c77000)]

Other Threads:
=>0x00007fe863315ac0 VMThread "VM Thread" [stack: 0x000070000ea11000,0x000070000eb11000] [id=17155]
  0x00007fe86300f690 WatcherThread [stack: 0x000070000fd4d000,0x000070000fe4d000] [id=38659]
  0x00007fe863009440 GCTaskThread "GC Thread#0" [stack: 0x000070000e502000,0x000070000e602000] [id=19971]
  0x00007fe863012a70 GCTaskThread "GC Thread#1" [stack: 0x0000700010056000,0x0000700010156000] [id=26883]
  0x00007fe86320aba0 GCTaskThread "GC Thread#2" [stack: 0x0000700010159000,0x0000700010259000] [id=27139]
  0x00007fe86320aea0 GCTaskThread "GC Thread#3" [stack: 0x000070001025c000,0x000070001035c000] [id=37635]
  0x00007fe86320b370 GCTaskThread "GC Thread#4" [stack: 0x000070001035f000,0x000070001045f000] [id=27907]
  0x00007fe86320b840 GCTaskThread "GC Thread#5" [stack: 0x0000700010462000,0x0000700010562000] [id=37123]
  0x00007fe86320bd10 GCTaskThread "GC Thread#6" [stack: 0x0000700010565000,0x0000700010665000] [id=28163]
  0x00007fe86320c1e0 GCTaskThread "GC Thread#7" [stack: 0x0000700010668000,0x0000700010768000] [id=28419]
  0x00007fe86320c6b0 GCTaskThread "GC Thread#8" [stack: 0x000070001076b000,0x000070001086b000] [id=28675]
  0x00007fe86320cb80 GCTaskThread "GC Thread#9" [stack: 0x000070001086e000,0x000070001096e000] [id=29187]
  0x00007fe86320d050 GCTaskThread "GC Thread#10" [stack: 0x0000700010971000,0x0000700010a71000] [id=35843]
  0x00007fe86320d520 GCTaskThread "GC Thread#11" [stack: 0x0000700010a74000,0x0000700010b74000] [id=29443]
  0x00007fe863304420 ConcurrentGCThread "G1 Main Marker" [stack: 0x000070000e605000,0x000070000e705000] [id=12547]
  0x00007fe863304d00 ConcurrentGCThread "G1 Conc#0" [stack: 0x000070000e708000,0x000070000e808000] [id=13059]
  0x00007fe8633118a0 ConcurrentGCThread "G1 Refine#0" [stack: 0x000070000e80b000,0x000070000e90b000] [id=18691]
  0x00007fe863312190 ConcurrentGCThread "G1 Service" [stack: 0x000070000e90e000,0x000070000ea0e000] [id=18179]

Threads with active compile tasks:

VM state: at safepoint (normal execution)

VM Mutex/Monitor currently owned by a thread:  ([mutex/lock_event])
[0x0000600000a85680] Threads_lock - owner thread: 0x00007fe863315ac0

Heap address: 0x0000000600000000, size: 8192 MB, Compressed Oops mode: Zero based, Oop shift amount: 3

CDS archive(s) mapped at: [0x0000000800000000-0x0000000800bbb000-0x0000000800bbb000), size 12300288, SharedBaseAddress: 0x0000000800000000, ArchiveRelocationMode: 0.
Compressed class space mapped at: 0x0000000800c00000-0x0000000840c00000, reserved size: 1073741824
Narrow klass base: 0x0000000800000000, Narrow klass shift: 3, Narrow klass range: 0x100000000

GC Precious Log:
 CPUs: 16 total, 16 available
 Memory: 32768M
 Large Page Support: Disabled
 NUMA Support: Disabled
 Compressed Oops: Enabled (Zero based)
 Heap Region Size: 4M
 Heap Min Capacity: 8M
 Heap Initial Capacity: 512M
 Heap Max Capacity: 8G
 Pre-touch: Disabled
 Parallel Workers: 13
 Concurrent Workers: 3
 Concurrent Refinement Workers: 13
 Periodic GC: Disabled

Heap:
 garbage-first heap   total 532480K, used 22617K [0x0000000600000000, 0x0000000800000000)
  region size 4096K, 6 young (24576K), 1 survivors (4096K)
 Metaspace       used 7107K, committed 7296K, reserved 1056768K
  class space    used 788K, committed 896K, reserved 1048576K

Heap Regions: E=young(eden), S=young(survivor), O=old, HS=humongous(starts), HC=humongous(continues), CS=collection set, F=free, OA=open archive, CA=closed archive, TAMS=top-at-mark-start (previous, next)
|   0|0x0000000600000000, 0x0000000600000000, 0x0000000600400000|  0%| F|  |TAMS 0x0000000600000000, 0x0000000600000000| Untracked 
|   1|0x0000000600400000, 0x0000000600400000, 0x0000000600800000|  0%| F|  |TAMS 0x0000000600400000, 0x0000000600400000| Untracked 
|   2|0x0000000600800000, 0x0000000600800000, 0x0000000600c00000|  0%| F|  |TAMS 0x0000000600800000, 0x0000000600800000| Untracked 
|   3|0x0000000600c00000, 0x0000000600c00000, 0x0000000601000000|  0%| F|  |TAMS 0x0000000600c00000, 0x0000000600c00000| Untracked 
|   4|0x0000000601000000, 0x0000000601000000, 0x0000000601400000|  0%| F|  |TAMS 0x0000000601000000, 0x0000000601000000| Untracked 
|   5|0x0000000601400000, 0x0000000601400000, 0x0000000601800000|  0%| F|  |TAMS 0x0000000601400000, 0x0000000601400000| Untracked 
|   6|0x0000000601800000, 0x0000000601800000, 0x0000000601c00000|  0%| F|  |TAMS 0x0000000601800000, 0x0000000601800000| Untracked 
|   7|0x0000000601c00000, 0x0000000601c00000, 0x0000000602000000|  0%| F|  |TAMS 0x0000000601c00000, 0x0000000601c00000| Untracked 
|   8|0x0000000602000000, 0x0000000602000000, 0x0000000602400000|  0%| F|  |TAMS 0x0000000602000000, 0x0000000602000000| Untracked 
|   9|0x0000000602400000, 0x0000000602400000, 0x0000000602800000|  0%| F|  |TAMS 0x0000000602400000, 0x0000000602400000| Untracked 
|  10|0x0000000602800000, 0x0000000602800000, 0x0000000602c00000|  0%| F|  |TAMS 0x0000000602800000, 0x0000000602800000| Untracked 
|  11|0x0000000602c00000, 0x0000000602c00000, 0x0000000603000000|  0%| F|  |TAMS 0x0000000602c00000, 0x0000000602c00000| Untracked 
|  12|0x0000000603000000, 0x0000000603000000, 0x0000000603400000|  0%| F|  |TAMS 0x0000000603000000, 0x0000000603000000| Untracked 
|  13|0x0000000603400000, 0x0000000603400000, 0x0000000603800000|  0%| F|  |TAMS 0x0000000603400000, 0x0000000603400000| Untracked 
|  14|0x0000000603800000, 0x0000000603800000, 0x0000000603c00000|  0%| F|  |TAMS 0x0000000603800000, 0x0000000603800000| Untracked 
|  15|0x0000000603c00000, 0x0000000603c00000, 0x0000000604000000|  0%| F|  |TAMS 0x0000000603c00000, 0x0000000603c00000| Untracked 
|  16|0x0000000604000000, 0x0000000604000000, 0x0000000604400000|  0%| F|  |TAMS 0x0000000604000000, 0x0000000604000000| Untracked 
|  17|0x0000000604400000, 0x0000000604400000, 0x0000000604800000|  0%| F|  |TAMS 0x0000000604400000, 0x0000000604400000| Untracked 
|  18|0x0000000604800000, 0x0000000604800000, 0x0000000604c00000|  0%| F|  |TAMS 0x0000000604800000, 0x0000000604800000| Untracked 
|  19|0x0000000604c00000, 0x0000000604c00000, 0x0000000605000000|  0%| F|  |TAMS 0x0000000604c00000, 0x0000000604c00000| Untracked 
|  20|0x0000000605000000, 0x0000000605000000, 0x0000000605400000|  0%| F|  |TAMS 0x0000000605000000, 0x0000000605000000| Untracked 
|  21|0x0000000605400000, 0x0000000605400000, 0x0000000605800000|  0%| F|  |TAMS 0x0000000605400000, 0x0000000605400000| Untracked 
|  22|0x0000000605800000, 0x0000000605800000, 0x0000000605c00000|  0%| F|  |TAMS 0x0000000605800000, 0x0000000605800000| Untracked 
|  23|0x0000000605c00000, 0x0000000605c00000, 0x0000000606000000|  0%| F|  |TAMS 0x0000000605c00000, 0x0000000605c00000| Untracked 
|  24|0x0000000606000000, 0x0000000606000000, 0x0000000606400000|  0%| F|  |TAMS 0x0000000606000000, 0x0000000606000000| Untracked 
|  25|0x0000000606400000, 0x0000000606400000, 0x0000000606800000|  0%| F|  |TAMS 0x0000000606400000, 0x0000000606400000| Untracked 
|  26|0x0000000606800000, 0x0000000606800000, 0x0000000606c00000|  0%| F|  |TAMS 0x0000000606800000, 0x0000000606800000| Untracked 
|  27|0x0000000606c00000, 0x0000000606c00000, 0x0000000607000000|  0%| F|  |TAMS 0x0000000606c00000, 0x0000000606c00000| Untracked 
|  28|0x0000000607000000, 0x0000000607000000, 0x0000000607400000|  0%| F|  |TAMS 0x0000000607000000, 0x0000000607000000| Untracked 
|  29|0x0000000607400000, 0x0000000607400000, 0x0000000607800000|  0%| F|  |TAMS 0x0000000607400000, 0x0000000607400000| Untracked 
|  30|0x0000000607800000, 0x0000000607800000, 0x0000000607c00000|  0%| F|  |TAMS 0x0000000607800000, 0x0000000607800000| Untracked 
|  31|0x0000000607c00000, 0x0000000607c00000, 0x0000000608000000|  0%| F|  |TAMS 0x0000000607c00000, 0x0000000607c00000| Untracked 
|  32|0x0000000608000000, 0x0000000608000000, 0x0000000608400000|  0%| F|  |TAMS 0x0000000608000000, 0x0000000608000000| Untracked 
|  33|0x0000000608400000, 0x0000000608400000, 0x0000000608800000|  0%| F|  |TAMS 0x0000000608400000, 0x0000000608400000| Untracked 
|  34|0x0000000608800000, 0x0000000608800000, 0x0000000608c00000|  0%| F|  |TAMS 0x0000000608800000, 0x0000000608800000| Untracked 
|  35|0x0000000608c00000, 0x0000000608c00000, 0x0000000609000000|  0%| F|  |TAMS 0x0000000608c00000, 0x0000000608c00000| Untracked 
|  36|0x0000000609000000, 0x0000000609000000, 0x0000000609400000|  0%| F|  |TAMS 0x0000000609000000, 0x0000000609000000| Untracked 
|  37|0x0000000609400000, 0x0000000609400000, 0x0000000609800000|  0%| F|  |TAMS 0x0000000609400000, 0x0000000609400000| Untracked 
|  38|0x0000000609800000, 0x0000000609800000, 0x0000000609c00000|  0%| F|  |TAMS 0x0000000609800000, 0x0000000609800000| Untracked 
|  39|0x0000000609c00000, 0x0000000609c00000, 0x000000060a000000|  0%| F|  |TAMS 0x0000000609c00000, 0x0000000609c00000| Untracked 
|  40|0x000000060a000000, 0x000000060a000000, 0x000000060a400000|  0%| F|  |TAMS 0x000000060a000000, 0x000000060a000000| Untracked 
|  41|0x000000060a400000, 0x000000060a400000, 0x000000060a800000|  0%| F|  |TAMS 0x000000060a400000, 0x000000060a400000| Untracked 
|  42|0x000000060a800000, 0x000000060a800000, 0x000000060ac00000|  0%| F|  |TAMS 0x000000060a800000, 0x000000060a800000| Untracked 
|  43|0x000000060ac00000, 0x000000060ac00000, 0x000000060b000000|  0%| F|  |TAMS 0x000000060ac00000, 0x000000060ac00000| Untracked 
|  44|0x000000060b000000, 0x000000060b000000, 0x000000060b400000|  0%| F|  |TAMS 0x000000060b000000, 0x000000060b000000| Untracked 
|  45|0x000000060b400000, 0x000000060b400000, 0x000000060b800000|  0%| F|  |TAMS 0x000000060b400000, 0x000000060b400000| Untracked 
|  46|0x000000060b800000, 0x000000060b800000, 0x000000060bc00000|  0%| F|  |TAMS 0x000000060b800000, 0x000000060b800000| Untracked 
|  47|0x000000060bc00000, 0x000000060bc00000, 0x000000060c000000|  0%| F|  |TAMS 0x000000060bc00000, 0x000000060bc00000| Untracked 
|  48|0x000000060c000000, 0x000000060c000000, 0x000000060c400000|  0%| F|  |TAMS 0x000000060c000000, 0x000000060c000000| Untracked 
|  49|0x000000060c400000, 0x000000060c400000, 0x000000060c800000|  0%| F|  |TAMS 0x000000060c400000, 0x000000060c400000| Untracked 
|  50|0x000000060c800000, 0x000000060c800000, 0x000000060cc00000|  0%| F|  |TAMS 0x000000060c800000, 0x000000060c800000| Untracked 
|  51|0x000000060cc00000, 0x000000060cc00000, 0x000000060d000000|  0%| F|  |TAMS 0x000000060cc00000, 0x000000060cc00000| Untracked 
|  52|0x000000060d000000, 0x000000060d000000, 0x000000060d400000|  0%| F|  |TAMS 0x000000060d000000, 0x000000060d000000| Untracked 
|  53|0x000000060d400000, 0x000000060d400000, 0x000000060d800000|  0%| F|  |TAMS 0x000000060d400000, 0x000000060d400000| Untracked 
|  54|0x000000060d800000, 0x000000060d800000, 0x000000060dc00000|  0%| F|  |TAMS 0x000000060d800000, 0x000000060d800000| Untracked 
|  55|0x000000060dc00000, 0x000000060dc00000, 0x000000060e000000|  0%| F|  |TAMS 0x000000060dc00000, 0x000000060dc00000| Untracked 
|  56|0x000000060e000000, 0x000000060e000000, 0x000000060e400000|  0%| F|  |TAMS 0x000000060e000000, 0x000000060e000000| Untracked 
|  57|0x000000060e400000, 0x000000060e400000, 0x000000060e800000|  0%| F|  |TAMS 0x000000060e400000, 0x000000060e400000| Untracked 
|  58|0x000000060e800000, 0x000000060e800000, 0x000000060ec00000|  0%| F|  |TAMS 0x000000060e800000, 0x000000060e800000| Untracked 
|  59|0x000000060ec00000, 0x000000060ec00000, 0x000000060f000000|  0%| F|  |TAMS 0x000000060ec00000, 0x000000060ec00000| Untracked 
|  60|0x000000060f000000, 0x000000060f000000, 0x000000060f400000|  0%| F|  |TAMS 0x000000060f000000, 0x000000060f000000| Untracked 
|  61|0x000000060f400000, 0x000000060f400000, 0x000000060f800000|  0%| F|  |TAMS 0x000000060f400000, 0x000000060f400000| Untracked 
|  62|0x000000060f800000, 0x000000060f800000, 0x000000060fc00000|  0%| F|  |TAMS 0x000000060f800000, 0x000000060f800000| Untracked 
|  63|0x000000060fc00000, 0x000000060fc00000, 0x0000000610000000|  0%| F|  |TAMS 0x000000060fc00000, 0x000000060fc00000| Untracked 
|  64|0x0000000610000000, 0x0000000610000000, 0x0000000610400000|  0%| F|  |TAMS 0x0000000610000000, 0x0000000610000000| Untracked 
|  65|0x0000000610400000, 0x0000000610400000, 0x0000000610800000|  0%| F|  |TAMS 0x0000000610400000, 0x0000000610400000| Untracked 
|  66|0x0000000610800000, 0x0000000610800000, 0x0000000610c00000|  0%| F|  |TAMS 0x0000000610800000, 0x0000000610800000| Untracked 
|  67|0x0000000610c00000, 0x0000000610c00000, 0x0000000611000000|  0%| F|  |TAMS 0x0000000610c00000, 0x0000000610c00000| Untracked 
|  68|0x0000000611000000, 0x0000000611000000, 0x0000000611400000|  0%| F|  |TAMS 0x0000000611000000, 0x0000000611000000| Untracked 
|  69|0x0000000611400000, 0x0000000611400000, 0x0000000611800000|  0%| F|  |TAMS 0x0000000611400000, 0x0000000611400000| Untracked 
|  70|0x0000000611800000, 0x0000000611800000, 0x0000000611c00000|  0%| F|  |TAMS 0x0000000611800000, 0x0000000611800000| Untracked 
|  71|0x0000000611c00000, 0x0000000611c00000, 0x0000000612000000|  0%| F|  |TAMS 0x0000000611c00000, 0x0000000611c00000| Untracked 
|  72|0x0000000612000000, 0x0000000612000000, 0x0000000612400000|  0%| F|  |TAMS 0x0000000612000000, 0x0000000612000000| Untracked 
|  73|0x0000000612400000, 0x0000000612400000, 0x0000000612800000|  0%| F|  |TAMS 0x0000000612400000, 0x0000000612400000| Untracked 
|  74|0x0000000612800000, 0x0000000612800000, 0x0000000612c00000|  0%| F|  |TAMS 0x0000000612800000, 0x0000000612800000| Untracked 
|  75|0x0000000612c00000, 0x0000000612c00000, 0x0000000613000000|  0%| F|  |TAMS 0x0000000612c00000, 0x0000000612c00000| Untracked 
|  76|0x0000000613000000, 0x0000000613000000, 0x0000000613400000|  0%| F|  |TAMS 0x0000000613000000, 0x0000000613000000| Untracked 
|  77|0x0000000613400000, 0x0000000613400000, 0x0000000613800000|  0%| F|  |TAMS 0x0000000613400000, 0x0000000613400000| Untracked 
|  78|0x0000000613800000, 0x0000000613800000, 0x0000000613c00000|  0%| F|  |TAMS 0x0000000613800000, 0x0000000613800000| Untracked 
|  79|0x0000000613c00000, 0x0000000613c00000, 0x0000000614000000|  0%| F|  |TAMS 0x0000000613c00000, 0x0000000613c00000| Untracked 
|  80|0x0000000614000000, 0x0000000614000000, 0x0000000614400000|  0%| F|  |TAMS 0x0000000614000000, 0x0000000614000000| Untracked 
|  81|0x0000000614400000, 0x0000000614400000, 0x0000000614800000|  0%| F|  |TAMS 0x0000000614400000, 0x0000000614400000| Untracked 
|  82|0x0000000614800000, 0x0000000614800000, 0x0000000614c00000|  0%| F|  |TAMS 0x0000000614800000, 0x0000000614800000| Untracked 
|  83|0x0000000614c00000, 0x0000000614c00000, 0x0000000615000000|  0%| F|  |TAMS 0x0000000614c00000, 0x0000000614c00000| Untracked 
|  84|0x0000000615000000, 0x0000000615000000, 0x0000000615400000|  0%| F|  |TAMS 0x0000000615000000, 0x0000000615000000| Untracked 
|  85|0x0000000615400000, 0x0000000615400000, 0x0000000615800000|  0%| F|  |TAMS 0x0000000615400000, 0x0000000615400000| Untracked 
|  86|0x0000000615800000, 0x0000000615800000, 0x0000000615c00000|  0%| F|  |TAMS 0x0000000615800000, 0x0000000615800000| Untracked 
|  87|0x0000000615c00000, 0x0000000615c00000, 0x0000000616000000|  0%| F|  |TAMS 0x0000000615c00000, 0x0000000615c00000| Untracked 
|  88|0x0000000616000000, 0x0000000616000000, 0x0000000616400000|  0%| F|  |TAMS 0x0000000616000000, 0x0000000616000000| Untracked 
|  89|0x0000000616400000, 0x0000000616400000, 0x0000000616800000|  0%| F|  |TAMS 0x0000000616400000, 0x0000000616400000| Untracked 
|  90|0x0000000616800000, 0x0000000616800000, 0x0000000616c00000|  0%| F|  |TAMS 0x0000000616800000, 0x0000000616800000| Untracked 
|  91|0x0000000616c00000, 0x0000000616c00000, 0x0000000617000000|  0%| F|  |TAMS 0x0000000616c00000, 0x0000000616c00000| Untracked 
|  92|0x0000000617000000, 0x0000000617000000, 0x0000000617400000|  0%| F|  |TAMS 0x0000000617000000, 0x0000000617000000| Untracked 
|  93|0x0000000617400000, 0x0000000617400000, 0x0000000617800000|  0%| F|  |TAMS 0x0000000617400000, 0x0000000617400000| Untracked 
|  94|0x0000000617800000, 0x0000000617800000, 0x0000000617c00000|  0%| F|  |TAMS 0x0000000617800000, 0x0000000617800000| Untracked 
|  95|0x0000000617c00000, 0x0000000617c00000, 0x0000000618000000|  0%| F|  |TAMS 0x0000000617c00000, 0x0000000617c00000| Untracked 
|  96|0x0000000618000000, 0x0000000618000000, 0x0000000618400000|  0%| F|  |TAMS 0x0000000618000000, 0x0000000618000000| Untracked 
|  97|0x0000000618400000, 0x0000000618400000, 0x0000000618800000|  0%| F|  |TAMS 0x0000000618400000, 0x0000000618400000| Untracked 
|  98|0x0000000618800000, 0x0000000618800000, 0x0000000618c00000|  0%| F|  |TAMS 0x0000000618800000, 0x0000000618800000| Untracked 
|  99|0x0000000618c00000, 0x0000000618c00000, 0x0000000619000000|  0%| F|  |TAMS 0x0000000618c00000, 0x0000000618c00000| Untracked 
| 100|0x0000000619000000, 0x0000000619000000, 0x0000000619400000|  0%| F|  |TAMS 0x0000000619000000, 0x0000000619000000| Untracked 
| 101|0x0000000619400000, 0x0000000619400000, 0x0000000619800000|  0%| F|  |TAMS 0x0000000619400000, 0x0000000619400000| Untracked 
| 102|0x0000000619800000, 0x0000000619800000, 0x0000000619c00000|  0%| F|  |TAMS 0x0000000619800000, 0x0000000619800000| Untracked 
| 103|0x0000000619c00000, 0x0000000619c00000, 0x000000061a000000|  0%| F|  |TAMS 0x0000000619c00000, 0x0000000619c00000| Untracked 
| 104|0x000000061a000000, 0x000000061a000000, 0x000000061a400000|  0%| F|  |TAMS 0x000000061a000000, 0x000000061a000000| Untracked 
| 105|0x000000061a400000, 0x000000061a400000, 0x000000061a800000|  0%| F|  |TAMS 0x000000061a400000, 0x000000061a400000| Untracked 
| 106|0x000000061a800000, 0x000000061a800000, 0x000000061ac00000|  0%| F|  |TAMS 0x000000061a800000, 0x000000061a800000| Untracked 
| 107|0x000000061ac00000, 0x000000061ac00000, 0x000000061b000000|  0%| F|  |TAMS 0x000000061ac00000, 0x000000061ac00000| Untracked 
| 108|0x000000061b000000, 0x000000061b000000, 0x000000061b400000|  0%| F|  |TAMS 0x000000061b000000, 0x000000061b000000| Untracked 
| 109|0x000000061b400000, 0x000000061b400000, 0x000000061b800000|  0%| F|  |TAMS 0x000000061b400000, 0x000000061b400000| Untracked 
| 110|0x000000061b800000, 0x000000061b800000, 0x000000061bc00000|  0%| F|  |TAMS 0x000000061b800000, 0x000000061b800000| Untracked 
| 111|0x000000061bc00000, 0x000000061bc00000, 0x000000061c000000|  0%| F|  |TAMS 0x000000061bc00000, 0x000000061bc00000| Untracked 
| 112|0x000000061c000000, 0x000000061c000000, 0x000000061c400000|  0%| F|  |TAMS 0x000000061c000000, 0x000000061c000000| Untracked 
| 113|0x000000061c400000, 0x000000061c400000, 0x000000061c800000|  0%| F|  |TAMS 0x000000061c400000, 0x000000061c400000| Untracked 
| 114|0x000000061c800000, 0x000000061c800000, 0x000000061cc00000|  0%| F|  |TAMS 0x000000061c800000, 0x000000061c800000| Untracked 
| 115|0x000000061cc00000, 0x000000061cc00000, 0x000000061d000000|  0%| F|  |TAMS 0x000000061cc00000, 0x000000061cc00000| Untracked 
| 116|0x000000061d000000, 0x000000061d000000, 0x000000061d400000|  0%| F|  |TAMS 0x000000061d000000, 0x000000061d000000| Untracked 
| 117|0x000000061d400000, 0x000000061d400000, 0x000000061d800000|  0%| F|  |TAMS 0x000000061d400000, 0x000000061d400000| Untracked 
| 118|0x000000061d800000, 0x000000061d800000, 0x000000061dc00000|  0%| F|  |TAMS 0x000000061d800000, 0x000000061d800000| Untracked 
| 119|0x000000061dc00000, 0x000000061dc00000, 0x000000061e000000|  0%| F|  |TAMS 0x000000061dc00000, 0x000000061dc00000| Untracked 
| 120|0x000000061e000000, 0x000000061e000000, 0x000000061e400000|  0%| F|  |TAMS 0x000000061e000000, 0x000000061e000000| Untracked 
| 121|0x000000061e400000, 0x000000061e6245e8, 0x000000061e800000| 53%| S|CS|TAMS 0x000000061e400000, 0x000000061e400000| Complete 
| 122|0x000000061e800000, 0x000000061e800000, 0x000000061ec00000|  0%| F|  |TAMS 0x000000061e800000, 0x000000061e800000| Untracked 
| 123|0x000000061ec00000, 0x000000061ee376d0, 0x000000061f000000| 55%| E|  |TAMS 0x000000061ec00000, 0x000000061ec00000| Complete 
| 124|0x000000061f000000, 0x000000061f400000, 0x000000061f400000|100%| E|CS|TAMS 0x000000061f000000, 0x000000061f000000| Complete 
| 125|0x000000061f400000, 0x000000061f800000, 0x000000061f800000|100%| E|CS|TAMS 0x000000061f400000, 0x000000061f400000| Complete 
| 126|0x000000061f800000, 0x000000061fc00000, 0x000000061fc00000|100%| E|CS|TAMS 0x000000061f800000, 0x000000061f800000| Complete 
| 127|0x000000061fc00000, 0x0000000620000000, 0x0000000620000000|100%| E|CS|TAMS 0x000000061fc00000, 0x000000061fc00000| Complete 
|1790|0x00000007bf800000, 0x00000007bfb75000, 0x00000007bfc00000| 86%|OA|  |TAMS 0x00000007bf800000, 0x00000007bf800000| Untracked 
|1791|0x00000007bfc00000, 0x00000007bfc7d000, 0x00000007c0000000| 12%|CA|  |TAMS 0x00000007bfc00000, 0x00000007bfc00000| Untracked 

Card table byte_map: [0x0000000103359000,0x0000000104359000] _byte_map_base: 0x0000000100359000

Marking Bits (Prev, Next): (CMBitMap*) 0x00007fe864008610, (CMBitMap*) 0x00007fe864008650
 Prev Bits: [0x000000011f389000, 0x0000000127389000)
 Next Bits: [0x0000000127389000, 0x000000012f389000)

Polling page: 0x00000001002c4000

Metaspace:

Usage:
  Non-class:      6.17 MB used.
      Class:    788.23 KB used.
       Both:      6.94 MB used.

Virtual space:
  Non-class space:        8.00 MB reserved,       6.25 MB ( 78%) committed,  1 nodes.
      Class space:        1.00 GB reserved,     896.00 KB ( <1%) committed,  1 nodes.
              Both:        1.01 GB reserved,       7.12 MB ( <1%) committed. 

Chunk freelists:
   Non-Class:  848.00 KB
       Class:  3.10 MB
        Both:  3.92 MB

MaxMetaspaceSize: 17179869184.00 GB
CompressedClassSpaceSize: 1.00 GB
 - commit_granule_bytes: 65536.
 - commit_granule_words: 8192.
 - virtual_space_node_default_size: 1048576.
 - enlarge_chunks_in_place: 1.
 - new_chunks_are_fully_committed: 0.
 - uncommit_free_chunks: 1.
 - use_allocation_guard: 0.
 - handle_deallocations: 1.


Internal statistics:

num_allocs_failed_limit: 0.
num_arena_births: 74.
num_arena_deaths: 0.
num_vsnodes_births: 2.
num_vsnodes_deaths: 0.
num_space_committed: 114.
num_space_uncommitted: 0.
num_chunks_returned_to_freelist: 0.
num_chunks_taken_from_freelist: 253.
num_chunk_merges: 0.
num_chunk_splits: 131.
num_chunks_enlarged: 79.
num_purges: 0.

CodeHeap 'non-profiled nmethods': size=119168Kb used=490Kb max_used=490Kb free=118678Kb
 bounds [0x0000000117f29000, 0x0000000118199000, 0x000000011f389000]
CodeHeap 'profiled nmethods': size=119164Kb used=3129Kb max_used=3129Kb free=116034Kb
 bounds [0x0000000110aca000, 0x0000000110dda000, 0x0000000117f29000]
CodeHeap 'non-nmethods': size=7428Kb used=1223Kb max_used=2948Kb free=6205Kb
 bounds [0x0000000110389000, 0x0000000110679000, 0x0000000110aca000]
 total_blobs=1949 nmethods=1492 adapters=371
 compilation: enabled
              stopped_count=0, restarted_count=0
 full_count=0

Compilation events (20 events):
Event: 0.647 Thread 0x00007fe853008200 nmethod 1484 0x0000000110dce090 code [0x0000000110dce240, 0x0000000110dce4a0]
Event: 0.648 Thread 0x00007fe86380b400 1487       3       jdk.internal.org.objectweb.asm.ClassWriter::toByteArray (1515 bytes)
Event: 0.648 Thread 0x00007fe8640f9400 1485       3       jdk.internal.org.objectweb.asm.ClassWriter::visit (160 bytes)
Event: 0.648 Thread 0x00007fe853008200 1486       3       jdk.internal.org.objectweb.asm.SymbolTable::setMajorVersionAndClassName (19 bytes)
Event: 0.648 Thread 0x00007fe862837400 1488       3       jdk.internal.org.objectweb.asm.SymbolTable::computeBootstrapMethodsSize (27 bytes)
Event: 0.648 Thread 0x00007fe862837400 nmethod 1488 0x0000000110dce590 code [0x0000000110dce740, 0x0000000110dce900]
Event: 0.648 Thread 0x00007fe862837400 1489       3       jdk.internal.org.objectweb.asm.SymbolTable::getConstantPoolLength (8 bytes)
Event: 0.648 Thread 0x00007fe862837400 nmethod 1489 0x0000000110dcea10 code [0x0000000110dceba0, 0x0000000110dcecb0]
Event: 0.648 Thread 0x00007fe862837400 1490       3       jdk.internal.org.objectweb.asm.ByteVector::<init> (12 bytes)
Event: 0.648 Thread 0x00007fe853008200 nmethod 1486 0x0000000110dced90 code [0x0000000110dcef40, 0x0000000110dcf160]
Event: 0.648 Thread 0x00007fe862837400 nmethod 1490 0x0000000110dcf290 code [0x0000000110dcf440, 0x0000000110dcf6b0]
Event: 0.648 Thread 0x00007fe8640f9400 nmethod 1485 0x0000000110dcf790 code [0x0000000110dcf9c0, 0x0000000110dd0250]
Event: 0.651 Thread 0x00007fe86380b400 nmethod 1487 0x0000000110dd0710 code [0x0000000110dd1040, 0x0000000110dd4f50]
Event: 0.654 Thread 0x00007fe853008200 1491       3       java.lang.invoke.MethodHandleNatives::refKindHasReceiver (33 bytes)
Event: 0.654 Thread 0x00007fe853008200 nmethod 1491 0x0000000110dd7290 code [0x0000000110dd7420, 0x0000000110dd7570]
Event: 0.666 Thread 0x00007fe862810200 nmethod 1483 0x0000000117fa2110 code [0x0000000117fa22e0, 0x0000000117fa3278]
Event: 72.545 Thread 0x00007fe8640f9400 1492       3       java.util.HashMap::keysToArray (81 bytes)
Event: 72.545 Thread 0x00007fe8640f9400 nmethod 1492 0x0000000110dd7610 code [0x0000000110dd77e0, 0x0000000110dd7cf0]
Event: 80.482 Thread 0x00007fe8640f9400 1493       3       java.lang.StringBuilder::append (9 bytes)
Event: 80.482 Thread 0x00007fe8640f9400 nmethod 1493 0x0000000110dd7f10 code [0x0000000110dd80e0, 0x0000000110dd8410]

GC Heap History (2 events):
Event: 0.493 GC heap before
{Heap before GC invocations=0 (full 0):
 garbage-first heap   total 532480K, used 28616K [0x0000000600000000, 0x0000000800000000)
  region size 4096K, 6 young (24576K), 0 survivors (0K)
 Metaspace       used 4868K, committed 5056K, reserved 1056768K
  class space    used 468K, committed 576K, reserved 1048576K
}
Event: 0.495 GC heap after
{Heap after GC invocations=1 (full 0):
 garbage-first heap   total 532480K, used 6233K [0x0000000600000000, 0x0000000800000000)
  region size 4096K, 1 young (4096K), 1 survivors (4096K)
 Metaspace       used 4868K, committed 5056K, reserved 1056768K
  class space    used 468K, committed 576K, reserved 1048576K
}

Deoptimization events (20 events):
Event: 0.340 Thread 0x00007fe86280fc00 DEOPT PACKING pc=0x0000000110b81516 sp=0x000070000e4fcf50
Event: 0.340 Thread 0x00007fe86280fc00 DEOPT UNPACKING pc=0x00000001103d6bba sp=0x000070000e4fc3e0 mode 0
Event: 0.472 Thread 0x00007fe86280fc00 DEOPT PACKING pc=0x0000000110b40fc3 sp=0x000070000e4f9300
Event: 0.472 Thread 0x00007fe86280fc00 DEOPT UNPACKING pc=0x00000001103d6bba sp=0x000070000e4f87a0 mode 0
Event: 0.497 Thread 0x00007fe86280fc00 Uncommon trap: trap_request=0xffffffde fr.pc=0x0000000117f64a58 relative=0x0000000000001a18
Event: 0.497 Thread 0x00007fe86280fc00 Uncommon trap: reason=class_check action=maybe_recompile pc=0x0000000117f64a58 method=java.util.HashMap.putVal(ILjava/lang/Object;Ljava/lang/Object;ZZ)Ljava/lang/Object; @ 253 c2
Event: 0.497 Thread 0x00007fe86280fc00 DEOPT PACKING pc=0x0000000117f64a58 sp=0x000070000e4fd1c0
Event: 0.497 Thread 0x00007fe86280fc00 DEOPT UNPACKING pc=0x00000001103d6424 sp=0x000070000e4fd168 mode 2
Event: 0.503 Thread 0x00007fe86280fc00 Uncommon trap: trap_request=0xffffffde fr.pc=0x0000000117f64a58 relative=0x0000000000001a18
Event: 0.503 Thread 0x00007fe86280fc00 Uncommon trap: reason=class_check action=maybe_recompile pc=0x0000000117f64a58 method=java.util.HashMap.putVal(ILjava/lang/Object;Ljava/lang/Object;ZZ)Ljava/lang/Object; @ 253 c2
Event: 0.503 Thread 0x00007fe86280fc00 DEOPT PACKING pc=0x0000000117f64a58 sp=0x000070000e4fd2a0
Event: 0.503 Thread 0x00007fe86280fc00 DEOPT UNPACKING pc=0x00000001103d6424 sp=0x000070000e4fd248 mode 2
Event: 0.507 Thread 0x00007fe86280fc00 Uncommon trap: trap_request=0xffffff45 fr.pc=0x0000000117f7add0 relative=0x0000000000000130
Event: 0.507 Thread 0x00007fe86280fc00 Uncommon trap: reason=unstable_if action=reinterpret pc=0x0000000117f7add0 method=org.eclipse.jdt.launching.internal.org.objectweb.asm.ByteVector.putShort(I)Lorg/eclipse/jdt/launching/internal/org/objectweb/asm/ByteVector; @ 13 c2
Event: 0.507 Thread 0x00007fe86280fc00 DEOPT PACKING pc=0x0000000117f7add0 sp=0x000070000e4fbc10
Event: 0.507 Thread 0x00007fe86280fc00 DEOPT UNPACKING pc=0x00000001103d6424 sp=0x000070000e4fbbb8 mode 2
Event: 0.600 Thread 0x00007fe86280fc00 DEOPT PACKING pc=0x0000000110c66edf sp=0x000070000e4f8490
Event: 0.600 Thread 0x00007fe86280fc00 DEOPT UNPACKING pc=0x00000001103d6bba sp=0x000070000e4f79d8 mode 0
Event: 0.615 Thread 0x00007fe86280fc00 DEOPT PACKING pc=0x0000000110c66edf sp=0x000070000e4face0
Event: 0.615 Thread 0x00007fe86280fc00 DEOPT UNPACKING pc=0x00000001103d6bba sp=0x000070000e4fa228 mode 0

Classes unloaded (0 events):
No events

Classes redefined (8 events):
Event: 166.071 Thread 0x00007fe863315ac0 redefined class name=main.csp.CSPSolver, count=1
Event: 166.071 Thread 0x00007fe863315ac0 redefined class name=main.csp.CSPSolver$Arc, count=1
Event: 378.890 Thread 0x00007fe863315ac0 redefined class name=main.csp.CSPSolver, count=2
Event: 378.890 Thread 0x00007fe863315ac0 redefined class name=main.csp.CSPSolver$Arc, count=2
Event: 922.407 Thread 0x00007fe863315ac0 redefined class name=main.csp.CSPSolver, count=3
Event: 922.407 Thread 0x00007fe863315ac0 redefined class name=main.csp.CSPSolver$Arc, count=3
Event: 1017.011 Thread 0x00007fe863315ac0 redefined class name=main.csp.CSPSolver, count=4
Event: 1017.011 Thread 0x00007fe863315ac0 redefined class name=main.csp.CSPSolver$Arc, count=4

Internal exceptions (20 events):
Event: 0.456 Thread 0x00007fe86280fc00 Exception <a 'java/lang/NoSuchMethodError'{0x000000061e870620}: 'void java.lang.invoke.DirectMethodHandle$Holder.invokeInterface(java.lang.Object, java.lang.Object)'> (0x000000061e870620) 
thrown [./open/src/hotspot/share/interpreter/linkResolver.cpp, line 790]
Event: 0.457 Thread 0x00007fe86280fc00 Exception <a 'java/lang/IncompatibleClassChangeError'{0x000000061e873d80}: Found class java.lang.Object, but interface was expected> (0x000000061e873d80) 
thrown [./open/src/hotspot/share/interpreter/linkResolver.cpp, line 857]
Event: 0.468 Thread 0x00007fe86280fc00 Exception <a 'java/lang/NoSuchMethodError'{0x000000061e9f9af0}: 'java.lang.Object java.lang.invoke.DirectMethodHandle$Holder.invokeStaticInit(java.lang.Object, java.lang.Object, java.lang.Object)'> (0x000000061e9f9af0) 
thrown [./open/src/hotspot/share/interpreter/linkResolver.cpp, line 790]
Event: 0.469 Thread 0x00007fe86280fc00 Exception <a 'java/lang/NoSuchMethodError'{0x000000061ea01598}: 'void java.lang.invoke.DirectMethodHandle$Holder.invokeStaticInit(java.lang.Object, java.lang.Object, java.lang.Object)'> (0x000000061ea01598) 
thrown [./open/src/hotspot/share/interpreter/linkResolver.cpp, line 790]
Event: 0.489 Thread 0x00007fe86280fc00 Exception <a 'java/lang/NoSuchMethodError'{0x000000061ebd3aa0}: 'java.lang.Object java.lang.invoke.DirectMethodHandle$Holder.newInvokeSpecial(java.lang.Object, java.lang.Object, java.lang.Object, java.lang.Object, java.lang.Object)'> (0x000000061ebd3aa0) 
thrown [./open/src/hotspot/share/interpreter/linkResolver.cpp, line 790]
Event: 0.506 Thread 0x00007fe86280fc00 Exception <a 'java/lang/NoSuchMethodError'{0x000000061fca7e20}: 'void java.lang.invoke.DirectMethodHandle$Holder.invokeInterface(java.lang.Object, java.lang.Object, java.lang.Object)'> (0x000000061fca7e20) 
thrown [./open/src/hotspot/share/interpreter/linkResolver.cpp, line 790]
Event: 0.506 Thread 0x00007fe86280fc00 Exception <a 'java/lang/IncompatibleClassChangeError'{0x000000061fcab3b8}: Found class java.lang.Object, but interface was expected> (0x000000061fcab3b8) 
thrown [./open/src/hotspot/share/interpreter/linkResolver.cpp, line 857]
Event: 0.548 Thread 0x00007fe86280fc00 Exception <a 'java/lang/NoSuchMethodError'{0x000000061faa8920}: 'java.lang.Object java.lang.invoke.DirectMethodHandle$Holder.invokeInterface(java.lang.Object, java.lang.Object)'> (0x000000061faa8920) 
thrown [./open/src/hotspot/share/interpreter/linkResolver.cpp, line 790]
Event: 0.548 Thread 0x00007fe86280fc00 Exception <a 'java/lang/IncompatibleClassChangeError'{0x000000061faac5c0}: Found class java.lang.Object, but interface was expected> (0x000000061faac5c0) 
thrown [./open/src/hotspot/share/interpreter/linkResolver.cpp, line 857]
Event: 0.569 Thread 0x00007fe86280fc00 Exception <a 'java/lang/NoSuchMethodError'{0x000000061f484a00}: 'java.lang.Object java.lang.invoke.DirectMethodHandle$Holder.invokeSpecialIFC(java.lang.Object, java.lang.Object, java.lang.Object, java.lang.Object)'> (0x000000061f484a00) 
thrown [./open/src/hotspot/share/interpreter/linkResolver.cpp, line 790]
Event: 0.575 Thread 0x00007fe86280fc00 Exception <a 'java/lang/NoSuchMethodError'{0x000000061f4ea1a8}: 'java.lang.Object java.lang.invoke.DirectMethodHandle$Holder.invokeStatic(java.lang.Object, java.lang.Object, int)'> (0x000000061f4ea1a8) 
thrown [./open/src/hotspot/share/interpreter/linkResolver.cpp, line 790]
Event: 0.578 Thread 0x00007fe86280fc00 Exception <a 'java/lang/NoSuchMethodError'{0x000000061f5250f8}: 'int java.lang.invoke.DirectMethodHandle$Holder.invokeStatic(java.lang.Object, java.lang.Object, java.lang.Object, java.lang.Object)'> (0x000000061f5250f8) 
thrown [./open/src/hotspot/share/interpreter/linkResolver.cpp, line 790]
Event: 0.581 Thread 0x00007fe86280fc00 Exception <a 'java/lang/NoSuchMethodError'{0x000000061f56b0f0}: 'void java.lang.invoke.DirectMethodHandle$Holder.invokeSpecial(java.lang.Object, java.lang.Object, java.lang.Object, java.lang.Object, java.lang.Object)'> (0x000000061f56b0f0) 
thrown [./open/src/hotspot/share/interpreter/linkResolver.cpp, line 790]
Event: 0.589 Thread 0x00007fe86280fc00 Exception <a 'java/lang/NoSuchMethodError'{0x000000061f5d9b40}: 'java.lang.Object java.lang.invoke.DirectMethodHandle$Holder.invokeVirtual(java.lang.Object, java.lang.Object, java.lang.Object)'> (0x000000061f5d9b40) 
thrown [./open/src/hotspot/share/interpreter/linkResolver.cpp, line 790]
Event: 0.594 Thread 0x00007fe86280fc00 Exception <a 'java/lang/NoSuchMethodError'{0x000000061f656770}: 'void java.lang.invoke.DirectMethodHandle$Holder.invokeInterface(java.lang.Object, java.lang.Object, java.lang.Object, java.lang.Object)'> (0x000000061f656770) 
thrown [./open/src/hotspot/share/interpreter/linkResolver.cpp, line 790]
Event: 0.594 Thread 0x00007fe86280fc00 Exception <a 'java/lang/IncompatibleClassChangeError'{0x000000061f65a298}: Found class java.lang.Object, but interface was expected> (0x000000061f65a298) 
thrown [./open/src/hotspot/share/interpreter/linkResolver.cpp, line 857]
Event: 0.596 Thread 0x00007fe86280fc00 Exception <a 'java/lang/NoSuchMethodError'{0x000000061f680d30}: 'void java.lang.invoke.DirectMethodHandle$Holder.invokeStatic(java.lang.Object, java.lang.Object, java.lang.Object, java.lang.Object)'> (0x000000061f680d30) 
thrown [./open/src/hotspot/share/interpreter/linkResolver.cpp, line 790]
Event: 0.602 Thread 0x00007fe86280fc00 Exception <a 'java/lang/NoSuchMethodError'{0x000000061f7cd538}: 'java.lang.Object java.lang.invoke.Invokers$Holder.invokeExact_MT(java.lang.Object, java.lang.Object, java.lang.Object, java.lang.Object, java.lang.Object, java.lang.Object)'> (0x000000061f7cd538) 
thrown [./open/src/hotspot/share/interpreter/linkResolver.cpp, line 790]
Event: 0.604 Thread 0x00007fe86280fc00 Exception <a 'java/lang/NoSuchMethodError'{0x000000061f7de360}: 'int java.lang.invoke.DirectMethodHandle$Holder.invokeStatic(java.lang.Object, java.lang.Object, java.lang.Object, java.lang.Object, java.lang.Object)'> (0x000000061f7de360) 
thrown [./open/src/hotspot/share/interpreter/linkResolver.cpp, line 790]
Event: 0.648 Thread 0x00007fe86280fc00 Exception <a 'java/lang/NoSuchMethodError'{0x000000061ecd7d48}: 'int java.lang.invoke.DirectMethodHandle$Holder.invokeSpecial(java.lang.Object, java.lang.Object, java.lang.Object, java.lang.Object)'> (0x000000061ecd7d48) 
thrown [./open/src/hotspot/share/interpreter/linkResolver.cpp, line 790]

Events (20 events):
Event: 1017.054 Executing  VM operation: ChangeBreakpoints done
Event: 1017.056 Executing  VM operation: ChangeBreakpoints
Event: 1017.056 Executing  VM operation: ChangeBreakpoints done
Event: 1017.058 Executing  VM operation: ChangeBreakpoints
Event: 1017.058 Executing  VM operation: ChangeBreakpoints done
Event: 1017.060 Executing  VM operation: ChangeBreakpoints
Event: 1017.060 Executing  VM operation: ChangeBreakpoints done
Event: 1017.064 Executing  VM operation: ChangeBreakpoints
Event: 1017.064 Executing  VM operation: ChangeBreakpoints done
Event: 1017.066 Executing  VM operation: ChangeBreakpoints
Event: 1017.066 Executing  VM operation: ChangeBreakpoints done
Event: 1017.066 Executing  VM operation: ChangeBreakpoints
Event: 1017.066 Executing  VM operation: ChangeBreakpoints done
Event: 1017.068 Executing  VM operation: ChangeBreakpoints
Event: 1017.068 Executing  VM operation: ChangeBreakpoints done
Event: 1017.069 Executing  VM operation: ChangeSingleStep
Event: 1017.069 Executing  VM operation: ChangeSingleStep done
Event: 1017.070 Executing  VM operation: ChangeSingleStep
Event: 1017.070 Executing  VM operation: ChangeSingleStep done
Event: 1017.703 Executing  VM operation: get/set locals


Dynamic libraries:
0x000000010028b000 	/Library/Java/JavaVirtualMachines/jdk-16.0.2.jdk/Contents/Home/lib/libjli.dylib
0x00007ff80f222000 	/usr/lib/libz.1.dylib
0x00007ff80f302000 	/usr/lib/libSystem.B.dylib
0x00007ff80f2fd000 	/usr/lib/system/libcache.dylib
0x00007ff80f2b9000 	/usr/lib/system/libcommonCrypto.dylib
0x00007ff80f2e2000 	/usr/lib/system/libcompiler_rt.dylib
0x00007ff80f2d8000 	/usr/lib/system/libcopyfile.dylib
0x00007ff804310000 	/usr/lib/system/libcorecrypto.dylib
0x00007ff8043cf000 	/usr/lib/system/libdispatch.dylib
0x00007ff80458e000 	/usr/lib/system/libdyld.dylib
0x00007ff80f2f4000 	/usr/lib/system/libkeymgr.dylib
0x00007ff80f297000 	/usr/lib/system/libmacho.dylib
0x00007ff80e923000 	/usr/lib/system/libquarantine.dylib
0x00007ff80f2f2000 	/usr/lib/system/libremovefile.dylib
0x00007ff8094f5000 	/usr/lib/system/libsystem_asl.dylib
0x00007ff8042be000 	/usr/lib/system/libsystem_blocks.dylib
0x00007ff804453000 	/usr/lib/system/libsystem_c.dylib
0x00007ff80f2ea000 	/usr/lib/system/libsystem_collections.dylib
0x00007ff80dbcb000 	/usr/lib/system/libsystem_configuration.dylib
0x00007ff80ce88000 	/usr/lib/system/libsystem_containermanager.dylib
0x00007ff80efd4000 	/usr/lib/system/libsystem_coreservices.dylib
0x00007ff806bb8000 	/usr/lib/system/libsystem_darwin.dylib
0x00007ff80f2f5000 	/usr/lib/system/libsystem_dnssd.dylib
0x00007ff804450000 	/usr/lib/system/libsystem_featureflags.dylib
0x00007ff8045a4000 	/usr/lib/system/libsystem_info.dylib
0x00007ff80f235000 	/usr/lib/system/libsystem_m.dylib
0x00007ff8043a3000 	/usr/lib/system/libsystem_malloc.dylib
0x00007ff809492000 	/usr/lib/system/libsystem_networkextension.dylib
0x00007ff806fe0000 	/usr/lib/system/libsystem_notify.dylib
0x00007ff815472000 	/usr/lib/system/libsystem_product_info_filter.dylib
0x00007ff80dbcf000 	/usr/lib/system/libsystem_sandbox.dylib
0x00007ff80f2ef000 	/usr/lib/system/libsystem_secinit.dylib
0x00007ff80454b000 	/usr/lib/system/libsystem_kernel.dylib
0x00007ff80459a000 	/usr/lib/system/libsystem_platform.dylib
0x00007ff804582000 	/usr/lib/system/libsystem_pthread.dylib
0x00007ff80ad4d000 	/usr/lib/system/libsystem_symptoms.dylib
0x00007ff8042f7000 	/usr/lib/system/libsystem_trace.dylib
0x00007ff80f2c5000 	/usr/lib/system/libunwind.dylib
0x00007ff8042c0000 	/usr/lib/system/libxpc.dylib
0x00007ff804535000 	/usr/lib/libc++abi.dylib
0x00007ff804416000 	/usr/lib/libobjc.A.dylib
0x00007ff80f2d0000 	/usr/lib/liboah.dylib
0x00007ff8044dc000 	/usr/lib/libc++.1.dylib
0x00007ff81b1cd000 	/System/Library/Frameworks/Cocoa.framework/Versions/A/Cocoa
0x00007ff80703e000 	/System/Library/Frameworks/AppKit.framework/Versions/C/AppKit
0x00007ff80a53a000 	/System/Library/Frameworks/CoreData.framework/Versions/A/CoreData
0x00007ff805455000 	/System/Library/Frameworks/Foundation.framework/Versions/C/Foundation
0x00007ff807ed0000 	/System/Library/PrivateFrameworks/UIFoundation.framework/Versions/A/UIFoundation
0x00007ff815179000 	/System/Library/PrivateFrameworks/RemoteViewServices.framework/Versions/A/RemoteViewServices
0x00007ff80d564000 	/System/Library/PrivateFrameworks/XCTTargetBootstrap.framework/Versions/A/XCTTargetBootstrap
0x00007ff811112000 	/System/Library/PrivateFrameworks/InternationalSupport.framework/Versions/A/InternationalSupport
0x00007ff81119c000 	/System/Library/PrivateFrameworks/UserActivity.framework/Versions/A/UserActivity
0x00007ff8104f2000 	/usr/lib/libspindump.dylib
0x00007ff80815e000 	/System/Library/Frameworks/UniformTypeIdentifiers.framework/Versions/A/UniformTypeIdentifiers
0x00007ff80bc9d000 	/usr/lib/libapp_launch_measurement.dylib
0x00007ff80af06000 	/System/Library/PrivateFrameworks/CoreAnalytics.framework/Versions/A/CoreAnalytics
0x00007ff80bca0000 	/System/Library/PrivateFrameworks/CoreAutoLayout.framework/Versions/A/CoreAutoLayout
0x00007ff80cec0000 	/System/Library/Frameworks/Metal.framework/Versions/A/Metal
0x00007ff80dbda000 	/usr/lib/liblangid.dylib
0x00007ff80d568000 	/System/Library/PrivateFrameworks/CoreSVG.framework/Versions/A/CoreSVG
0x00007ff809525000 	/System/Library/PrivateFrameworks/SkyLight.framework/Versions/A/SkyLight
0x00007ff8098bb000 	/System/Library/Frameworks/CoreGraphics.framework/Versions/A/CoreGraphics
0x00007ff8157e8000 	/System/Library/Frameworks/Accelerate.framework/Versions/A/Accelerate
0x00007ff80ff6d000 	/System/Library/PrivateFrameworks/IconServices.framework/Versions/A/IconServices
0x00007ff80cea5000 	/System/Library/Frameworks/IOSurface.framework/Versions/A/IOSurface
0x00007ff80af34000 	/usr/lib/libDiagnosticMessagesClient.dylib
0x00007ff818e59000 	/System/Library/Frameworks/ApplicationServices.framework/Versions/A/ApplicationServices
0x00007ff80d550000 	/System/Library/PrivateFrameworks/DFRFoundation.framework/Versions/A/DFRFoundation
0x00007ff80692f000 	/usr/lib/libicucore.A.dylib
0x00007ff811e37000 	/System/Library/Frameworks/AudioToolbox.framework/Versions/A/AudioToolbox
0x00007ff81111e000 	/System/Library/PrivateFrameworks/DataDetectorsCore.framework/Versions/A/DataDetectorsCore
0x00007ff90ca76000 	/System/Library/PrivateFrameworks/TextInput.framework/Versions/A/TextInput
0x00007ff8094a9000 	/usr/lib/libMobileGestalt.dylib
0x00007ff80d258000 	/System/Library/Frameworks/Carbon.framework/Versions/A/Frameworks/HIToolbox.framework/Versions/A/HIToolbox
0x00007ff80b6ca000 	/System/Library/Frameworks/QuartzCore.framework/Versions/A/QuartzCore
0x00007ff8065cf000 	/System/Library/Frameworks/Security.framework/Versions/A/Security
0x00007ff8151b1000 	/System/Library/Frameworks/Carbon.framework/Versions/A/Frameworks/SpeechRecognition.framework/Versions/A/SpeechRecognition
0x00007ff80b9fd000 	/System/Library/PrivateFrameworks/CoreUI.framework/Versions/A/CoreUI
0x00007ff805ea7000 	/System/Library/Frameworks/CoreAudio.framework/Versions/A/CoreAudio
0x00007ff80b022000 	/System/Library/Frameworks/DiskArbitration.framework/Versions/A/DiskArbitration
0x00007ff8108d9000 	/System/Library/PrivateFrameworks/MultitouchSupport.framework/Versions/A/MultitouchSupport
0x00007ff8094a8000 	/usr/lib/libenergytrace.dylib
0x00007ff806f2a000 	/System/Library/Frameworks/IOKit.framework/Versions/A/IOKit
0x00007ff81559d000 	/System/Library/Frameworks/CoreServices.framework/Versions/A/CoreServices
0x00007ff80bc37000 	/System/Library/PrivateFrameworks/PerformanceAnalysis.framework/Versions/A/PerformanceAnalysis
0x00007ffa1c246000 	/System/Library/Frameworks/OpenGL.framework/Versions/A/OpenGL
0x00007ff80e84f000 	/System/Library/PrivateFrameworks/MobileKeyBag.framework/Versions/A/MobileKeyBag
0x00007ff809f87000 	/System/Library/Frameworks/ColorSync.framework/Versions/A/ColorSync
0x00007ff8045cf000 	/System/Library/Frameworks/CoreFoundation.framework/Versions/A/CoreFoundation
0x00007ff80d7e1000 	/System/Library/Frameworks/CoreImage.framework/Versions/A/CoreImage
0x00007ff805cbd000 	/System/Library/Frameworks/CoreText.framework/Versions/A/CoreText
0x00007ff80d597000 	/System/Library/Frameworks/ImageIO.framework/Versions/A/ImageIO
0x00007ff80f308000 	/System/Library/PrivateFrameworks/SoftLinking.framework/Versions/A/SoftLinking
0x00007ff80bce8000 	/usr/lib/libxml2.2.dylib
0x00007ff80f58c000 	/usr/lib/libcompression.dylib
0x00007ff811048000 	/System/Library/PrivateFrameworks/TextureIO.framework/Versions/A/TextureIO
0x00007ff80fc7f000 	/usr/lib/libate.dylib
0x00007ff80fa5d000 	/usr/lib/liblzma.5.dylib
0x00007ff805166000 	/System/Library/Frameworks/SystemConfiguration.framework/Versions/A/SystemConfiguration
0x00007ff80f304000 	/usr/lib/libfakelink.dylib
0x00007ff808ffb000 	/System/Library/Frameworks/CFNetwork.framework/Versions/A/CFNetwork
0x00007ff80f443000 	/usr/lib/libarchive.2.dylib
0x00007ff80dbd6000 	/System/Library/PrivateFrameworks/AppleSystemInfo.framework/Versions/A/AppleSystemInfo
0x00007ff80e94a000 	/usr/lib/libbsm.0.dylib
0x00007ff808631000 	/usr/lib/libnetwork.dylib
0x00007ff80f29d000 	/usr/lib/system/libkxld.dylib
0x00007ff80e578000 	/System/Library/PrivateFrameworks/IOMobileFramebuffer.framework/Versions/A/IOMobileFramebuffer
0x00007ffb1a06b000 	/usr/lib/libCoreEntitlements.dylib
0x00007ff80efb6000 	/System/Library/PrivateFrameworks/AppleFSCompression.framework/Versions/A/AppleFSCompression
0x00007ff80e932000 	/usr/lib/libcoretls.dylib
0x00007ff80fa77000 	/usr/lib/libcoretls_cfhelpers.dylib
0x00007ff80f587000 	/usr/lib/libpam.2.dylib
0x00007ff80a96f000 	/usr/lib/libsqlite3.dylib
0x00007ff80fae6000 	/usr/lib/libxar.1.dylib
0x00007ff80efc6000 	/usr/lib/libbz2.1.0.dylib
0x00007ff80f309000 	/usr/lib/libpcap.A.dylib
0x00007ff80ad44000 	/usr/lib/libdns_services.dylib
0x00007ff80f556000 	/usr/lib/libapple_nghttp2.dylib
0x00007ff80f340000 	/usr/lib/libiconv.2.dylib
0x00007ff80f296000 	/usr/lib/libcharset.1.dylib
0x00007ff80bc6b000 	/System/Library/Frameworks/CoreServices.framework/Versions/A/Frameworks/FSEvents.framework/Versions/A/FSEvents
0x00007ff806bc2000 	/System/Library/Frameworks/CoreServices.framework/Versions/A/Frameworks/CarbonCore.framework/Versions/A/CarbonCore
0x00007ff80af87000 	/System/Library/Frameworks/CoreServices.framework/Versions/A/Frameworks/Metadata.framework/Versions/A/Metadata
0x00007ff80efd9000 	/System/Library/Frameworks/CoreServices.framework/Versions/A/Frameworks/OSServices.framework/Versions/A/OSServices
0x00007ff80f4ca000 	/System/Library/Frameworks/CoreServices.framework/Versions/A/Frameworks/SearchKit.framework/Versions/A/SearchKit
0x00007ff80acd6000 	/System/Library/Frameworks/CoreServices.framework/Versions/A/Frameworks/AE.framework/Versions/A/AE
0x00007ff804ad2000 	/System/Library/Frameworks/CoreServices.framework/Versions/A/Frameworks/LaunchServices.framework/Versions/A/LaunchServices
0x00007ff80fa0e000 	/System/Library/Frameworks/CoreServices.framework/Versions/A/Frameworks/DictionaryServices.framework/Versions/A/DictionaryServices
0x00007ff80bc78000 	/System/Library/Frameworks/CoreServices.framework/Versions/A/Frameworks/SharedFileList.framework/Versions/A/SharedFileList
0x00007ff80e926000 	/usr/lib/libCheckFix.dylib
0x00007ff80950c000 	/System/Library/PrivateFrameworks/TCC.framework/Versions/A/TCC
0x00007ff80dbdc000 	/System/Library/PrivateFrameworks/CoreNLP.framework/Versions/A/CoreNLP
0x00007ff80af37000 	/System/Library/PrivateFrameworks/MetadataUtilities.framework/Versions/A/MetadataUtilities
0x00007ff805216000 	/usr/lib/libmecabra.dylib
0x00007ff80e95a000 	/usr/lib/libmecab.dylib
0x00007ff8051e1000 	/usr/lib/libCRFSuite.dylib
0x00007ff80e9b7000 	/usr/lib/libgermantok.dylib
0x00007ff80f531000 	/usr/lib/libThaiTokenizer.dylib
0x00007ff80b029000 	/System/Library/Frameworks/Accelerate.framework/Versions/A/Frameworks/vImage.framework/Versions/A/vImage
0x00007ff815574000 	/System/Library/Frameworks/Accelerate.framework/Versions/A/Frameworks/vecLib.framework/Versions/A/vecLib
0x00007ff80fb27000 	/System/Library/Frameworks/Accelerate.framework/Versions/A/Frameworks/vecLib.framework/Versions/A/libvMisc.dylib
0x00007ff80e396000 	/System/Library/Frameworks/Accelerate.framework/Versions/A/Frameworks/vecLib.framework/Versions/A/libvDSP.dylib
0x00007ff804e4a000 	/System/Library/Frameworks/Accelerate.framework/Versions/A/Frameworks/vecLib.framework/Versions/A/libBLAS.dylib
0x00007ff80f668000 	/System/Library/Frameworks/Accelerate.framework/Versions/A/Frameworks/vecLib.framework/Versions/A/libLAPACK.dylib
0x00007ff80e9ba000 	/System/Library/Frameworks/Accelerate.framework/Versions/A/Frameworks/vecLib.framework/Versions/A/libLinearAlgebra.dylib
0x00007ff80f56f000 	/System/Library/Frameworks/Accelerate.framework/Versions/A/Frameworks/vecLib.framework/Versions/A/libSparseBLAS.dylib
0x00007ff80f662000 	/System/Library/Frameworks/Accelerate.framework/Versions/A/Frameworks/vecLib.framework/Versions/A/libQuadrature.dylib
0x00007ff80dcc6000 	/System/Library/Frameworks/Accelerate.framework/Versions/A/Frameworks/vecLib.framework/Versions/A/libBNNS.dylib
0x00007ff8050f7000 	/System/Library/Frameworks/Accelerate.framework/Versions/A/Frameworks/vecLib.framework/Versions/A/libSparse.dylib
0x00007ff80dcbf000 	/System/Library/PrivateFrameworks/LinguisticData.framework/Versions/A/LinguisticData
0x00007ff8050ac000 	/System/Library/PrivateFrameworks/Lexicon.framework/Versions/A/Lexicon
0x00007ff80fb20000 	/usr/lib/libChineseTokenizer.dylib
0x00007ff805810000 	/System/Library/PrivateFrameworks/LanguageModeling.framework/Versions/A/LanguageModeling
0x00007ff80f533000 	/System/Library/PrivateFrameworks/AppleSauce.framework/Versions/A/AppleSauce
0x00007ff80e566000 	/System/Library/PrivateFrameworks/CoreEmoji.framework/Versions/A/CoreEmoji
0x00007ff80f432000 	/usr/lib/libcmph.dylib
0x00007ff80bc4f000 	/System/Library/Frameworks/OpenDirectory.framework/Versions/A/Frameworks/CFOpenDirectory.framework/Versions/A/CFOpenDirectory
0x00007ff80bc43000 	/System/Library/Frameworks/OpenDirectory.framework/Versions/A/OpenDirectory
0x00007ff80fa79000 	/System/Library/PrivateFrameworks/APFS.framework/Versions/A/APFS
0x00007ff80e887000 	/System/Library/Frameworks/SecurityFoundation.framework/Versions/A/SecurityFoundation
0x00007ff80faf4000 	/usr/lib/libutil.dylib
0x00007ff806eed000 	/System/Library/PrivateFrameworks/CoreServicesStore.framework/Versions/A/CoreServicesStore
0x00007ff80faf8000 	/usr/lib/libxslt.1.dylib
0x00007ff80e914000 	/System/Library/PrivateFrameworks/BackgroundTaskManagement.framework/Versions/A/BackgroundTaskManagement
0x00007ff810f68000 	/System/Library/Frameworks/ImageIO.framework/Versions/A/Resources/libRadiance.dylib
0x00007ff810f71000 	/System/Library/Frameworks/ImageIO.framework/Versions/A/Resources/libJPEG.dylib
0x00007ff810ec1000 	/System/Library/Frameworks/ImageIO.framework/Versions/A/Resources/libPng.dylib
0x00007ff810ee2000 	/System/Library/Frameworks/ImageIO.framework/Versions/A/Resources/libTIFF.dylib
0x00007ff810fd1000 	/System/Library/Frameworks/ImageIO.framework/Versions/A/Resources/libGIF.dylib
0x00007ff8107f2000 	/System/Library/Frameworks/ImageIO.framework/Versions/A/Resources/libJP2.dylib
0x00007ff80ff34000 	/usr/lib/libexpat.1.dylib
0x00007ff8107a7000 	/System/Library/PrivateFrameworks/AppleJPEG.framework/Versions/A/AppleJPEG
0x00007ff80d11b000 	/System/Library/PrivateFrameworks/FontServices.framework/libFontParser.dylib
0x00007ff80ac80000 	/System/Library/PrivateFrameworks/RunningBoardServices.framework/Versions/A/RunningBoardServices
0x00007ff81b749000 	/System/Library/PrivateFrameworks/IOSurfaceAccelerator.framework/Versions/A/IOSurfaceAccelerator
0x00007ff8108d5000 	/System/Library/PrivateFrameworks/WatchdogClient.framework/Versions/A/WatchdogClient
0x00007ff8058ff000 	/System/Library/Frameworks/CoreDisplay.framework/Versions/A/CoreDisplay
0x00007ff80d01a000 	/System/Library/Frameworks/CoreMedia.framework/Versions/A/CoreMedia
0x00007ff80ceb7000 	/System/Library/PrivateFrameworks/IOAccelerator.framework/Versions/A/IOAccelerator
0x00007ff80bdcb000 	/System/Library/Frameworks/CoreVideo.framework/Versions/A/CoreVideo
0x00007ff80f585000 	/System/Library/Frameworks/MetalPerformanceShaders.framework/Versions/A/MetalPerformanceShaders
0x00007ff810910000 	/System/Library/Frameworks/VideoToolbox.framework/Versions/A/VideoToolbox
0x00007ff80abc8000 	/System/Library/PrivateFrameworks/BaseBoard.framework/Versions/A/BaseBoard
0x00007ff80a955000 	/System/Library/PrivateFrameworks/ProtocolBuffer.framework/Versions/A/ProtocolBuffer
0x00007ff810f61000 	/System/Library/PrivateFrameworks/GPUWrangler.framework/Versions/A/GPUWrangler
0x00007ff810f44000 	/System/Library/PrivateFrameworks/IOPresentment.framework/Versions/A/IOPresentment
0x00007ff810f6b000 	/System/Library/PrivateFrameworks/DSExternalDisplay.framework/Versions/A/DSExternalDisplay
0x00007ffa1c23a000 	/System/Library/Frameworks/OpenGL.framework/Versions/A/Libraries/libCoreFSCache.dylib
0x00007ffb082db000 	/System/Library/PrivateFrameworks/GPUCompiler.framework/Versions/31001/Libraries/libGPUCompilerUtils.dylib
0x00007ff810fd6000 	/System/Library/PrivateFrameworks/CMCaptureCore.framework/Versions/A/CMCaptureCore
0x00007ff8104e0000 	/System/Library/PrivateFrameworks/AppServerSupport.framework/Versions/A/AppServerSupport
0x00007ff8126bd000 	/System/Library/PrivateFrameworks/perfdata.framework/Versions/A/perfdata
0x00007ff805a2b000 	/System/Library/PrivateFrameworks/AudioToolboxCore.framework/Versions/A/AudioToolboxCore
0x00007ff80cff7000 	/System/Library/PrivateFrameworks/caulk.framework/Versions/A/caulk
0x00007ff811fe1000 	/usr/lib/libAudioStatistics.dylib
0x00007ff909304000 	/System/Library/PrivateFrameworks/SystemPolicy.framework/Versions/A/SystemPolicy
0x00007ff812236000 	/usr/lib/libSMC.dylib
0x00007ff81b080000 	/System/Library/Frameworks/CoreMIDI.framework/Versions/A/CoreMIDI
0x00007ff810e91000 	/usr/lib/libAudioToolboxUtility.dylib
0x00007ff905716000 	/System/Library/PrivateFrameworks/OSAServicesClient.framework/Versions/A/OSAServicesClient
0x00007ff8126ca000 	/usr/lib/libperfcheck.dylib
0x00007ff909d96000 	/usr/lib/libmis.dylib
0x00007ffa1c296000 	/System/Library/Frameworks/OpenGL.framework/Versions/A/Libraries/libGLU.dylib
0x00007ffa1c259000 	/System/Library/Frameworks/OpenGL.framework/Versions/A/Libraries/libGFXShared.dylib
0x00007ffa1c467000 	/System/Library/Frameworks/OpenGL.framework/Versions/A/Libraries/libGL.dylib
0x00007ffa1c262000 	/System/Library/Frameworks/OpenGL.framework/Versions/A/Libraries/libGLImage.dylib
0x00007ffa1c256000 	/System/Library/Frameworks/OpenGL.framework/Versions/A/Libraries/libCVMSPluginSupport.dylib
0x00007ffa1c241000 	/System/Library/Frameworks/OpenGL.framework/Versions/A/Libraries/libCoreVMClient.dylib
0x00007ff80db5a000 	/System/Library/Frameworks/MetalPerformanceShaders.framework/Versions/A/Frameworks/MPSCore.framework/Versions/A/MPSCore
0x00007ff80ef21000 	/System/Library/Frameworks/MetalPerformanceShaders.framework/Versions/A/Frameworks/MPSImage.framework/Versions/A/MPSImage
0x00007ff80e9d0000 	/System/Library/Frameworks/MetalPerformanceShaders.framework/Versions/A/Frameworks/MPSNeuralNetwork.framework/Versions/A/MPSNeuralNetwork
0x00007ff80ee45000 	/System/Library/Frameworks/MetalPerformanceShaders.framework/Versions/A/Frameworks/MPSMatrix.framework/Versions/A/MPSMatrix
0x00007ff80ec01000 	/System/Library/Frameworks/MetalPerformanceShaders.framework/Versions/A/Frameworks/MPSRayIntersector.framework/Versions/A/MPSRayIntersector
0x00007ff80ee7e000 	/System/Library/Frameworks/MetalPerformanceShaders.framework/Versions/A/Frameworks/MPSNDArray.framework/Versions/A/MPSNDArray
0x00007ffa20e5b000 	/System/Library/Frameworks/MetalPerformanceShaders.framework/Versions/A/Frameworks/MPSFunctions.framework/Versions/A/MPSFunctions
0x00007ff804d2d000 	/System/Library/PrivateFrameworks/MetalTools.framework/Versions/A/MetalTools
0x00007ff80dbd4000 	/System/Library/PrivateFrameworks/AggregateDictionary.framework/Versions/A/AggregateDictionary
0x00007ff80fd16000 	/usr/lib/libIOReport.dylib
0x00007ffa1d876000 	/System/Library/Frameworks/OpenCL.framework/Versions/A/OpenCL
0x00007ff81007a000 	/System/Library/PrivateFrameworks/FaceCore.framework/Versions/A/FaceCore
0x00007ff81006b000 	/System/Library/PrivateFrameworks/GraphVisualizer.framework/Versions/A/GraphVisualizer
0x00007ffb081e6000 	/System/Library/PrivateFrameworks/FontServices.framework/Versions/A/FontServices
0x00007ff810497000 	/System/Library/PrivateFrameworks/OTSVG.framework/Versions/A/OTSVG
0x00007ff80b9b3000 	/System/Library/Frameworks/ApplicationServices.framework/Versions/A/Frameworks/ATS.framework/Versions/A/Resources/libFontRegistry.dylib
0x00007ff8104e8000 	/System/Library/PrivateFrameworks/FontServices.framework/libhvf.dylib
0x00007ffb081e7000 	/System/Library/PrivateFrameworks/FontServices.framework/libXTFontStaticRegistryData.dylib
0x00007ff80fee4000 	/System/Library/PrivateFrameworks/AppleVA.framework/Versions/A/AppleVA
0x00007ff812005000 	/System/Library/Frameworks/ApplicationServices.framework/Versions/A/Frameworks/ATS.framework/Versions/A/ATS
0x00007ff80a083000 	/System/Library/Frameworks/ApplicationServices.framework/Versions/A/Frameworks/HIServices.framework/Versions/A/HIServices
0x00007ff810fe0000 	/System/Library/Frameworks/ApplicationServices.framework/Versions/A/Frameworks/PrintCore.framework/Versions/A/PrintCore
0x00007ff812389000 	/System/Library/Frameworks/ApplicationServices.framework/Versions/A/Frameworks/QD.framework/Versions/A/QD
0x00007ff812381000 	/System/Library/Frameworks/ApplicationServices.framework/Versions/A/Frameworks/ColorSyncLegacy.framework/Versions/A/ColorSyncLegacy
0x00007ff811ff5000 	/System/Library/Frameworks/ApplicationServices.framework/Versions/A/Frameworks/SpeechSynthesis.framework/Versions/A/SpeechSynthesis
0x00007ff810fa1000 	/System/Library/Frameworks/ApplicationServices.framework/Versions/A/Frameworks/ATSUI.framework/Versions/A/ATSUI
0x00007ff812316000 	/usr/lib/libcups.2.dylib
0x00007ff8126d9000 	/System/Library/Frameworks/Kerberos.framework/Versions/A/Kerberos
0x00007ff8126e8000 	/System/Library/Frameworks/GSS.framework/Versions/A/GSS
0x00007ff812071000 	/usr/lib/libresolv.9.dylib
0x00007ff8104f7000 	/System/Library/PrivateFrameworks/Heimdal.framework/Versions/A/Heimdal
0x00007ff8191d6000 	/System/Library/Frameworks/Kerberos.framework/Versions/A/Libraries/libHeimdalProxy.dylib
0x00007ff80ad55000 	/System/Library/Frameworks/Network.framework/Versions/A/Network
0x00007ff80ff4e000 	/usr/lib/libheimdal-asn1.dylib
0x00007ff812734000 	/System/Library/PrivateFrameworks/CommonAuth.framework/Versions/A/CommonAuth
0x00007ff811f72000 	/System/Library/PrivateFrameworks/AudioSession.framework/Versions/A/AudioSession
0x00007ff80ffde000 	/System/Library/PrivateFrameworks/MediaExperience.framework/Versions/A/MediaExperience
0x00007ff811e06000 	/System/Library/PrivateFrameworks/AudioSession.framework/libSessionUtility.dylib
0x00007ff812395000 	/System/Library/PrivateFrameworks/AudioResourceArbitration.framework/Versions/A/AudioResourceArbitration
0x00007ff816387000 	/System/Library/PrivateFrameworks/PowerLog.framework/Versions/A/PowerLog
0x00007ff80ff57000 	/System/Library/PrivateFrameworks/IconFoundation.framework/Versions/A/IconFoundation
0x00007ff8151a1000 	/System/Library/PrivateFrameworks/SpeechRecognitionCore.framework/Versions/A/SpeechRecognitionCore
0x00000001012e6000 	/Library/Java/JavaVirtualMachines/jdk-16.0.2.jdk/Contents/Home/lib/server/libjvm.dylib
0x00000001002d0000 	/Library/Java/JavaVirtualMachines/jdk-16.0.2.jdk/Contents/Home/lib/libjimage.dylib
0x000000010031d000 	/Library/Java/JavaVirtualMachines/jdk-16.0.2.jdk/Contents/Home/lib/libjdwp.dylib
0x000000010035f000 	/Library/Java/JavaVirtualMachines/jdk-16.0.2.jdk/Contents/Home/lib/libjava.dylib
0x00000001002ec000 	/Library/Java/JavaVirtualMachines/jdk-16.0.2.jdk/Contents/Home/lib/libinstrument.dylib
0x0000000100661000 	/Library/Java/JavaVirtualMachines/jdk-16.0.2.jdk/Contents/Home/lib/libdt_socket.dylib
0x000000010067b000 	/Library/Java/JavaVirtualMachines/jdk-16.0.2.jdk/Contents/Home/lib/libzip.dylib
0x000000010069d000 	/Library/Java/JavaVirtualMachines/jdk-16.0.2.jdk/Contents/Home/lib/libnio.dylib
0x00000001006cb000 	/Library/Java/JavaVirtualMachines/jdk-16.0.2.jdk/Contents/Home/lib/libnet.dylib
0x00000001006b1000 	/Library/Java/JavaVirtualMachines/jdk-16.0.2.jdk/Contents/Home/lib/libverify.dylib
0x000000010066d000 	/Library/Java/JavaVirtualMachines/jdk-16.0.2.jdk/Contents/Home/lib/libextnet.dylib


VM Arguments:
jvm_args: -XX:+ShowCodeDetailsInExceptionMessages -agentlib:jdwp=transport=dt_socket,suspend=y,address=localhost:55197 -ea -javaagent:/Users/claudiagusti/eclipse/java-2021-06/Eclipse.app/Contents/Eclipse/configuration/org.eclipse.osgi/213/0/.cp/lib/javaagent-shaded.jar -Dfile.encoding=UTF-8 
java_command: org.eclipse.jdt.internal.junit.runner.RemoteTestRunner -version 3 -port 55196 -testLoaderClass org.eclipse.jdt.internal.junit5.runner.JUnit5TestLoader -loaderpluginname org.eclipse.jdt.junit5.runtime -classNames test.csp.CSPTests
java_class_path (initial): /Users/claudiagusti/lmu-cmsi2130-spring2022-homework5-cgusti/bin:/Users/claudiagusti/.p2/pool/plugins/org.junit.jupiter.api_5.7.1.v20210222-1948.jar:/Users/claudiagusti/.p2/pool/plugins/org.junit.jupiter.engine_5.7.1.v20210222-1948.jar:/Users/claudiagusti/.p2/pool/plugins/org.junit.jupiter.migrationsupport_5.7.1.v20210222-1948.jar:/Users/claudiagusti/.p2/pool/plugins/org.junit.jupiter.params_5.7.1.v20210222-1948.jar:/Users/claudiagusti/.p2/pool/plugins/org.junit.platform.commons_1.7.1.v20210222-1948.jar:/Users/claudiagusti/.p2/pool/plugins/org.junit.platform.engine_1.7.1.v20210222-1948.jar:/Users/claudiagusti/.p2/pool/plugins/org.junit.platform.launcher_1.7.1.v20210222-1948.jar:/Users/claudiagusti/.p2/pool/plugins/org.junit.platform.runner_1.7.1.v20210222-1948.jar:/Users/claudiagusti/.p2/pool/plugins/org.junit.platform.suite.api_1.7.1.v20210222-1948.jar:/Users/claudiagusti/.p2/pool/plugins/org.junit.vintage.engine_5.7.1.v20210222-1948.jar:/Users/claudiagusti/.p2/pool/plugins/org.opentest4j_1.2.0.v20190826-0900.jar:/Users/claudiagusti/.p2/pool/plugins/org.apiguardian_1.1.0.v20190826-0900.jar:/Users/claudiagusti/.p2/pool/plugins/org.junit_4.13.0.v20200204-1500.jar:/Users/claudiagusti/.p2/pool/plugins/org.hamcrest.core_1.3.0.v20180420-1519.jar:/Users/claudiagusti/eclipse/java-2021-06/Eclipse.app/Contents/Eclipse/configuration/org.eclipse.osgi/212/0/.cp:/Users/claudiagusti/eclipse/java-2021-06/Eclipse.app/Contents/Eclipse/configuration/org.eclipse.osgi/210/0/.cp
Launcher Type: SUN_STANDARD

[Global flags]
     intx CICompilerCount                          = 12                                        {product} {ergonomic}
     uint ConcGCThreads                            = 3                                         {product} {ergonomic}
     uint G1ConcRefinementThreads                  = 13                                        {product} {ergonomic}
   size_t G1HeapRegionSize                         = 4194304                                   {product} {ergonomic}
    uintx GCDrainStackTargetSize                   = 64                                        {product} {ergonomic}
   size_t InitialHeapSize                          = 536870912                                 {product} {ergonomic}
   size_t MarkStackSize                            = 4194304                                   {product} {ergonomic}
   size_t MaxHeapSize                              = 8589934592                                {product} {ergonomic}
   size_t MaxNewSize                               = 5150605312                                {product} {ergonomic}
   size_t MinHeapDeltaBytes                        = 4194304                                   {product} {ergonomic}
   size_t MinHeapSize                              = 8388608                                   {product} {ergonomic}
    uintx NonNMethodCodeHeapSize                   = 7602480                                {pd product} {ergonomic}
    uintx NonProfiledCodeHeapSize                  = 122027880                              {pd product} {ergonomic}
    uintx ProfiledCodeHeapSize                     = 122027880                              {pd product} {ergonomic}
    uintx ReservedCodeCacheSize                    = 251658240                              {pd product} {ergonomic}
     bool SegmentedCodeCache                       = true                                      {product} {ergonomic}
     bool ShowCodeDetailsInExceptionMessages       = true                                   {manageable} {command line}
   size_t SoftMaxHeapSize                          = 8589934592                             {manageable} {ergonomic}
     bool UseCompressedClassPointers               = true                           {product lp64_product} {ergonomic}
     bool UseCompressedOops                        = true                           {product lp64_product} {ergonomic}
     bool UseG1GC                                  = true                                      {product} {ergonomic}
     bool UseNUMA                                  = false                                     {product} {ergonomic}
     bool UseNUMAInterleaving                      = false                                     {product} {ergonomic}

Logging:
Log output configuration:
 #0: stdout all=warning uptime,level,tags
 #1: stderr all=off uptime,level,tags

Environment Variables:
PATH=/usr/bin:/bin:/usr/sbin:/sbin
SHELL=/bin/zsh

Signal Handlers:
SIGSEGV: [libjvm.dylib+0xa7bdc0], sa_mask[0]=11100110000111110111111111111111, sa_flags=SA_ONSTACK|SA_RESTART|SA_SIGINFO
SIGBUS: [libjvm.dylib+0xa7bdc0], sa_mask[0]=11100110000111110111111111111111, sa_flags=SA_RESTART|SA_SIGINFO
SIGFPE: [libjvm.dylib+0xa7bdc0], sa_mask[0]=11100110000111110111111111111111, sa_flags=SA_RESTART|SA_SIGINFO
SIGPIPE: [libjvm.dylib+0x945be0], sa_mask[0]=11100110000111110111111111111111, sa_flags=SA_RESTART|SA_SIGINFO
SIGXFSZ: [libjvm.dylib+0x945be0], sa_mask[0]=11100110000111110111111111111111, sa_flags=SA_RESTART|SA_SIGINFO
SIGILL: [libjvm.dylib+0xa7bdc0], sa_mask[0]=11100110000111110111111111111111, sa_flags=SA_RESTART|SA_SIGINFO
SIGUSR2: [libjvm.dylib+0x946690], sa_mask[0]=00100000000000000000000000000000, sa_flags=SA_RESTART|SA_SIGINFO
SIGHUP: [libjvm.dylib+0x944c50], sa_mask[0]=11100110000111110111111111111111, sa_flags=SA_RESTART|SA_SIGINFO
SIGINT: [libjvm.dylib+0x944c50], sa_mask[0]=11100110000111110111111111111111, sa_flags=SA_RESTART|SA_SIGINFO
SIGTERM: [libjvm.dylib+0x944c50], sa_mask[0]=11100110000111110111111111111111, sa_flags=SA_RESTART|SA_SIGINFO
SIGQUIT: [libjvm.dylib+0x944c50], sa_mask[0]=11100110000111110111111111111111, sa_flags=SA_RESTART|SA_SIGINFO
SIGTRAP: [libjvm.dylib+0xa7bdc0], sa_mask[0]=11100110000111110111111111111111, sa_flags=SA_RESTART|SA_SIGINFO


---------------  S Y S T E M  ---------------

OS:uname: Darwin 21.3.0 Darwin Kernel Version 21.3.0: Wed Jan  5 21:37:58 PST 2022; root:xnu-8019.80.24~20/RELEASE_X86_64 x86_64
OS uptime: 9 days 4:12 hours
rlimit (soft/hard): STACK 8192k/65532k , CORE 0k/infinity , NPROC 5568/8352 , NOFILE 10240/infinity , AS infinity/infinity , CPU infinity/infinity , DATA infinity/infinity , FSIZE infinity/infinity , MEMLOCK infinity/infinity , RSS infinity/infinity
load average: 1.65 2.22 2.37

CPU: total 16 (initial active 16) (8 cores per cpu, 2 threads per core) family 6 model 158 stepping 13 microcode 0xec, cx8, cmov, fxsr, ht, mmx, 3dnowpref, sse, sse2, sse3, ssse3, sse4.1, sse4.2, popcnt, lzcnt, tsc, tscinvbit, avx, avx2, aes, erms, clmul, bmi1, bmi2, adx, fma, vzeroupper, clflush, clflushopt

Memory: 4k page, physical 33554432k(3498984k free), swap 3145728k(1358080k free)

vm_info: Java HotSpot(TM) 64-Bit Server VM (16.0.2+7-67) for bsd-amd64 JRE (16.0.2+7-67), built on Jun  8 2021 22:22:46 by "mach5one" with clang 4.2.1 Compatible Apple LLVM 11.0.0 (clang-1100.0.33.17)

END.
